<?xml version="1.0" encoding="UTF-8"?>
<coverage generated="1780222453207" clover="3.2.0">
  <project timestamp="1780222453207" name="All files">
    <metrics statements="531" coveredstatements="498" conditionals="283" coveredconditionals="196" methods="189" coveredmethods="169" elements="1003" coveredelements="863" complexity="0" loc="531" ncloc="531" packages="1" files="1" classes="1"/>
    <file name="index.ts" path="/home/runner/work/idb-ts/idb-ts/index.ts">
      <metrics statements="531" coveredstatements="498" conditionals="283" coveredconditionals="196" methods="189" coveredmethods="169"/>
      <line num="1" count="12" type="stmt"/>
      <line num="15" count="38" type="stmt"/>
      <line num="17" count="38" type="stmt"/>
      <line num="30" count="38" type="stmt"/>
      <line num="31" count="38" type="stmt"/>
      <line num="32" count="38" type="stmt"/>
      <line num="36" count="28" type="stmt"/>
      <line num="37" count="28" type="stmt"/>
      <line num="40" count="7" type="stmt"/>
      <line num="41" count="7" type="stmt"/>
      <line num="44" count="18" type="cond" truecount="1" falsecount="1"/>
      <line num="45" count="18" type="stmt"/>
      <line num="46" count="18" type="stmt"/>
      <line num="47" count="18" type="stmt"/>
      <line num="50" count="3" type="cond" truecount="1" falsecount="1"/>
      <line num="51" count="3" type="stmt"/>
      <line num="52" count="3" type="stmt"/>
      <line num="53" count="3" type="stmt"/>
      <line num="56" count="6" type="cond" truecount="1" falsecount="1"/>
      <line num="57" count="6" type="stmt"/>
      <line num="58" count="6" type="stmt"/>
      <line num="59" count="6" type="stmt"/>
      <line num="62" count="2" type="cond" truecount="1" falsecount="1"/>
      <line num="63" count="2" type="stmt"/>
      <line num="64" count="2" type="stmt"/>
      <line num="65" count="2" type="stmt"/>
      <line num="68" count="6" type="cond" truecount="1" falsecount="1"/>
      <line num="69" count="6" type="stmt"/>
      <line num="70" count="6" type="stmt"/>
      <line num="71" count="6" type="stmt"/>
      <line num="74" count="10" type="stmt"/>
      <line num="75" count="10" type="stmt"/>
      <line num="76" count="10" type="stmt"/>
      <line num="79" count="7" type="stmt"/>
      <line num="80" count="7" type="stmt"/>
      <line num="83" count="5" type="stmt"/>
      <line num="84" count="5" type="stmt"/>
      <line num="87" count="6" type="stmt"/>
      <line num="88" count="6" type="stmt"/>
      <line num="91" count="4" type="stmt"/>
      <line num="92" count="4" type="stmt"/>
      <line num="93" count="4" type="stmt"/>
      <line num="97" count="38" type="stmt"/>
      <line num="98" count="38" type="cond" truecount="1" falsecount="1"/>
      <line num="104" count="38" type="stmt"/>
      <line num="107" count="38" type="cond" truecount="2" falsecount="0"/>
      <line num="108" count="6" type="cond" truecount="2" falsecount="0"/>
      <line num="109" count="2" type="stmt"/>
      <line num="114" count="2" type="stmt"/>
      <line num="116" count="4" type="stmt"/>
      <line num="118" count="4" type="cond" truecount="3" falsecount="1"/>
      <line num="119" count="4" type="stmt"/>
      <line num="120" count="0" type="cond" truecount="0" falsecount="2"/>
      <line num="121" count="0" type="stmt"/>
      <line num="122" count="0" type="cond" truecount="0" falsecount="2"/>
      <line num="123" count="0" type="stmt"/>
      <line num="125" count="4" type="stmt"/>
      <line num="127" count="32" type="stmt"/>
      <line num="130" count="36" type="stmt"/>
      <line num="131" count="199" type="stmt"/>
      <line num="132" count="199" type="cond" truecount="2" falsecount="0"/>
      <line num="133" count="163" type="stmt"/>
      <line num="134" count="163" type="stmt"/>
      <line num="135" count="163" type="stmt"/>
      <line num="136" count="165" type="stmt"/>
      <line num="137" count="165" type="cond" truecount="5" falsecount="0"/>
      <line num="139" count="86" type="cond" truecount="2" falsecount="0"/>
      <line num="140" count="86" type="stmt"/>
      <line num="142" count="15" type="cond" truecount="2" falsecount="0"/>
      <line num="143" count="15" type="stmt"/>
      <line num="145" count="28" type="cond" truecount="2" falsecount="0"/>
      <line num="146" count="28" type="stmt"/>
      <line num="148" count="10" type="cond" truecount="2" falsecount="0"/>
      <line num="149" count="10" type="stmt"/>
      <line num="151" count="26" type="cond" truecount="2" falsecount="0"/>
      <line num="152" count="26" type="stmt"/>
      <line num="155" count="163" type="cond" truecount="2" falsecount="0"/>
      <line num="156" count="163" type="stmt"/>
      <line num="159" count="36" type="cond" truecount="2" falsecount="0"/>
      <line num="160" count="10" type="stmt"/>
      <line num="161" count="40" type="stmt"/>
      <line num="162" count="40" type="stmt"/>
      <line num="163" count="40" type="cond" truecount="4" falsecount="0"/>
      <line num="164" count="31" type="cond" truecount="3" falsecount="1"/>
      <line num="165" count="0" type="stmt"/>
      <line num="169" count="36" type="cond" truecount="2" falsecount="0"/>
      <line num="170" count="5" type="stmt"/>
      <line num="171" count="36" type="cond" truecount="2" falsecount="0"/>
      <line num="172" count="7" type="stmt"/>
      <line num="173" count="36" type="stmt"/>
      <line num="176" count="36" type="stmt"/>
      <line num="213" count="12" type="stmt"/>
      <line num="214" count="12" type="stmt"/>
      <line num="225" count="4" type="stmt"/>
      <line num="228" count="124" type="stmt"/>
      <line num="229" count="124" type="cond" truecount="2" falsecount="0"/>
      <line num="230" count="124" type="stmt"/>
      <line num="236" count="2" type="stmt"/>
      <line num="240" count="5" type="stmt"/>
      <line num="246" count="31" type="stmt"/>
      <line num="247" count="31" type="stmt"/>
      <line num="251" count="31" type="cond" truecount="2" falsecount="0"/>
      <line num="252" count="31" type="stmt"/>
      <line num="253" count="31" type="stmt"/>
      <line num="259" count="31" type="stmt"/>
      <line num="263" count="31" type="stmt"/>
      <line num="272" count="2" type="stmt"/>
      <line num="273" count="2" type="stmt"/>
      <line num="277" count="2" type="stmt"/>
      <line num="282" count="20" type="stmt"/>
      <line num="283" count="20" type="stmt"/>
      <line num="284" count="20" type="cond" truecount="2" falsecount="0"/>
      <line num="285" count="20" type="stmt"/>
      <line num="289" count="20" type="stmt"/>
      <line num="297" count="3" type="stmt"/>
      <line num="298" count="3" type="stmt"/>
      <line num="299" count="3" type="cond" truecount="2" falsecount="0"/>
      <line num="300" count="3" type="stmt"/>
      <line num="304" count="3" type="stmt"/>
      <line num="309" count="2" type="stmt"/>
      <line num="310" count="2" type="cond" truecount="3" falsecount="1"/>
      <line num="311" count="0" type="stmt"/>
      <line num="314" count="2" type="stmt"/>
      <line num="320" count="2" type="stmt"/>
      <line num="329" count="31" type="stmt"/>
      <line num="330" count="31" type="stmt"/>
      <line num="334" count="31" type="cond" truecount="2" falsecount="0"/>
      <line num="335" count="1" type="stmt"/>
      <line num="341" count="30" type="cond" truecount="2" falsecount="0"/>
      <line num="342" count="30" type="cond" truecount="2" falsecount="0"/>
      <line num="343" count="1" type="stmt"/>
      <line num="348" count="29" type="cond" truecount="2" falsecount="0"/>
      <line num="349" count="29" type="stmt"/>
      <line num="350" count="29" type="stmt"/>
      <line num="388" count="41" type="stmt"/>
      <line num="389" count="41" type="stmt"/>
      <line num="391" count="41" type="stmt"/>
      <line num="392" count="41" type="stmt"/>
      <line num="400" count="41" type="stmt"/>
      <line num="401" count="59" type="cond" truecount="2" falsecount="0"/>
      <line num="402" count="2" type="stmt"/>
      <line num="404" count="39" type="stmt"/>
      <line num="405" count="39" type="stmt"/>
      <line num="406" count="39" type="stmt"/>
      <line num="408" count="56" type="stmt"/>
      <line num="411" count="56" type="cond" truecount="6" falsecount="0"/>
      <line num="412" count="54" type="stmt"/>
      <line num="415" count="2" type="stmt"/>
      <line num="428" count="56" type="stmt"/>
      <line num="434" count="39" type="stmt"/>
      <line num="435" count="56" type="cond" truecount="1" falsecount="1"/>
      <line num="437" count="39" type="stmt"/>
      <line num="444" count="40" type="stmt"/>
      <line num="445" count="38" type="stmt"/>
      <line num="446" count="38" type="stmt"/>
      <line num="447" count="38" type="stmt"/>
      <line num="451" count="38" type="stmt"/>
      <line num="452" count="38" type="stmt"/>
      <line num="454" count="38" type="stmt"/>
      <line num="455" count="38" type="stmt"/>
      <line num="456" count="38" type="stmt"/>
      <line num="457" count="38" type="cond" truecount="1" falsecount="1"/>
      <line num="459" count="38" type="stmt"/>
      <line num="464" count="38" type="stmt"/>
      <line num="465" count="55" type="stmt"/>
      <line num="469" count="55" type="cond" truecount="2" falsecount="0"/>
      <line num="470" count="55" type="cond" truecount="1" falsecount="1"/>
      <line num="472" count="55" type="stmt"/>
      <line num="475" count="55" type="cond" truecount="1" falsecount="1"/>
      <line num="476" count="55" type="cond" truecount="1" falsecount="1"/>
      <line num="477" count="55" type="stmt"/>
      <line num="482" count="55" type="stmt"/>
      <line num="484" count="55" type="cond" truecount="1" falsecount="1"/>
      <line num="485" count="55" type="stmt"/>
      <line num="488" count="55" type="cond" truecount="6" falsecount="0"/>
      <line num="489" count="1" type="stmt"/>
      <line num="493" count="55" type="stmt"/>
      <line num="495" count="55" type="stmt"/>
      <line num="497" count="79" type="cond" truecount="1" falsecount="1"/>
      <line num="501" count="79" type="cond" truecount="1" falsecount="1"/>
      <line num="505" count="79" type="cond" truecount="1" falsecount="1"/>
      <line num="506" count="79" type="stmt"/>
      <line num="511" count="0" type="stmt"/>
      <line num="514" count="0" type="stmt"/>
      <line num="515" count="0" type="cond" truecount="0" falsecount="2"/>
      <line num="516" count="0" type="stmt"/>
      <line num="518" count="0" type="stmt"/>
      <line num="520" count="0" type="cond" truecount="0" falsecount="2"/>
      <line num="524" count="0" type="cond" truecount="0" falsecount="2"/>
      <line num="528" count="0" type="cond" truecount="0" falsecount="2"/>
      <line num="529" count="0" type="stmt"/>
      <line num="530" count="0" type="stmt"/>
      <line num="539" count="38" type="stmt"/>
      <line num="540" count="38" type="stmt"/>
      <line num="541" count="38" type="stmt"/>
      <line num="542" count="55" type="cond" truecount="1" falsecount="1"/>
      <line num="544" count="38" type="stmt"/>
      <line num="545" count="38" type="stmt"/>
      <line num="548" count="38" type="stmt"/>
      <line num="549" count="0" type="stmt"/>
      <line num="550" count="0" type="stmt"/>
      <line num="556" count="38" type="stmt"/>
      <line num="557" count="55" type="stmt"/>
      <line num="558" count="55" type="stmt"/>
      <line num="561" count="55" type="stmt"/>
      <line num="564" count="55" type="stmt"/>
      <line num="574" count="38" type="cond" truecount="2" falsecount="0"/>
      <line num="575" count="37" type="stmt"/>
      <line num="578" count="1" type="stmt"/>
      <line num="579" count="1" type="stmt"/>
      <line num="580" count="1" type="stmt"/>
      <line num="581" count="1" type="stmt"/>
      <line num="582" count="3" type="stmt"/>
      <line num="583" count="3" type="stmt"/>
      <line num="584" count="3" type="stmt"/>
      <line num="586" count="1" type="stmt"/>
      <line num="589" count="2" type="stmt"/>
      <line num="590" count="1" type="stmt"/>
      <line num="591" count="1" type="stmt"/>
      <line num="596" count="38" type="stmt"/>
      <line num="597" count="38" type="cond" truecount="5" falsecount="0"/>
      <line num="598" count="37" type="stmt"/>
      <line num="601" count="1" type="stmt"/>
      <line num="604" count="1" type="stmt"/>
      <line num="605" count="1" type="stmt"/>
      <line num="606" count="6" type="stmt"/>
      <line num="611" count="7" type="cond" truecount="1" falsecount="1"/>
      <line num="616" count="0" type="stmt"/>
      <line num="619" count="7" type="stmt"/>
      <line num="620" count="7" type="stmt"/>
      <line num="621" count="7" type="stmt"/>
      <line num="622" count="7" type="stmt"/>
      <line num="623" count="14" type="stmt"/>
      <line num="625" count="7" type="stmt"/>
      <line num="627" count="7" type="stmt"/>
      <line num="636" count="14" type="cond" truecount="1" falsecount="1"/>
      <line num="637" count="0" type="stmt"/>
      <line num="640" count="14" type="stmt"/>
      <line num="641" count="14" type="stmt"/>
      <line num="642" count="14" type="stmt"/>
      <line num="643" count="14" type="stmt"/>
      <line num="644" count="14" type="stmt"/>
      <line num="645" count="14" type="stmt"/>
      <line num="647" count="14" type="stmt"/>
      <line num="648" count="27" type="stmt"/>
      <line num="649" count="27" type="cond" truecount="2" falsecount="0"/>
      <line num="650" count="14" type="stmt"/>
      <line num="653" count="13" type="stmt"/>
      <line num="654" count="13" type="cond" truecount="3" falsecount="1"/>
      <line num="655" count="13" type="stmt"/>
      <line num="661" count="13" type="cond" truecount="4" falsecount="0"/>
      <line num="662" count="3" type="stmt"/>
      <line num="663" count="3" type="stmt"/>
      <line num="664" count="3" type="stmt"/>
      <line num="667" count="3" type="stmt"/>
      <line num="669" count="3" type="stmt"/>
      <line num="670" count="0" type="stmt"/>
      <line num="674" count="3" type="stmt"/>
      <line num="677" count="10" type="stmt"/>
      <line num="680" count="14" type="stmt"/>
      <line num="681" count="14" type="stmt"/>
      <line num="682" count="0" type="stmt"/>
      <line num="686" count="14" type="stmt"/>
      <line num="687" count="0" type="stmt"/>
      <line num="692" count="0" type="stmt"/>
      <line num="701" count="72" type="stmt"/>
      <line num="702" count="72" type="stmt"/>
      <line num="703" count="72" type="stmt"/>
      <line num="704" count="72" type="cond" truecount="2" falsecount="0"/>
      <line num="707" count="72" type="stmt"/>
      <line num="708" count="153" type="stmt"/>
      <line num="710" count="153" type="stmt"/>
      <line num="711" count="12" type="stmt"/>
      <line num="712" count="12" type="stmt"/>
      <line num="714" count="12" type="stmt"/>
      <line num="715" count="12" type="stmt"/>
      <line num="717" count="0" type="stmt"/>
      <line num="720" count="12" type="cond" truecount="2" falsecount="0"/>
      <line num="721" count="4" type="stmt"/>
      <line num="725" count="153" type="cond" truecount="2" falsecount="0"/>
      <line num="726" count="2" type="stmt"/>
      <line num="732" count="72" type="stmt"/>
      <line num="733" count="9" type="stmt"/>
      <line num="737" count="9" type="cond" truecount="7" falsecount="3"/>
      <line num="739" count="9" type="stmt"/>
      <line num="741" count="9" type="cond" truecount="2" falsecount="0"/>
      <line num="742" count="1" type="stmt"/>
      <line num="745" count="8" type="cond" truecount="3" falsecount="1"/>
      <line num="747" count="3" type="stmt"/>
      <line num="749" count="1" type="stmt"/>
      <line num="751" count="4" type="stmt"/>
      <line num="753" count="0" type="stmt"/>
      <line num="757" count="72" type="stmt"/>
      <line num="758" count="151" type="stmt"/>
      <line num="759" count="151" type="cond" truecount="2" falsecount="0"/>
      <line num="763" count="151" type="stmt"/>
      <line num="765" count="151" type="stmt"/>
      <line num="768" count="72" type="stmt"/>
      <line num="772" count="7" type="stmt"/>
      <line num="773" count="7" type="stmt"/>
      <line num="774" count="7" type="stmt"/>
      <line num="775" count="7" type="stmt"/>
      <line num="779" count="72" type="stmt"/>
      <line num="783" count="144" type="stmt"/>
      <line num="784" count="144" type="stmt"/>
      <line num="785" count="144" type="stmt"/>
      <line num="786" count="144" type="stmt"/>
      <line num="790" count="72" type="stmt"/>
      <line num="793" count="7" type="stmt"/>
      <line num="794" count="7" type="stmt"/>
      <line num="797" count="7" type="cond" truecount="3" falsecount="1"/>
      <line num="798" count="7" type="stmt"/>
      <line num="801" count="7" type="stmt"/>
      <line num="803" count="7" type="stmt"/>
      <line num="804" count="7" type="stmt"/>
      <line num="805" count="7" type="stmt"/>
      <line num="806" count="7" type="stmt"/>
      <line num="810" count="72" type="stmt"/>
      <line num="814" count="32" type="stmt"/>
      <line num="815" count="32" type="stmt"/>
      <line num="816" count="32" type="stmt"/>
      <line num="817" count="32" type="stmt"/>
      <line num="822" count="72" type="stmt"/>
      <line num="823" count="17" type="stmt"/>
      <line num="827" count="17" type="cond" truecount="1" falsecount="1"/>
      <line num="829" count="17" type="stmt"/>
      <line num="831" count="17" type="cond" truecount="2" falsecount="0"/>
      <line num="833" count="2" type="stmt"/>
      <line num="836" count="16" type="stmt"/>
      <line num="841" count="72" type="stmt"/>
      <line num="842" count="9" type="stmt"/>
      <line num="846" count="9" type="cond" truecount="1" falsecount="1"/>
      <line num="848" count="9" type="stmt"/>
      <line num="850" count="9" type="cond" truecount="1" falsecount="1"/>
      <line num="851" count="9" type="stmt"/>
      <line num="856" count="72" type="stmt"/>
      <line num="858" count="38" type="cond" truecount="1" falsecount="1"/>
      <line num="859" count="38" type="stmt"/>
      <line num="860" count="38" type="stmt"/>
      <line num="863" count="145" type="stmt"/>
      <line num="865" count="145" type="stmt"/>
      <line num="869" count="145" type="cond" truecount="2" falsecount="0"/>
      <line num="873" count="9" type="stmt"/>
      <line num="874" count="9" type="cond" truecount="1" falsecount="1"/>
      <line num="879" count="9" type="stmt"/>
      <line num="880" count="9" type="cond" truecount="1" falsecount="1"/>
      <line num="881" count="9" type="stmt"/>
      <line num="886" count="145" type="stmt"/>
      <line num="887" count="144" type="stmt"/>
      <line num="889" count="144" type="stmt"/>
      <line num="893" count="144" type="stmt"/>
      <line num="894" count="144" type="stmt"/>
      <line num="901" count="2" type="stmt"/>
      <line num="902" count="2" type="stmt"/>
      <line num="903" count="2" type="stmt"/>
      <line num="904" count="5" type="stmt"/>
      <line num="908" count="37" type="stmt"/>
      <line num="909" count="37" type="stmt"/>
      <line num="913" count="37" type="stmt"/>
      <line num="914" count="37" type="stmt"/>
      <line num="915" count="37" type="stmt"/>
      <line num="916" count="37" type="stmt"/>
      <line num="917" count="37" type="stmt"/>
      <line num="919" count="37" type="stmt"/>
      <line num="926" count="8" type="stmt"/>
      <line num="927" count="8" type="stmt"/>
      <line num="929" count="7" type="stmt"/>
      <line num="933" count="7" type="stmt"/>
      <line num="934" count="7" type="stmt"/>
      <line num="941" count="2" type="stmt"/>
      <line num="942" count="2" type="stmt"/>
      <line num="943" count="2" type="stmt"/>
      <line num="944" count="4" type="stmt"/>
      <line num="948" count="32" type="stmt"/>
      <line num="949" count="32" type="stmt"/>
      <line num="953" count="32" type="stmt"/>
      <line num="954" count="32" type="stmt"/>
      <line num="963" count="2" type="stmt"/>
      <line num="964" count="2" type="stmt"/>
      <line num="965" count="2" type="stmt"/>
      <line num="966" count="2" type="stmt"/>
      <line num="972" count="1" type="stmt"/>
      <line num="973" count="1" type="stmt"/>
      <line num="974" count="1" type="stmt"/>
      <line num="975" count="1" type="cond" truecount="3" falsecount="1"/>
      <line num="976" count="1" type="stmt"/>
      <line num="977" count="1" type="stmt"/>
      <line num="978" count="1" type="stmt"/>
      <line num="981" count="1" type="cond" truecount="2" falsecount="0"/>
      <line num="984" count="1" type="stmt"/>
      <line num="987" count="17" type="stmt"/>
      <line num="988" count="17" type="stmt"/>
      <line num="992" count="17" type="stmt"/>
      <line num="993" count="17" type="stmt"/>
      <line num="994" count="17" type="stmt"/>
      <line num="995" count="17" type="stmt"/>
      <line num="996" count="17" type="stmt"/>
      <line num="998" count="17" type="stmt"/>
      <line num="1005" count="2" type="stmt"/>
      <line num="1006" count="2" type="stmt"/>
      <line num="1010" count="2" type="stmt"/>
      <line num="1011" count="2" type="stmt"/>
      <line num="1012" count="2" type="stmt"/>
      <line num="1013" count="2" type="stmt"/>
      <line num="1014" count="2" type="stmt"/>
      <line num="1018" count="2" type="stmt"/>
      <line num="1022" count="2" type="stmt"/>
      <line num="1024" count="2" type="stmt"/>
      <line num="1031" count="11" type="stmt"/>
      <line num="1032" count="11" type="stmt"/>
      <line num="1036" count="11" type="cond" truecount="2" falsecount="0"/>
      <line num="1037" count="2" type="stmt"/>
      <line num="1042" count="9" type="stmt"/>
      <line num="1043" count="9" type="stmt"/>
      <line num="1044" count="9" type="stmt"/>
      <line num="1045" count="9" type="stmt"/>
      <line num="1046" count="9" type="stmt"/>
      <line num="1050" count="9" type="stmt"/>
      <line num="1052" count="9" type="stmt"/>
      <line num="1062" count="4" type="stmt"/>
      <line num="1063" count="4" type="stmt"/>
      <line num="1067" count="4" type="cond" truecount="2" falsecount="0"/>
      <line num="1068" count="1" type="stmt"/>
      <line num="1073" count="3" type="stmt"/>
      <line num="1074" count="3" type="stmt"/>
      <line num="1075" count="3" type="stmt"/>
      <line num="1076" count="3" type="stmt"/>
      <line num="1077" count="3" type="stmt"/>
      <line num="1081" count="3" type="stmt"/>
      <line num="1083" count="3" type="stmt"/>
      <line num="1090" count="3" type="stmt"/>
      <line num="1091" count="3" type="stmt"/>
      <line num="1095" count="3" type="stmt"/>
      <line num="1096" count="3" type="stmt"/>
      <line num="1097" count="3" type="stmt"/>
      <line num="1098" count="3" type="stmt"/>
      <line num="1099" count="3" type="stmt"/>
      <line num="1101" count="3" type="stmt"/>
      <line num="1108" count="2" type="stmt"/>
      <line num="1109" count="2" type="stmt"/>
      <line num="1113" count="2" type="stmt"/>
      <line num="1114" count="2" type="stmt"/>
      <line num="1115" count="2" type="stmt"/>
      <line num="1116" count="2" type="stmt"/>
      <line num="1117" count="2" type="stmt"/>
      <line num="1121" count="2" type="stmt"/>
      <line num="1123" count="2" type="stmt"/>
      <line num="1130" count="16" type="stmt"/>
      <line num="1131" count="16" type="stmt"/>
      <line num="1135" count="16" type="stmt"/>
      <line num="1136" count="16" type="stmt"/>
      <line num="1137" count="16" type="stmt"/>
      <line num="1138" count="16" type="stmt"/>
      <line num="1139" count="16" type="stmt"/>
      <line num="1141" count="16" type="stmt"/>
      <line num="1156" count="276" type="cond" truecount="4" falsecount="0"/>
      <line num="1157" count="1" type="stmt"/>
      <line num="1160" count="275" type="stmt"/>
      <line num="1162" count="275" type="cond" truecount="4" falsecount="0"/>
      <line num="1163" count="275" type="stmt"/>
      <line num="1165" count="275" type="stmt"/>
      <line num="1172" count="4" type="cond" truecount="1" falsecount="1"/>
      <line num="1173" count="0" type="stmt"/>
      <line num="1176" count="4" type="stmt"/>
      <line num="1177" count="4" type="stmt"/>
      <line num="1178" count="18" type="stmt"/>
      <line num="1179" count="10" type="cond" truecount="1" falsecount="1"/>
      <line num="1180" count="0" type="stmt"/>
      <line num="1185" count="10" type="stmt"/>
      <line num="1188" count="4" type="stmt"/>
      <line num="1189" count="4" type="stmt"/>
      <line num="1191" count="4" type="stmt"/>
      <line num="1192" count="4" type="stmt"/>
      <line num="1193" count="4" type="stmt"/>
      <line num="1194" count="2" type="cond" truecount="1" falsecount="1"/>
      <line num="1195" count="2" type="stmt"/>
      <line num="1196" count="2" type="stmt"/>
      <line num="1199" count="0" type="cond" truecount="0" falsecount="4"/>
      <line num="1201" count="4" type="stmt"/>
      <line num="1202" count="0" type="cond" truecount="0" falsecount="2"/>
      <line num="1203" count="0" type="stmt"/>
      <line num="1204" count="0" type="stmt"/>
      <line num="1207" count="0" type="cond" truecount="0" falsecount="4"/>
      <line num="1211" count="4" type="stmt"/>
      <line num="1214" count="4" type="stmt"/>
      <line num="1215" count="18" type="stmt"/>
      <line num="1216" count="10" type="cond" truecount="1" falsecount="1"/>
      <line num="1217" count="10" type="stmt"/>
      <line num="1224" count="4" type="stmt"/>
      <line num="1225" count="2" type="cond" truecount="1" falsecount="1"/>
      <line num="1226" count="2" type="stmt"/>
      <line num="1229" count="2" type="stmt"/>
      <line num="1232" count="4" type="stmt"/>
      <line num="1233" count="2" type="stmt"/>
      <line num="1234" count="2" type="stmt"/>
      <line num="1235" count="2" type="stmt"/>
      <line num="1240" count="2" type="stmt"/>
      <line num="1243" count="4" type="stmt"/>
      <line num="1247" count="2" type="stmt"/>
      <line num="1250" count="2" type="stmt"/>
      <line num="1258" count="2" type="stmt"/>
      <line num="1259" count="6" type="stmt"/>
      <line num="1263" count="2" type="stmt"/>
      <line num="1264" count="2" type="stmt"/>
      <line num="1265" count="1" type="stmt"/>
      <line num="1266" count="1" type="stmt"/>
      <line num="1268" count="1" type="stmt"/>
      <line num="1269" count="1" type="stmt"/>
      <line num="1274" count="7" type="cond" truecount="2" falsecount="0"/>
      <line num="1275" count="1" type="stmt"/>
      <line num="1276" count="1" type="stmt"/>
      <line num="1279" count="7" type="cond" truecount="1" falsecount="1"/>
      <line num="1280" count="7" type="stmt"/>
      <line num="1281" count="7" type="stmt"/>
      <line num="1286" count="1" type="stmt"/>
      <line num="1290" count="1" type="stmt"/>
      <line num="1294" count="1" type="stmt"/>
      <line num="1295" count="1" type="stmt"/>
      <line num="1296" count="4" type="cond" truecount="1" falsecount="1"/>
      <line num="1297" count="4" type="stmt"/>
      <line num="1299" count="1" type="stmt"/>
      <line num="1303" count="14" type="stmt"/>
      <line num="1304" count="5" type="cond" truecount="3" falsecount="1"/>
      <line num="1309" count="12" type="stmt"/>
      <line num="1310" count="12" type="stmt"/>
      <line num="1311" count="12" type="stmt"/>
      <line num="1312" count="12" type="stmt"/>
      <line num="1313" count="12" type="stmt"/>
      <line num="1314" count="12" type="stmt"/>
      <line num="1315" count="12" type="stmt"/>
      <line num="1317" count="12" type="stmt"/>
    </file>
  </project>
</coverage>
