<?xml version="1.0" encoding="UTF-8"?>
<coverage generated="1783995831006" clover="3.2.0">
  <project timestamp="1783995831006" name="All files">
    <metrics statements="771" coveredstatements="663" conditionals="418" coveredconditionals="310" methods="290" coveredmethods="242" elements="1479" coveredelements="1215" complexity="0" loc="771" ncloc="771" packages="1" files="1" classes="1"/>
    <file name="index.ts" path="/home/runner/work/idb-ts/idb-ts/index.ts">
      <metrics statements="771" coveredstatements="663" conditionals="418" coveredconditionals="310" methods="290" coveredmethods="242"/>
      <line num="1" count="16" type="stmt"/>
      <line num="211" count="52" type="stmt"/>
      <line num="212" count="52" type="stmt"/>
      <line num="222" count="23" type="stmt"/>
      <line num="223" count="23" type="stmt"/>
      <line num="224" count="23" type="stmt"/>
      <line num="235" count="3" type="stmt"/>
      <line num="236" count="3" type="stmt"/>
      <line num="237" count="3" type="stmt"/>
      <line num="248" count="7" type="stmt"/>
      <line num="249" count="7" type="stmt"/>
      <line num="250" count="7" type="stmt"/>
      <line num="261" count="2" type="stmt"/>
      <line num="262" count="2" type="stmt"/>
      <line num="263" count="2" type="stmt"/>
      <line num="274" count="6" type="stmt"/>
      <line num="275" count="6" type="stmt"/>
      <line num="276" count="6" type="stmt"/>
      <line num="290" count="1" type="stmt"/>
      <line num="291" count="1" type="stmt"/>
      <line num="292" count="1" type="stmt"/>
      <line num="306" count="1" type="stmt"/>
      <line num="307" count="1" type="stmt"/>
      <line num="308" count="1" type="stmt"/>
      <line num="328" count="2" type="stmt"/>
      <line num="329" count="2" type="stmt"/>
      <line num="330" count="2" type="stmt"/>
      <line num="345" count="1" type="stmt"/>
      <line num="346" count="1" type="stmt"/>
      <line num="347" count="1" type="stmt"/>
      <line num="362" count="1" type="stmt"/>
      <line num="363" count="1" type="stmt"/>
      <line num="364" count="1" type="stmt"/>
      <line num="380" count="1" type="stmt"/>
      <line num="381" count="1" type="stmt"/>
      <line num="382" count="1" type="stmt"/>
      <line num="392" count="1" type="stmt"/>
      <line num="393" count="1" type="stmt"/>
      <line num="394" count="1" type="stmt"/>
      <line num="404" count="1" type="stmt"/>
      <line num="405" count="1" type="stmt"/>
      <line num="406" count="1" type="stmt"/>
      <line num="420" count="1" type="stmt"/>
      <line num="421" count="1" type="stmt"/>
      <line num="422" count="1" type="stmt"/>
      <line num="436" count="1" type="stmt"/>
      <line num="437" count="1" type="stmt"/>
      <line num="438" count="1" type="stmt"/>
      <line num="450" count="0" type="stmt"/>
      <line num="451" count="0" type="stmt"/>
      <line num="461" count="0" type="stmt"/>
      <line num="462" count="0" type="stmt"/>
      <line num="502" count="61" type="stmt"/>
      <line num="504" count="61" type="stmt"/>
      <line num="512" count="61" type="stmt"/>
      <line num="520" count="61" type="stmt"/>
      <line num="521" count="61" type="stmt"/>
      <line num="522" count="61" type="stmt"/>
      <line num="561" count="53" type="cond" truecount="2" falsecount="0"/>
      <line num="562" count="1" type="stmt"/>
      <line num="563" count="1" type="stmt"/>
      <line num="566" count="52" type="stmt"/>
      <line num="567" count="52" type="stmt"/>
      <line num="584" count="8" type="stmt"/>
      <line num="598" count="2" type="stmt"/>
      <line num="599" count="2" type="stmt"/>
      <line num="606" count="1" type="stmt"/>
      <line num="611" count="1" type="cond" truecount="3" falsecount="1"/>
      <line num="613" count="1" type="cond" truecount="1" falsecount="1"/>
      <line num="614" count="1" type="stmt"/>
      <line num="615" count="1" type="stmt"/>
      <line num="625" count="53" type="stmt"/>
      <line num="639" count="52" type="stmt"/>
      <line num="646" count="53" type="cond" truecount="2" falsecount="0"/>
      <line num="647" count="53" type="stmt"/>
      <line num="648" count="53" type="stmt"/>
      <line num="653" count="0" type="cond" truecount="0" falsecount="2"/>
      <line num="654" count="0" type="stmt"/>
      <line num="657" count="0" type="stmt"/>
      <line num="658" count="0" type="stmt"/>
      <line num="659" count="0" type="stmt"/>
      <line num="664" count="0" type="stmt"/>
      <line num="665" count="0" type="stmt"/>
      <line num="666" count="0" type="stmt"/>
      <line num="674" count="0" type="stmt"/>
      <line num="682" count="0" type="stmt"/>
      <line num="690" count="0" type="stmt"/>
      <line num="698" count="0" type="stmt"/>
      <line num="706" count="0" type="stmt"/>
      <line num="714" count="0" type="stmt"/>
      <line num="722" count="0" type="stmt"/>
      <line num="730" count="0" type="stmt"/>
      <line num="738" count="0" type="stmt"/>
      <line num="747" count="0" type="stmt"/>
      <line num="756" count="0" type="stmt"/>
      <line num="764" count="0" type="stmt"/>
      <line num="772" count="0" type="stmt"/>
      <line num="780" count="0" type="stmt"/>
      <line num="788" count="0" type="stmt"/>
      <line num="799" count="10" type="stmt"/>
      <line num="800" count="10" type="stmt"/>
      <line num="801" count="10" type="stmt"/>
      <line num="811" count="7" type="stmt"/>
      <line num="812" count="7" type="stmt"/>
      <line num="823" count="5" type="stmt"/>
      <line num="824" count="5" type="stmt"/>
      <line num="838" count="8" type="stmt"/>
      <line num="839" count="8" type="stmt"/>
      <line num="857" count="8" type="stmt"/>
      <line num="858" count="8" type="stmt"/>
      <line num="859" count="8" type="stmt"/>
      <line num="877" count="1" type="stmt"/>
      <line num="878" count="1" type="stmt"/>
      <line num="885" count="60" type="cond" truecount="1" falsecount="1"/>
      <line num="891" count="60" type="stmt"/>
      <line num="892" count="56" type="stmt"/>
      <line num="893" count="56" type="cond" truecount="3" falsecount="1"/>
      <line num="894" count="56" type="stmt"/>
      <line num="900" count="60" type="cond" truecount="2" falsecount="0"/>
      <line num="901" count="52" type="cond" truecount="4" falsecount="0"/>
      <line num="902" count="2" type="stmt"/>
      <line num="910" count="50" type="stmt"/>
      <line num="913" count="8" type="cond" truecount="2" falsecount="0"/>
      <line num="914" count="2" type="stmt"/>
      <line num="919" count="6" type="stmt"/>
      <line num="921" count="6" type="cond" truecount="3" falsecount="1"/>
      <line num="922" count="6" type="stmt"/>
      <line num="923" count="0" type="cond" truecount="0" falsecount="2"/>
      <line num="924" count="0" type="stmt"/>
      <line num="925" count="0" type="cond" truecount="0" falsecount="2"/>
      <line num="926" count="0" type="stmt"/>
      <line num="929" count="6" type="cond" truecount="1" falsecount="1"/>
      <line num="934" count="236" type="cond" truecount="2" falsecount="0"/>
      <line num="935" count="4" type="stmt"/>
      <line num="938" count="232" type="stmt"/>
      <line num="939" count="232" type="cond" truecount="15" falsecount="0"/>
      <line num="941" count="105" type="stmt"/>
      <line num="943" count="15" type="stmt"/>
      <line num="945" count="32" type="stmt"/>
      <line num="947" count="10" type="stmt"/>
      <line num="949" count="26" type="stmt"/>
      <line num="951" count="4" type="stmt"/>
      <line num="955" count="4" type="stmt"/>
      <line num="959" count="8" type="cond" truecount="2" falsecount="0"/>
      <line num="960" count="4" type="stmt"/>
      <line num="963" count="4" type="cond" truecount="2" falsecount="0"/>
      <line num="966" count="4" type="cond" truecount="1" falsecount="1"/>
      <line num="969" count="4" type="cond" truecount="2" falsecount="0"/>
      <line num="972" count="4" type="stmt"/>
      <line num="973" count="4" type="cond" truecount="2" falsecount="0"/>
      <line num="976" count="4" type="stmt"/>
      <line num="977" count="4" type="cond" truecount="2" falsecount="0"/>
      <line num="980" count="4" type="cond" truecount="2" falsecount="0"/>
      <line num="982" count="4" type="cond" truecount="2" falsecount="0"/>
      <line num="984" count="4" type="stmt"/>
      <line num="987" count="7" type="stmt"/>
      <line num="990" count="4" type="stmt"/>
      <line num="993" count="5" type="stmt"/>
      <line num="1000" count="244" type="cond" truecount="2" falsecount="0"/>
      <line num="1001" count="64" type="stmt"/>
      <line num="1004" count="180" type="stmt"/>
      <line num="1006" count="180" type="stmt"/>
      <line num="1007" count="56" type="stmt"/>
      <line num="1008" count="56" type="stmt"/>
      <line num="1009" count="56" type="stmt"/>
      <line num="1013" count="180" type="stmt"/>
      <line num="1018" count="60" type="stmt"/>
      <line num="1019" count="56" type="stmt"/>
      <line num="1020" count="240" type="stmt"/>
      <line num="1026" count="51" type="cond" truecount="2" falsecount="0"/>
      <line num="1027" count="41" type="stmt"/>
      <line num="1030" count="10" type="stmt"/>
      <line num="1031" count="40" type="stmt"/>
      <line num="1032" count="40" type="stmt"/>
      <line num="1033" count="40" type="cond" truecount="4" falsecount="0"/>
      <line num="1034" count="31" type="cond" truecount="3" falsecount="1"/>
      <line num="1035" count="0" type="stmt"/>
      <line num="1041" count="51" type="stmt"/>
      <line num="1042" count="51" type="cond" truecount="2" falsecount="0"/>
      <line num="1043" count="5" type="stmt"/>
      <line num="1045" count="51" type="cond" truecount="2" falsecount="0"/>
      <line num="1046" count="7" type="stmt"/>
      <line num="1048" count="51" type="stmt"/>
      <line num="1056" count="4" type="stmt"/>
      <line num="1057" count="4" type="cond" truecount="1" falsecount="1"/>
      <line num="1058" count="16" type="stmt"/>
      <line num="1060" count="4" type="stmt"/>
      <line num="1067" count="1" type="stmt"/>
      <line num="1068" count="1" type="stmt"/>
      <line num="1070" count="1" type="stmt"/>
      <line num="1071" count="4" type="stmt"/>
      <line num="1072" count="4" type="cond" truecount="4" falsecount="0"/>
      <line num="1075" count="1" type="stmt"/>
      <line num="1077" count="4" type="cond" truecount="2" falsecount="0"/>
      <line num="1078" count="2" type="cond" truecount="1" falsecount="1"/>
      <line num="1079" count="0" type="stmt"/>
      <line num="1083" count="3" type="stmt"/>
      <line num="1103" count="55" type="stmt"/>
      <line num="1104" count="51" type="stmt"/>
      <line num="1119" count="1" type="cond" truecount="1" falsecount="1"/>
      <line num="1120" count="1" type="stmt"/>
      <line num="1123" count="0" type="stmt"/>
      <line num="1124" count="0" type="stmt"/>
      <line num="1135" count="1" type="stmt"/>
      <line num="1136" count="1" type="stmt"/>
      <line num="1137" count="4" type="cond" truecount="1" falsecount="1"/>
      <line num="1141" count="1" type="stmt"/>
      <line num="1152" count="1" type="stmt"/>
      <line num="1153" count="1" type="cond" truecount="1" falsecount="1"/>
      <line num="1154" count="0" type="stmt"/>
      <line num="1157" count="1" type="stmt"/>
      <line num="1158" count="4" type="cond" truecount="1" falsecount="1"/>
      <line num="1161" count="1" type="stmt"/>
      <line num="1172" count="1" type="stmt"/>
      <line num="1173" count="1" type="cond" truecount="1" falsecount="1"/>
      <line num="1174" count="0" type="stmt"/>
      <line num="1177" count="1" type="stmt"/>
      <line num="1178" count="3" type="cond" truecount="2" falsecount="0"/>
      <line num="1190" count="1" type="stmt"/>
      <line num="1191" count="1" type="cond" truecount="1" falsecount="1"/>
      <line num="1192" count="0" type="stmt"/>
      <line num="1195" count="1" type="stmt"/>
      <line num="1196" count="3" type="cond" truecount="2" falsecount="0"/>
      <line num="1311" count="16" type="stmt"/>
      <line num="1313" count="16" type="stmt"/>
      <line num="1346" count="0" type="cond" truecount="0" falsecount="8"/>
      <line num="1347" count="0" type="stmt"/>
      <line num="1348" count="0" type="stmt"/>
      <line num="1350" count="0" type="stmt"/>
      <line num="1351" count="0" type="stmt"/>
      <line num="1352" count="0" type="stmt"/>
      <line num="1353" count="0" type="stmt"/>
      <line num="1355" count="0" type="stmt"/>
      <line num="1356" count="0" type="stmt"/>
      <line num="1358" count="0" type="stmt"/>
      <line num="1370" count="4" type="stmt"/>
      <line num="1371" count="4" type="cond" truecount="6" falsecount="2"/>
      <line num="1372" count="4" type="stmt"/>
      <line num="1378" count="0" type="stmt"/>
      <line num="1379" count="0" type="stmt"/>
      <line num="1380" count="0" type="stmt"/>
      <line num="1385" count="0" type="stmt"/>
      <line num="1386" count="0" type="stmt"/>
      <line num="1388" count="0" type="stmt"/>
      <line num="1389" count="0" type="stmt"/>
      <line num="1391" count="0" type="stmt"/>
      <line num="1392" count="0" type="stmt"/>
      <line num="1402" count="0" type="stmt"/>
      <line num="1403" count="0" type="stmt"/>
      <line num="1405" count="0" type="stmt"/>
      <line num="1406" count="0" type="stmt"/>
      <line num="1407" count="0" type="stmt"/>
      <line num="1409" count="0" type="stmt"/>
      <line num="1410" count="0" type="stmt"/>
      <line num="1411" count="0" type="stmt"/>
      <line num="1412" count="0" type="stmt"/>
      <line num="1413" count="0" type="stmt"/>
      <line num="1414" count="0" type="stmt"/>
      <line num="1416" count="0" type="stmt"/>
      <line num="1417" count="0" type="stmt"/>
      <line num="1419" count="0" type="stmt"/>
      <line num="1420" count="0" type="stmt"/>
      <line num="1430" count="1" type="stmt"/>
      <line num="1439" count="2" type="stmt"/>
      <line num="1449" count="5" type="stmt"/>
      <line num="1489" count="46" type="stmt"/>
      <line num="1490" count="46" type="stmt"/>
      <line num="1494" count="46" type="cond" truecount="2" falsecount="0"/>
      <line num="1495" count="46" type="stmt"/>
      <line num="1496" count="46" type="stmt"/>
      <line num="1502" count="46" type="stmt"/>
      <line num="1506" count="46" type="stmt"/>
      <line num="1546" count="6" type="stmt"/>
      <line num="1547" count="6" type="cond" truecount="6" falsecount="0"/>
      <line num="1548" count="2" type="stmt"/>
      <line num="1553" count="4" type="cond" truecount="6" falsecount="0"/>
      <line num="1554" count="1" type="stmt"/>
      <line num="1559" count="3" type="stmt"/>
      <line num="1563" count="3" type="stmt"/>
      <line num="1590" count="25" type="stmt"/>
      <line num="1591" count="25" type="stmt"/>
      <line num="1592" count="25" type="cond" truecount="2" falsecount="0"/>
      <line num="1593" count="25" type="stmt"/>
      <line num="1597" count="25" type="stmt"/>
      <line num="1635" count="3" type="stmt"/>
      <line num="1636" count="3" type="stmt"/>
      <line num="1637" count="3" type="cond" truecount="2" falsecount="0"/>
      <line num="1638" count="3" type="stmt"/>
      <line num="1642" count="3" type="stmt"/>
      <line num="1674" count="2" type="stmt"/>
      <line num="1675" count="2" type="cond" truecount="3" falsecount="1"/>
      <line num="1676" count="0" type="stmt"/>
      <line num="1679" count="2" type="stmt"/>
      <line num="1685" count="2" type="stmt"/>
      <line num="1737" count="47" type="stmt"/>
      <line num="1738" count="47" type="stmt"/>
      <line num="1742" count="47" type="cond" truecount="2" falsecount="0"/>
      <line num="1743" count="1" type="stmt"/>
      <line num="1749" count="46" type="cond" truecount="2" falsecount="0"/>
      <line num="1750" count="46" type="cond" truecount="2" falsecount="0"/>
      <line num="1751" count="1" type="stmt"/>
      <line num="1756" count="45" type="cond" truecount="2" falsecount="0"/>
      <line num="1757" count="45" type="stmt"/>
      <line num="1758" count="45" type="stmt"/>
      <line num="1996" count="72" type="stmt"/>
      <line num="1998" count="72" type="stmt"/>
      <line num="2000" count="72" type="stmt"/>
      <line num="2002" count="72" type="stmt"/>
      <line num="2004" count="72" type="stmt"/>
      <line num="2006" count="72" type="stmt"/>
      <line num="2011" count="72" type="stmt"/>
      <line num="2014" count="72" type="cond" truecount="2" falsecount="0"/>
      <line num="2017" count="72" type="stmt"/>
      <line num="2018" count="87" type="cond" truecount="1" falsecount="1"/>
      <line num="2023" count="72" type="stmt"/>
      <line num="2035" count="149" type="stmt"/>
      <line num="2058" count="53" type="stmt"/>
      <line num="2059" count="53" type="stmt"/>
      <line num="2060" count="53" type="stmt"/>
      <line num="2065" count="72" type="stmt"/>
      <line num="2076" count="48" type="stmt"/>
      <line num="2077" count="66" type="cond" truecount="2" falsecount="0"/>
      <line num="2078" count="64" type="stmt"/>
      <line num="2079" count="2" type="cond" truecount="1" falsecount="1"/>
      <line num="2080" count="2" type="stmt"/>
      <line num="2084" count="48" type="stmt"/>
      <line num="2100" count="52" type="stmt"/>
      <line num="2101" count="52" type="stmt"/>
      <line num="2102" count="71" type="stmt"/>
      <line num="2105" count="52" type="stmt"/>
      <line num="2106" count="71" type="cond" truecount="1" falsecount="1"/>
      <line num="2107" count="0" type="stmt"/>
      <line num="2111" count="52" type="cond" truecount="1" falsecount="1"/>
      <line num="2112" count="52" type="stmt"/>
      <line num="2113" count="71" type="stmt"/>
      <line num="2117" count="52" type="stmt"/>
      <line num="2118" count="71" type="stmt"/>
      <line num="2120" count="71" type="stmt"/>
      <line num="2121" count="84" type="cond" truecount="2" falsecount="0"/>
      <line num="2122" count="1" type="stmt"/>
      <line num="2126" count="71" type="stmt"/>
      <line num="2127" count="84" type="cond" truecount="2" falsecount="0"/>
      <line num="2128" count="1" type="stmt"/>
      <line num="2134" count="52" type="stmt"/>
      <line num="2139" count="64" type="stmt"/>
      <line num="2140" count="64" type="cond" truecount="1" falsecount="1"/>
      <line num="2141" count="64" type="stmt"/>
      <line num="2143" count="64" type="cond" truecount="2" falsecount="0"/>
      <line num="2144" count="1" type="stmt"/>
      <line num="2147" count="64" type="stmt"/>
      <line num="2148" count="64" type="stmt"/>
      <line num="2149" count="82" type="stmt"/>
      <line num="2152" count="64" type="stmt"/>
      <line num="2159" count="2" type="cond" truecount="1" falsecount="1"/>
      <line num="2160" count="0" type="stmt"/>
      <line num="2168" count="2" type="stmt"/>
      <line num="2169" count="1" type="cond" truecount="1" falsecount="1"/>
      <line num="2170" count="1" type="stmt"/>
      <line num="2171" count="1" type="stmt"/>
      <line num="2175" count="2" type="stmt"/>
      <line num="2176" count="2" type="cond" truecount="2" falsecount="0"/>
      <line num="2177" count="1" type="stmt"/>
      <line num="2178" count="1" type="stmt"/>
      <line num="2187" count="2" type="stmt"/>
      <line num="2189" count="4" type="cond" truecount="4" falsecount="2"/>
      <line num="2191" count="2" type="stmt"/>
      <line num="2199" count="66" type="stmt"/>
      <line num="2200" count="48" type="stmt"/>
      <line num="2201" count="66" type="cond" truecount="1" falsecount="1"/>
      <line num="2202" count="0" type="stmt"/>
      <line num="2265" count="55" type="stmt"/>
      <line num="2266" count="55" type="stmt"/>
      <line num="2268" count="55" type="stmt"/>
      <line num="2269" count="55" type="stmt"/>
      <line num="2283" count="55" type="stmt"/>
      <line num="2284" count="507" type="cond" truecount="1" falsecount="1"/>
      <line num="2285" count="0" type="stmt"/>
      <line num="2294" count="55" type="stmt"/>
      <line num="2295" count="0" type="cond" truecount="0" falsecount="2"/>
      <line num="2296" count="0" type="stmt"/>
      <line num="2305" count="55" type="stmt"/>
      <line num="2306" count="55" type="stmt"/>
      <line num="2307" count="75" type="cond" truecount="2" falsecount="0"/>
      <line num="2308" count="2" type="stmt"/>
      <line num="2310" count="53" type="stmt"/>
      <line num="2311" count="72" type="stmt"/>
      <line num="2312" count="53" type="stmt"/>
      <line num="2317" count="53" type="stmt"/>
      <line num="2318" count="53" type="stmt"/>
      <line num="2320" count="72" type="stmt"/>
      <line num="2323" count="72" type="cond" truecount="6" falsecount="0"/>
      <line num="2324" count="70" type="stmt"/>
      <line num="2327" count="2" type="stmt"/>
      <line num="2340" count="72" type="stmt"/>
      <line num="2356" count="52" type="stmt"/>
      <line num="2360" count="52" type="cond" truecount="1" falsecount="1"/>
      <line num="2361" count="52" type="stmt"/>
      <line num="2362" count="52" type="stmt"/>
      <line num="2363" count="267" type="stmt"/>
      <line num="2364" count="52" type="cond" truecount="8" falsecount="0"/>
      <line num="2370" count="0" type="stmt"/>
      <line num="2371" count="0" type="stmt"/>
      <line num="2373" count="0" type="stmt"/>
      <line num="2375" count="0" type="cond" truecount="0" falsecount="4"/>
      <line num="2376" count="0" type="stmt"/>
      <line num="2378" count="0" type="stmt"/>
      <line num="2379" count="0" type="stmt"/>
      <line num="2380" count="0" type="stmt"/>
      <line num="2381" count="0" type="stmt"/>
      <line num="2383" count="0" type="stmt"/>
      <line num="2394" count="54" type="stmt"/>
      <line num="2395" count="54" type="stmt"/>
      <line num="2397" count="54" type="stmt"/>
      <line num="2398" count="48" type="stmt"/>
      <line num="2401" count="48" type="stmt"/>
      <line num="2404" count="54" type="stmt"/>
      <line num="2405" count="0" type="stmt"/>
      <line num="2410" count="54" type="stmt"/>
      <line num="2411" count="54" type="stmt"/>
      <line num="2412" count="0" type="stmt"/>
      <line num="2413" count="0" type="stmt"/>
      <line num="2447" count="54" type="stmt"/>
      <line num="2448" count="52" type="stmt"/>
      <line num="2449" count="52" type="stmt"/>
      <line num="2450" count="52" type="stmt"/>
      <line num="2468" count="52" type="stmt"/>
      <line num="2469" count="52" type="cond" truecount="2" falsecount="0"/>
      <line num="2470" count="1" type="stmt"/>
      <line num="2477" count="52" type="stmt"/>
      <line num="2481" count="52" type="stmt"/>
      <line num="2482" count="52" type="cond" truecount="2" falsecount="0"/>
      <line num="2483" count="2" type="stmt"/>
      <line num="2487" count="2" type="stmt"/>
      <line num="2488" count="2" type="stmt"/>
      <line num="2489" count="2" type="stmt"/>
      <line num="2492" count="52" type="stmt"/>
      <line num="2493" count="52" type="stmt"/>
      <line num="2494" count="52" type="stmt"/>
      <line num="2495" count="71" type="stmt"/>
      <line num="2497" count="52" type="stmt"/>
      <line num="2502" count="52" type="stmt"/>
      <line num="2503" count="71" type="stmt"/>
      <line num="2504" count="71" type="stmt"/>
      <line num="2507" count="71" type="stmt"/>
      <line num="2510" count="71" type="stmt"/>
      <line num="2528" count="52" type="cond" truecount="2" falsecount="0"/>
      <line num="2529" count="51" type="stmt"/>
      <line num="2532" count="1" type="stmt"/>
      <line num="2533" count="1" type="stmt"/>
      <line num="2534" count="1" type="stmt"/>
      <line num="2535" count="1" type="stmt"/>
      <line num="2536" count="3" type="stmt"/>
      <line num="2537" count="3" type="stmt"/>
      <line num="2538" count="3" type="stmt"/>
      <line num="2540" count="1" type="stmt"/>
      <line num="2543" count="2" type="stmt"/>
      <line num="2544" count="1" type="stmt"/>
      <line num="2545" count="1" type="stmt"/>
      <line num="2551" count="52" type="stmt"/>
      <line num="2552" count="52" type="cond" truecount="5" falsecount="0"/>
      <line num="2553" count="51" type="stmt"/>
      <line num="2556" count="1" type="stmt"/>
      <line num="2559" count="1" type="stmt"/>
      <line num="2560" count="1" type="stmt"/>
      <line num="2561" count="6" type="stmt"/>
      <line num="2567" count="7" type="cond" truecount="1" falsecount="1"/>
      <line num="2572" count="0" type="stmt"/>
      <line num="2575" count="7" type="stmt"/>
      <line num="2576" count="7" type="stmt"/>
      <line num="2577" count="7" type="stmt"/>
      <line num="2578" count="7" type="stmt"/>
      <line num="2579" count="14" type="stmt"/>
      <line num="2581" count="7" type="stmt"/>
      <line num="2583" count="7" type="stmt"/>
      <line num="2593" count="14" type="cond" truecount="1" falsecount="1"/>
      <line num="2594" count="0" type="stmt"/>
      <line num="2597" count="14" type="stmt"/>
      <line num="2598" count="14" type="stmt"/>
      <line num="2599" count="14" type="stmt"/>
      <line num="2600" count="14" type="stmt"/>
      <line num="2601" count="14" type="stmt"/>
      <line num="2602" count="14" type="stmt"/>
      <line num="2604" count="14" type="stmt"/>
      <line num="2605" count="27" type="stmt"/>
      <line num="2606" count="27" type="cond" truecount="2" falsecount="0"/>
      <line num="2607" count="14" type="stmt"/>
      <line num="2610" count="13" type="stmt"/>
      <line num="2611" count="13" type="cond" truecount="3" falsecount="1"/>
      <line num="2612" count="13" type="stmt"/>
      <line num="2618" count="13" type="cond" truecount="4" falsecount="0"/>
      <line num="2619" count="3" type="stmt"/>
      <line num="2620" count="3" type="stmt"/>
      <line num="2621" count="3" type="stmt"/>
      <line num="2624" count="3" type="stmt"/>
      <line num="2626" count="3" type="stmt"/>
      <line num="2627" count="0" type="stmt"/>
      <line num="2631" count="3" type="stmt"/>
      <line num="2634" count="10" type="stmt"/>
      <line num="2637" count="14" type="stmt"/>
      <line num="2638" count="14" type="stmt"/>
      <line num="2639" count="0" type="stmt"/>
      <line num="2643" count="14" type="stmt"/>
      <line num="2644" count="0" type="stmt"/>
      <line num="2649" count="0" type="stmt"/>
      <line num="2659" count="89" type="stmt"/>
      <line num="2660" count="89" type="stmt"/>
      <line num="2661" count="89" type="stmt"/>
      <line num="2662" count="89" type="cond" truecount="2" falsecount="0"/>
      <line num="2665" count="89" type="stmt"/>
      <line num="2666" count="178" type="stmt"/>
      <line num="2668" count="178" type="stmt"/>
      <line num="2669" count="12" type="stmt"/>
      <line num="2670" count="12" type="stmt"/>
      <line num="2672" count="12" type="stmt"/>
      <line num="2673" count="12" type="stmt"/>
      <line num="2675" count="0" type="stmt"/>
      <line num="2678" count="12" type="cond" truecount="2" falsecount="0"/>
      <line num="2679" count="4" type="stmt"/>
      <line num="2683" count="178" type="cond" truecount="2" falsecount="0"/>
      <line num="2684" count="2" type="stmt"/>
      <line num="2690" count="89" type="stmt"/>
      <line num="2691" count="9" type="stmt"/>
      <line num="2695" count="9" type="cond" truecount="7" falsecount="3"/>
      <line num="2697" count="9" type="stmt"/>
      <line num="2699" count="9" type="cond" truecount="2" falsecount="0"/>
      <line num="2700" count="1" type="stmt"/>
      <line num="2703" count="8" type="cond" truecount="4" falsecount="2"/>
      <line num="2706" count="3" type="stmt"/>
      <line num="2708" count="0" type="stmt"/>
      <line num="2710" count="1" type="stmt"/>
      <line num="2712" count="4" type="stmt"/>
      <line num="2714" count="0" type="stmt"/>
      <line num="2718" count="89" type="stmt"/>
      <line num="2719" count="176" type="stmt"/>
      <line num="2720" count="176" type="cond" truecount="2" falsecount="0"/>
      <line num="2724" count="176" type="stmt"/>
      <line num="2726" count="176" type="stmt"/>
      <line num="2729" count="89" type="stmt"/>
      <line num="2733" count="7" type="stmt"/>
      <line num="2734" count="7" type="stmt"/>
      <line num="2735" count="7" type="stmt"/>
      <line num="2736" count="7" type="stmt"/>
      <line num="2740" count="89" type="stmt"/>
      <line num="2744" count="169" type="stmt"/>
      <line num="2745" count="169" type="stmt"/>
      <line num="2746" count="169" type="stmt"/>
      <line num="2747" count="169" type="stmt"/>
      <line num="2751" count="89" type="stmt"/>
      <line num="2754" count="7" type="stmt"/>
      <line num="2755" count="7" type="stmt"/>
      <line num="2758" count="7" type="cond" truecount="3" falsecount="1"/>
      <line num="2759" count="7" type="stmt"/>
      <line num="2762" count="7" type="stmt"/>
      <line num="2764" count="7" type="stmt"/>
      <line num="2765" count="7" type="stmt"/>
      <line num="2766" count="7" type="stmt"/>
      <line num="2767" count="7" type="stmt"/>
      <line num="2771" count="89" type="stmt"/>
      <line num="2775" count="32" type="stmt"/>
      <line num="2776" count="32" type="stmt"/>
      <line num="2777" count="32" type="stmt"/>
      <line num="2778" count="32" type="stmt"/>
      <line num="2783" count="89" type="stmt"/>
      <line num="2784" count="17" type="stmt"/>
      <line num="2788" count="17" type="cond" truecount="1" falsecount="1"/>
      <line num="2790" count="17" type="stmt"/>
      <line num="2792" count="17" type="cond" truecount="2" falsecount="0"/>
      <line num="2794" count="2" type="stmt"/>
      <line num="2797" count="16" type="stmt"/>
      <line num="2802" count="89" type="stmt"/>
      <line num="2803" count="9" type="stmt"/>
      <line num="2807" count="9" type="cond" truecount="1" falsecount="1"/>
      <line num="2809" count="9" type="stmt"/>
      <line num="2811" count="9" type="cond" truecount="1" falsecount="1"/>
      <line num="2812" count="9" type="stmt"/>
      <line num="2817" count="89" type="stmt"/>
      <line num="2819" count="60" type="cond" truecount="1" falsecount="1"/>
      <line num="2820" count="60" type="stmt"/>
      <line num="2821" count="60" type="stmt"/>
      <line num="2824" count="170" type="stmt"/>
      <line num="2826" count="170" type="stmt"/>
      <line num="2830" count="170" type="cond" truecount="2" falsecount="0"/>
      <line num="2834" count="9" type="stmt"/>
      <line num="2835" count="9" type="cond" truecount="1" falsecount="1"/>
      <line num="2840" count="9" type="stmt"/>
      <line num="2841" count="9" type="cond" truecount="1" falsecount="1"/>
      <line num="2842" count="9" type="stmt"/>
      <line num="2847" count="170" type="stmt"/>
      <line num="2848" count="169" type="stmt"/>
      <line num="2850" count="169" type="stmt"/>
      <line num="2854" count="169" type="stmt"/>
      <line num="2855" count="169" type="stmt"/>
      <line num="2862" count="3" type="stmt"/>
      <line num="2863" count="3" type="stmt"/>
      <line num="2864" count="3" type="stmt"/>
      <line num="2865" count="9" type="stmt"/>
      <line num="2869" count="41" type="stmt"/>
      <line num="2870" count="41" type="stmt"/>
      <line num="2874" count="41" type="stmt"/>
      <line num="2875" count="41" type="stmt"/>
      <line num="2876" count="41" type="stmt"/>
      <line num="2877" count="41" type="stmt"/>
      <line num="2878" count="41" type="stmt"/>
      <line num="2880" count="41" type="stmt"/>
      <line num="2887" count="8" type="stmt"/>
      <line num="2888" count="8" type="stmt"/>
      <line num="2890" count="7" type="stmt"/>
      <line num="2894" count="7" type="stmt"/>
      <line num="2895" count="7" type="stmt"/>
      <line num="2902" count="2" type="stmt"/>
      <line num="2903" count="2" type="stmt"/>
      <line num="2904" count="2" type="stmt"/>
      <line num="2905" count="4" type="stmt"/>
      <line num="2909" count="32" type="stmt"/>
      <line num="2910" count="32" type="stmt"/>
      <line num="2914" count="32" type="stmt"/>
      <line num="2915" count="32" type="stmt"/>
      <line num="2924" count="2" type="stmt"/>
      <line num="2925" count="2" type="stmt"/>
      <line num="2926" count="2" type="stmt"/>
      <line num="2927" count="2" type="stmt"/>
      <line num="2933" count="1" type="stmt"/>
      <line num="2934" count="1" type="stmt"/>
      <line num="2935" count="1" type="stmt"/>
      <line num="2936" count="1" type="cond" truecount="3" falsecount="1"/>
      <line num="2937" count="1" type="stmt"/>
      <line num="2938" count="1" type="stmt"/>
      <line num="2939" count="1" type="stmt"/>
      <line num="2942" count="1" type="cond" truecount="2" falsecount="0"/>
      <line num="2945" count="1" type="stmt"/>
      <line num="2948" count="17" type="stmt"/>
      <line num="2949" count="17" type="stmt"/>
      <line num="2953" count="17" type="stmt"/>
      <line num="2954" count="17" type="stmt"/>
      <line num="2955" count="17" type="stmt"/>
      <line num="2956" count="17" type="stmt"/>
      <line num="2957" count="17" type="stmt"/>
      <line num="2959" count="17" type="stmt"/>
      <line num="2966" count="2" type="stmt"/>
      <line num="2967" count="2" type="stmt"/>
      <line num="2971" count="2" type="stmt"/>
      <line num="2972" count="2" type="stmt"/>
      <line num="2973" count="2" type="stmt"/>
      <line num="2974" count="2" type="stmt"/>
      <line num="2975" count="2" type="stmt"/>
      <line num="2979" count="2" type="stmt"/>
      <line num="2983" count="2" type="stmt"/>
      <line num="2985" count="2" type="stmt"/>
      <line num="2992" count="14" type="stmt"/>
      <line num="2993" count="14" type="stmt"/>
      <line num="2997" count="14" type="cond" truecount="2" falsecount="0"/>
      <line num="2998" count="3" type="stmt"/>
      <line num="3003" count="11" type="stmt"/>
      <line num="3004" count="11" type="stmt"/>
      <line num="3005" count="11" type="stmt"/>
      <line num="3006" count="11" type="stmt"/>
      <line num="3007" count="11" type="stmt"/>
      <line num="3011" count="11" type="stmt"/>
      <line num="3013" count="11" type="stmt"/>
      <line num="3023" count="4" type="stmt"/>
      <line num="3024" count="4" type="stmt"/>
      <line num="3028" count="4" type="cond" truecount="2" falsecount="0"/>
      <line num="3029" count="1" type="stmt"/>
      <line num="3034" count="3" type="stmt"/>
      <line num="3035" count="3" type="stmt"/>
      <line num="3036" count="3" type="stmt"/>
      <line num="3037" count="3" type="stmt"/>
      <line num="3038" count="3" type="stmt"/>
      <line num="3042" count="3" type="stmt"/>
      <line num="3044" count="3" type="stmt"/>
      <line num="3051" count="3" type="stmt"/>
      <line num="3052" count="3" type="stmt"/>
      <line num="3056" count="3" type="stmt"/>
      <line num="3057" count="3" type="stmt"/>
      <line num="3058" count="3" type="stmt"/>
      <line num="3059" count="3" type="stmt"/>
      <line num="3060" count="3" type="stmt"/>
      <line num="3062" count="3" type="stmt"/>
      <line num="3069" count="2" type="stmt"/>
      <line num="3070" count="2" type="stmt"/>
      <line num="3074" count="2" type="stmt"/>
      <line num="3075" count="2" type="stmt"/>
      <line num="3076" count="2" type="stmt"/>
      <line num="3077" count="2" type="stmt"/>
      <line num="3078" count="2" type="stmt"/>
      <line num="3082" count="2" type="stmt"/>
      <line num="3084" count="2" type="stmt"/>
      <line num="3091" count="20" type="stmt"/>
      <line num="3092" count="20" type="stmt"/>
      <line num="3096" count="20" type="stmt"/>
      <line num="3097" count="20" type="stmt"/>
      <line num="3098" count="20" type="stmt"/>
      <line num="3099" count="20" type="stmt"/>
      <line num="3100" count="20" type="stmt"/>
      <line num="3102" count="20" type="stmt"/>
      <line num="3118" count="312" type="cond" truecount="4" falsecount="0"/>
      <line num="3119" count="1" type="stmt"/>
      <line num="3122" count="311" type="stmt"/>
      <line num="3124" count="311" type="cond" truecount="4" falsecount="0"/>
      <line num="3125" count="311" type="stmt"/>
      <line num="3127" count="311" type="stmt"/>
      <line num="3135" count="4" type="cond" truecount="1" falsecount="1"/>
      <line num="3136" count="0" type="stmt"/>
      <line num="3139" count="4" type="stmt"/>
      <line num="3140" count="4" type="stmt"/>
      <line num="3141" count="18" type="stmt"/>
      <line num="3142" count="10" type="cond" truecount="1" falsecount="1"/>
      <line num="3143" count="0" type="stmt"/>
      <line num="3148" count="10" type="stmt"/>
      <line num="3151" count="4" type="stmt"/>
      <line num="3152" count="4" type="stmt"/>
      <line num="3154" count="4" type="stmt"/>
      <line num="3155" count="4" type="stmt"/>
      <line num="3156" count="4" type="stmt"/>
      <line num="3157" count="2" type="cond" truecount="1" falsecount="1"/>
      <line num="3158" count="2" type="stmt"/>
      <line num="3159" count="2" type="stmt"/>
      <line num="3162" count="0" type="cond" truecount="0" falsecount="4"/>
      <line num="3164" count="4" type="stmt"/>
      <line num="3165" count="0" type="cond" truecount="0" falsecount="2"/>
      <line num="3166" count="0" type="stmt"/>
      <line num="3167" count="0" type="stmt"/>
      <line num="3170" count="0" type="cond" truecount="0" falsecount="4"/>
      <line num="3174" count="4" type="stmt"/>
      <line num="3177" count="4" type="stmt"/>
      <line num="3178" count="18" type="stmt"/>
      <line num="3179" count="10" type="cond" truecount="1" falsecount="1"/>
      <line num="3180" count="10" type="stmt"/>
      <line num="3187" count="4" type="stmt"/>
      <line num="3188" count="2" type="cond" truecount="1" falsecount="1"/>
      <line num="3189" count="2" type="stmt"/>
      <line num="3192" count="2" type="stmt"/>
      <line num="3195" count="4" type="stmt"/>
      <line num="3196" count="2" type="stmt"/>
      <line num="3197" count="2" type="stmt"/>
      <line num="3198" count="2" type="stmt"/>
      <line num="3203" count="2" type="stmt"/>
      <line num="3206" count="4" type="stmt"/>
      <line num="3240" count="2" type="stmt"/>
      <line num="3243" count="2" type="stmt"/>
      <line num="3274" count="2" type="stmt"/>
      <line num="3275" count="6" type="stmt"/>
      <line num="3279" count="2" type="stmt"/>
      <line num="3280" count="2" type="stmt"/>
      <line num="3281" count="1" type="stmt"/>
      <line num="3282" count="1" type="stmt"/>
      <line num="3284" count="1" type="stmt"/>
      <line num="3285" count="1" type="stmt"/>
      <line num="3299" count="20" type="cond" truecount="2" falsecount="0"/>
      <line num="3300" count="1" type="stmt"/>
      <line num="3301" count="1" type="stmt"/>
      <line num="3304" count="20" type="cond" truecount="1" falsecount="1"/>
      <line num="3305" count="20" type="stmt"/>
      <line num="3306" count="20" type="stmt"/>
      <line num="3316" count="2" type="stmt"/>
      <line num="3330" count="5" type="stmt"/>
      <line num="3341" count="1" type="stmt"/>
      <line num="3342" count="1" type="stmt"/>
      <line num="3343" count="4" type="cond" truecount="1" falsecount="1"/>
      <line num="3344" count="4" type="stmt"/>
      <line num="3346" count="1" type="stmt"/>
      <line num="3356" count="14" type="stmt"/>
      <line num="3357" count="5" type="cond" truecount="3" falsecount="1"/>
      <line num="3362" count="16" type="stmt"/>
      <line num="3363" count="16" type="stmt"/>
      <line num="3364" count="16" type="stmt"/>
      <line num="3365" count="16" type="stmt"/>
      <line num="3366" count="16" type="stmt"/>
      <line num="3367" count="16" type="stmt"/>
      <line num="3368" count="16" type="stmt"/>
      <line num="3370" count="16" type="stmt"/>
    </file>
  </project>
</coverage>
