{"/home/runner/work/idb-ts/idb-ts/index.ts": {"path":"/home/runner/work/idb-ts/idb-ts/index.ts","statementMap":{"0":{"start":{"line":1,"column":0},"end":{"line":1,"column":26}},"1":{"start":{"line":14,"column":10},"end":{"line":14,"column":44}},"2":{"start":{"line":16,"column":10},"end":{"line":16,"column":49}},"3":{"start":{"line":25,"column":4},"end":{"line":25,"column":17}},"4":{"start":{"line":26,"column":4},"end":{"line":26,"column":31}},"5":{"start":{"line":30,"column":4},"end":{"line":30,"column":30}},"6":{"start":{"line":31,"column":4},"end":{"line":31,"column":16}},"7":{"start":{"line":34,"column":4},"end":{"line":34,"column":30}},"8":{"start":{"line":35,"column":4},"end":{"line":35,"column":16}},"9":{"start":{"line":38,"column":4},"end":{"line":38,"column":77}},"10":{"start":{"line":38,"column":28},"end":{"line":38,"column":77}},"11":{"start":{"line":39,"column":4},"end":{"line":39,"column":76}},"12":{"start":{"line":40,"column":4},"end":{"line":40,"column":34}},"13":{"start":{"line":41,"column":4},"end":{"line":41,"column":16}},"14":{"start":{"line":44,"column":4},"end":{"line":44,"column":73}},"15":{"start":{"line":44,"column":28},"end":{"line":44,"column":73}},"16":{"start":{"line":45,"column":4},"end":{"line":45,"column":72}},"17":{"start":{"line":46,"column":4},"end":{"line":46,"column":34}},"18":{"start":{"line":47,"column":4},"end":{"line":47,"column":16}},"19":{"start":{"line":50,"column":4},"end":{"line":50,"column":74}},"20":{"start":{"line":50,"column":28},"end":{"line":50,"column":74}},"21":{"start":{"line":51,"column":4},"end":{"line":51,"column":73}},"22":{"start":{"line":52,"column":4},"end":{"line":52,"column":34}},"23":{"start":{"line":53,"column":4},"end":{"line":53,"column":16}},"24":{"start":{"line":56,"column":4},"end":{"line":56,"column":73}},"25":{"start":{"line":56,"column":28},"end":{"line":56,"column":73}},"26":{"start":{"line":57,"column":4},"end":{"line":57,"column":72}},"27":{"start":{"line":58,"column":4},"end":{"line":58,"column":34}},"28":{"start":{"line":59,"column":4},"end":{"line":59,"column":16}},"29":{"start":{"line":62,"column":4},"end":{"line":62,"column":74}},"30":{"start":{"line":62,"column":28},"end":{"line":62,"column":74}},"31":{"start":{"line":63,"column":4},"end":{"line":63,"column":73}},"32":{"start":{"line":64,"column":4},"end":{"line":64,"column":34}},"33":{"start":{"line":65,"column":4},"end":{"line":65,"column":16}},"34":{"start":{"line":68,"column":4},"end":{"line":68,"column":28}},"35":{"start":{"line":69,"column":4},"end":{"line":69,"column":36}},"36":{"start":{"line":70,"column":4},"end":{"line":70,"column":16}},"37":{"start":{"line":73,"column":4},"end":{"line":73,"column":24}},"38":{"start":{"line":74,"column":4},"end":{"line":74,"column":16}},"39":{"start":{"line":77,"column":4},"end":{"line":77,"column":25}},"40":{"start":{"line":78,"column":4},"end":{"line":78,"column":16}},"41":{"start":{"line":81,"column":4},"end":{"line":81,"column":31}},"42":{"start":{"line":82,"column":4},"end":{"line":82,"column":16}},"43":{"start":{"line":85,"column":4},"end":{"line":85,"column":28}},"44":{"start":{"line":86,"column":4},"end":{"line":86,"column":24}},"45":{"start":{"line":87,"column":4},"end":{"line":87,"column":16}},"46":{"start":{"line":91,"column":4},"end":{"line":152,"column":7}},"47":{"start":{"line":92,"column":17},"end":{"line":92,"column":64}},"48":{"start":{"line":93,"column":20},"end":{"line":93,"column":50}},"49":{"start":{"line":95,"column":21},"end":{"line":95,"column":23}},"50":{"start":{"line":98,"column":6},"end":{"line":115,"column":null}},"51":{"start":{"line":99,"column":8},"end":{"line":102,"column":null}},"52":{"start":{"line":100,"column":10},"end":{"line":100,"column":93}},"53":{"start":{"line":101,"column":10},"end":{"line":101,"column":17}},"54":{"start":{"line":103,"column":22},"end":{"line":103,"column":49}},"55":{"start":{"line":105,"column":8},"end":{"line":111,"column":null}},"56":{"start":{"line":106,"column":10},"end":{"line":106,"column":71}},"57":{"start":{"line":107,"column":15},"end":{"line":111,"column":null}},"58":{"start":{"line":108,"column":10},"end":{"line":108,"column":61}},"59":{"start":{"line":109,"column":15},"end":{"line":111,"column":null}},"60":{"start":{"line":110,"column":10},"end":{"line":110,"column":59}},"61":{"start":{"line":112,"column":8},"end":{"line":112,"column":45}},"62":{"start":{"line":114,"column":8},"end":{"line":114,"column":37}},"63":{"start":{"line":117,"column":6},"end":{"line":150,"column":8}},"64":{"start":{"line":118,"column":23},"end":{"line":118,"column":37}},"65":{"start":{"line":119,"column":8},"end":{"line":149,"column":null}},"66":{"start":{"line":120,"column":22},"end":{"line":120,"column":26}},"67":{"start":{"line":121,"column":24},"end":{"line":121,"column":41}},"68":{"start":{"line":122,"column":10},"end":{"line":131,"column":null}},"69":{"start":{"line":123,"column":25},"end":{"line":123,"column":50}},"70":{"start":{"line":124,"column":12},"end":{"line":130,"column":null}},"71":{"start":{"line":125,"column":29},"end":{"line":125,"column":65}},"72":{"start":{"line":125,"column":66},"end":{"line":125,"column":72}},"73":{"start":{"line":126,"column":25},"end":{"line":126,"column":59}},"74":{"start":{"line":126,"column":60},"end":{"line":126,"column":66}},"75":{"start":{"line":127,"column":26},"end":{"line":127,"column":61}},"76":{"start":{"line":127,"column":62},"end":{"line":127,"column":68}},"77":{"start":{"line":128,"column":25},"end":{"line":128,"column":59}},"78":{"start":{"line":128,"column":60},"end":{"line":128,"column":66}},"79":{"start":{"line":129,"column":26},"end":{"line":129,"column":61}},"80":{"start":{"line":129,"column":62},"end":{"line":129,"column":68}},"81":{"start":{"line":132,"column":10},"end":{"line":132,"column":41}},"82":{"start":{"line":132,"column":21},"end":{"line":132,"column":41}},"83":{"start":{"line":133,"column":10},"end":{"line":133,"column":28}},"84":{"start":{"line":136,"column":10},"end":{"line":144,"column":null}},"85":{"start":{"line":137,"column":12},"end":{"line":143,"column":15}},"86":{"start":{"line":138,"column":26},"end":{"line":138,"column":53}},"87":{"start":{"line":139,"column":26},"end":{"line":139,"column":53}},"88":{"start":{"line":140,"column":14},"end":{"line":140,"column":73}},"89":{"start":{"line":140,"column":27},"end":{"line":140,"column":73}},"90":{"start":{"line":141,"column":14},"end":{"line":141,"column":73}},"91":{"start":{"line":141,"column":27},"end":{"line":141,"column":73}},"92":{"start":{"line":142,"column":14},"end":{"line":142,"column":23}},"93":{"start":{"line":146,"column":10},"end":{"line":146,"column":88}},"94":{"start":{"line":146,"column":46},"end":{"line":146,"column":88}},"95":{"start":{"line":147,"column":10},"end":{"line":147,"column":89}},"96":{"start":{"line":147,"column":45},"end":{"line":147,"column":89}},"97":{"start":{"line":148,"column":10},"end":{"line":148,"column":27}},"98":{"start":{"line":151,"column":6},"end":{"line":151,"column":52}},"99":{"start":{"line":151,"column":30},"end":{"line":151,"column":51}},"100":{"start":{"line":184,"column":34},"end":{"line":184,"column":51}},"101":{"start":{"line":185,"column":34},"end":{"line":185,"column":51}},"102":{"start":{"line":196,"column":4},"end":{"line":200,"column":7}},"103":{"start":{"line":197,"column":16},"end":{"line":197,"column":38}},"104":{"start":{"line":198,"column":16},"end":{"line":198,"column":47}},"105":{"start":{"line":199,"column":6},"end":{"line":199,"column":28}},"106":{"start":{"line":204,"column":4},"end":{"line":204,"column":22}},"107":{"start":{"line":208,"column":4},"end":{"line":208,"column":55}},"108":{"start":{"line":951,"column":109},"end":{"line":951,"column":122}},"109":{"start":{"line":214,"column":2},"end":{"line":227,"column":4}},"110":{"start":{"line":215,"column":24},"end":{"line":215,"column":54}},"111":{"start":{"line":218,"column":29},"end":{"line":218,"column":90}},"112":{"start":{"line":219,"column":4},"end":{"line":219,"column":49}},"113":{"start":{"line":220,"column":4},"end":{"line":220,"column":81}},"114":{"start":{"line":222,"column":38},"end":{"line":225,"column":6}},"115":{"start":{"line":226,"column":4},"end":{"line":226,"column":61}},"116":{"start":{"line":951,"column":19},"end":{"line":951,"column":26}},"117":{"start":{"line":232,"column":2},"end":{"line":238,"column":4}},"118":{"start":{"line":233,"column":38},"end":{"line":236,"column":6}},"119":{"start":{"line":237,"column":4},"end":{"line":237,"column":56}},"120":{"start":{"line":951,"column":28},"end":{"line":951,"column":44}},"121":{"start":{"line":242,"column":2},"end":{"line":247,"column":4}},"122":{"start":{"line":243,"column":24},"end":{"line":243,"column":54}},"123":{"start":{"line":244,"column":21},"end":{"line":244,"column":70}},"124":{"start":{"line":245,"column":24},"end":{"line":245,"column":97}},"125":{"start":{"line":246,"column":4},"end":{"line":246,"column":64}},"126":{"start":{"line":951,"column":57},"end":{"line":951,"column":62}},"127":{"start":{"line":251,"column":2},"end":{"line":256,"column":4}},"128":{"start":{"line":252,"column":24},"end":{"line":252,"column":54}},"129":{"start":{"line":253,"column":21},"end":{"line":253,"column":73}},"130":{"start":{"line":254,"column":22},"end":{"line":254,"column":110}},"131":{"start":{"line":255,"column":4},"end":{"line":255,"column":65}},"132":{"start":{"line":951,"column":64},"end":{"line":951,"column":72}},"133":{"start":{"line":260,"column":2},"end":{"line":272,"column":4}},"134":{"start":{"line":261,"column":4},"end":{"line":263,"column":null}},"135":{"start":{"line":262,"column":6},"end":{"line":262,"column":77}},"136":{"start":{"line":265,"column":46},"end":{"line":269,"column":6}},"137":{"start":{"line":271,"column":4},"end":{"line":271,"column":65}},"138":{"start":{"line":951,"column":74},"end":{"line":951,"column":89}},"139":{"start":{"line":280,"column":2},"end":{"line":296,"column":4}},"140":{"start":{"line":281,"column":28},"end":{"line":281,"column":85}},"141":{"start":{"line":282,"column":4},"end":{"line":284,"column":null}},"142":{"start":{"line":283,"column":6},"end":{"line":283,"column":80}},"143":{"start":{"line":288,"column":31},"end":{"line":288,"column":87}},"144":{"start":{"line":289,"column":4},"end":{"line":291,"column":null}},"145":{"start":{"line":290,"column":6},"end":{"line":290,"column":93}},"146":{"start":{"line":293,"column":20},"end":{"line":293,"column":40}},"147":{"start":{"line":294,"column":4},"end":{"line":294,"column":54}},"148":{"start":{"line":295,"column":4},"end":{"line":295,"column":55}},"149":{"start":{"line":951,"column":46},"end":{"line":951,"column":55}},"150":{"start":{"line":323,"column":10},"end":{"line":323,"column":40}},"151":{"start":{"line":324,"column":10},"end":{"line":324,"column":59}},"152":{"start":{"line":326,"column":10},"end":{"line":326,"column":71}},"153":{"start":{"line":327,"column":10},"end":{"line":327,"column":42}},"154":{"start":{"line":331,"column":4},"end":{"line":331,"column":25}},"155":{"start":{"line":332,"column":4},"end":{"line":334,"column":null}},"156":{"start":{"line":332,"column":30},"end":{"line":332,"column":67}},"157":{"start":{"line":333,"column":6},"end":{"line":333,"column":74}},"158":{"start":{"line":335,"column":4},"end":{"line":335,"column":27}},"159":{"start":{"line":336,"column":4},"end":{"line":336,"column":53}},"160":{"start":{"line":337,"column":4},"end":{"line":350,"column":128}},"161":{"start":{"line":339,"column":23},"end":{"line":339,"column":106}},"162":{"start":{"line":340,"column":8},"end":{"line":342,"column":null}},"163":{"start":{"line":341,"column":10},"end":{"line":341,"column":22}},"164":{"start":{"line":344,"column":8},"end":{"line":348,"column":10}},"165":{"start":{"line":350,"column":111},"end":{"line":350,"column":126}},"166":{"start":{"line":355,"column":21},"end":{"line":355,"column":86}},"167":{"start":{"line":355,"column":45},"end":{"line":355,"column":85}},"168":{"start":{"line":356,"column":4},"end":{"line":356,"column":33}},"169":{"start":{"line":363,"column":21},"end":{"line":363,"column":57}},"170":{"start":{"line":364,"column":4},"end":{"line":364,"column":28}},"171":{"start":{"line":365,"column":4},"end":{"line":365,"column":42}},"172":{"start":{"line":366,"column":4},"end":{"line":366,"column":51}},"173":{"start":{"line":370,"column":4},"end":{"line":452,"column":7}},"174":{"start":{"line":371,"column":22},"end":{"line":371,"column":65}},"175":{"start":{"line":373,"column":6},"end":{"line":439,"column":8}},"176":{"start":{"line":374,"column":19},"end":{"line":374,"column":33}},"177":{"start":{"line":375,"column":27},"end":{"line":375,"column":43}},"178":{"start":{"line":376,"column":27},"end":{"line":376,"column":61}},"179":{"start":{"line":378,"column":8},"end":{"line":378,"column":86}},"180":{"start":{"line":381,"column":8},"end":{"line":438,"column":11}},"181":{"start":{"line":382,"column":34},"end":{"line":382,"column":88}},"182":{"start":{"line":383,"column":30},"end":{"line":383,"column":71}},"183":{"start":{"line":384,"column":31},"end":{"line":384,"column":71}},"184":{"start":{"line":386,"column":28},"end":{"line":386,"column":50}},"185":{"start":{"line":389,"column":10},"end":{"line":437,"column":null}},"186":{"start":{"line":390,"column":12},"end":{"line":436,"column":null}},"187":{"start":{"line":391,"column":14},"end":{"line":391,"column":93}},"188":{"start":{"line":394,"column":61},"end":{"line":394,"column":63}},"189":{"start":{"line":396,"column":14},"end":{"line":403,"column":null}},"190":{"start":{"line":397,"column":16},"end":{"line":397,"column":62}},"191":{"start":{"line":400,"column":16},"end":{"line":402,"column":null}},"192":{"start":{"line":401,"column":18},"end":{"line":401,"column":52}},"193":{"start":{"line":405,"column":28},"end":{"line":405,"column":73}},"194":{"start":{"line":407,"column":14},"end":{"line":416,"column":17}},"195":{"start":{"line":408,"column":34},"end":{"line":408,"column":96}},"196":{"start":{"line":409,"column":37},"end":{"line":411,"column":61}},"197":{"start":{"line":413,"column":16},"end":{"line":415,"column":null}},"198":{"start":{"line":414,"column":18},"end":{"line":414,"column":72}},"199":{"start":{"line":419,"column":14},"end":{"line":419,"column":93}},"200":{"start":{"line":420,"column":34},"end":{"line":420,"column":53}},"201":{"start":{"line":421,"column":14},"end":{"line":435,"column":null}},"202":{"start":{"line":422,"column":30},"end":{"line":422,"column":64}},"203":{"start":{"line":424,"column":16},"end":{"line":434,"column":19}},"204":{"start":{"line":425,"column":36},"end":{"line":425,"column":98}},"205":{"start":{"line":426,"column":39},"end":{"line":428,"column":63}},"206":{"start":{"line":430,"column":18},"end":{"line":433,"column":null}},"207":{"start":{"line":431,"column":20},"end":{"line":431,"column":80}},"208":{"start":{"line":432,"column":20},"end":{"line":432,"column":74}},"209":{"start":{"line":441,"column":6},"end":{"line":446,"column":8}},"210":{"start":{"line":442,"column":8},"end":{"line":442,"column":33}},"211":{"start":{"line":443,"column":8},"end":{"line":443,"column":197}},"212":{"start":{"line":443,"column":122},"end":{"line":443,"column":181}},"213":{"start":{"line":444,"column":8},"end":{"line":444,"column":37}},"214":{"start":{"line":445,"column":8},"end":{"line":445,"column":18}},"215":{"start":{"line":448,"column":6},"end":{"line":451,"column":8}},"216":{"start":{"line":449,"column":8},"end":{"line":449,"column":69}},"217":{"start":{"line":450,"column":8},"end":{"line":450,"column":30}},"218":{"start":{"line":456,"column":4},"end":{"line":470,"column":7}},"219":{"start":{"line":457,"column":25},"end":{"line":457,"column":33}},"220":{"start":{"line":458,"column":25},"end":{"line":458,"column":57}},"221":{"start":{"line":461,"column":6},"end":{"line":461,"column":58}},"222":{"start":{"line":464,"column":6},"end":{"line":469,"column":9}},"223":{"start":{"line":474,"column":4},"end":{"line":476,"column":null}},"224":{"start":{"line":475,"column":6},"end":{"line":475,"column":23}},"225":{"start":{"line":478,"column":16},"end":{"line":487,"column":5}},"226":{"start":{"line":479,"column":14},"end":{"line":479,"column":18}},"227":{"start":{"line":480,"column":14},"end":{"line":480,"column":19}},"228":{"start":{"line":481,"column":6},"end":{"line":485,"column":null}},"229":{"start":{"line":482,"column":26},"end":{"line":482,"column":31}},"230":{"start":{"line":483,"column":8},"end":{"line":483,"column":14}},"231":{"start":{"line":484,"column":8},"end":{"line":484,"column":22}},"232":{"start":{"line":486,"column":6},"end":{"line":486,"column":25}},"233":{"start":{"line":489,"column":20},"end":{"line":489,"column":78}},"234":{"start":{"line":489,"column":63},"end":{"line":489,"column":77}},"235":{"start":{"line":490,"column":4},"end":{"line":490,"column":82}},"236":{"start":{"line":490,"column":50},"end":{"line":490,"column":73}},"237":{"start":{"line":494,"column":30},"end":{"line":494,"column":72}},"238":{"start":{"line":495,"column":4},"end":{"line":497,"column":null}},"239":{"start":{"line":496,"column":6},"end":{"line":496,"column":13}},"240":{"start":{"line":499,"column":4},"end":{"line":499,"column":122}},"241":{"start":{"line":500,"column":4},"end":{"line":500,"column":36}},"242":{"start":{"line":501,"column":4},"end":{"line":503,"column":26}},"243":{"start":{"line":502,"column":6},"end":{"line":502,"column":38}},"244":{"start":{"line":507,"column":4},"end":{"line":509,"column":null}},"245":{"start":{"line":508,"column":6},"end":{"line":508,"column":13}},"246":{"start":{"line":511,"column":4},"end":{"line":511,"column":40}},"247":{"start":{"line":512,"column":4},"end":{"line":520,"column":null}},"248":{"start":{"line":513,"column":6},"end":{"line":513,"column":54}},"249":{"start":{"line":514,"column":6},"end":{"line":516,"column":null}},"250":{"start":{"line":515,"column":8},"end":{"line":515,"column":71}},"251":{"start":{"line":517,"column":6},"end":{"line":517,"column":55}},"252":{"start":{"line":519,"column":6},"end":{"line":519,"column":43}},"253":{"start":{"line":528,"column":4},"end":{"line":530,"column":null}},"254":{"start":{"line":529,"column":6},"end":{"line":529,"column":31}},"255":{"start":{"line":532,"column":4},"end":{"line":567,"column":7}},"256":{"start":{"line":533,"column":6},"end":{"line":566,"column":null}},"257":{"start":{"line":534,"column":28},"end":{"line":534,"column":72}},"258":{"start":{"line":535,"column":22},"end":{"line":535,"column":56}},"259":{"start":{"line":536,"column":23},"end":{"line":536,"column":59}},"260":{"start":{"line":537,"column":24},"end":{"line":537,"column":42}},"261":{"start":{"line":539,"column":8},"end":{"line":559,"column":10}},"262":{"start":{"line":540,"column":25},"end":{"line":540,"column":39}},"263":{"start":{"line":541,"column":10},"end":{"line":543,"column":null}},"264":{"start":{"line":542,"column":12},"end":{"line":542,"column":19}},"265":{"start":{"line":545,"column":24},"end":{"line":545,"column":59}},"266":{"start":{"line":546,"column":28},"end":{"line":546,"column":49}},"267":{"start":{"line":547,"column":10},"end":{"line":547,"column":116}},"268":{"start":{"line":548,"column":10},"end":{"line":556,"column":null}},"269":{"start":{"line":549,"column":34},"end":{"line":549,"column":49}},"270":{"start":{"line":550,"column":12},"end":{"line":553,"column":14}},"271":{"start":{"line":551,"column":14},"end":{"line":551,"column":90}},"272":{"start":{"line":552,"column":14},"end":{"line":552,"column":32}},"273":{"start":{"line":554,"column":12},"end":{"line":554,"column":135}},"274":{"start":{"line":554,"column":42},"end":{"line":554,"column":135}},"275":{"start":{"line":555,"column":12},"end":{"line":555,"column":19}},"276":{"start":{"line":558,"column":10},"end":{"line":558,"column":28}},"277":{"start":{"line":561,"column":8},"end":{"line":561,"column":49}},"278":{"start":{"line":561,"column":39},"end":{"line":561,"column":48}},"279":{"start":{"line":562,"column":8},"end":{"line":562,"column":120}},"280":{"start":{"line":562,"column":36},"end":{"line":562,"column":120}},"281":{"start":{"line":563,"column":8},"end":{"line":563,"column":121}},"282":{"start":{"line":563,"column":36},"end":{"line":563,"column":121}},"283":{"start":{"line":565,"column":8},"end":{"line":565,"column":22}},"284":{"start":{"line":571,"column":15},"end":{"line":571,"column":19}},"285":{"start":{"line":572,"column":33},"end":{"line":572,"column":58}},"286":{"start":{"line":573,"column":31},"end":{"line":573,"column":56}},"287":{"start":{"line":574,"column":22},"end":{"line":574,"column":66}},"288":{"start":{"line":576,"column":23},"end":{"line":597,"column":3}},"289":{"start":{"line":577,"column":31},"end":{"line":577,"column":33}},"290":{"start":{"line":579,"column":4},"end":{"line":592,"column":7}},"291":{"start":{"line":580,"column":21},"end":{"line":580,"column":45}},"292":{"start":{"line":581,"column":18},"end":{"line":581,"column":23}},"293":{"start":{"line":583,"column":6},"end":{"line":587,"column":null}},"294":{"start":{"line":584,"column":8},"end":{"line":584,"column":44}},"295":{"start":{"line":586,"column":8},"end":{"line":586,"column":22}},"296":{"start":{"line":589,"column":6},"end":{"line":591,"column":null}},"297":{"start":{"line":590,"column":8},"end":{"line":590,"column":56}},"298":{"start":{"line":594,"column":4},"end":{"line":596,"column":null}},"299":{"start":{"line":595,"column":6},"end":{"line":595,"column":83}},"300":{"start":{"line":600,"column":22},"end":{"line":620,"column":3}},"301":{"start":{"line":601,"column":28},"end":{"line":601,"column":82}},"302":{"start":{"line":602,"column":4},"end":{"line":602,"column":63}},"303":{"start":{"line":602,"column":46},"end":{"line":602,"column":63}},"304":{"start":{"line":604,"column":22},"end":{"line":604,"column":55}},"305":{"start":{"line":606,"column":4},"end":{"line":608,"column":null}},"306":{"start":{"line":607,"column":6},"end":{"line":607,"column":29}},"307":{"start":{"line":610,"column":4},"end":{"line":619,"column":null}},"308":{"start":{"line":612,"column":8},"end":{"line":612,"column":36}},"309":{"start":{"line":614,"column":8},"end":{"line":614,"column":41}},"310":{"start":{"line":616,"column":8},"end":{"line":616,"column":38}},"311":{"start":{"line":618,"column":8},"end":{"line":618,"column":25}},"312":{"start":{"line":622,"column":31},"end":{"line":628,"column":3}},"313":{"start":{"line":623,"column":16},"end":{"line":623,"column":26}},"314":{"start":{"line":624,"column":34},"end":{"line":624,"column":106}},"315":{"start":{"line":626,"column":5},"end":{"line":626,"column":110}},"316":{"start":{"line":627,"column":5},"end":{"line":627,"column":46}},"317":{"start":{"line":630,"column":27},"end":{"line":636,"column":3}},"318":{"start":{"line":631,"column":4},"end":{"line":635,"column":7}},"319":{"start":{"line":632,"column":22},"end":{"line":632,"column":36}},"320":{"start":{"line":633,"column":6},"end":{"line":633,"column":73}},"321":{"start":{"line":633,"column":32},"end":{"line":633,"column":72}},"322":{"start":{"line":634,"column":6},"end":{"line":634,"column":52}},"323":{"start":{"line":634,"column":30},"end":{"line":634,"column":51}},"324":{"start":{"line":638,"column":27},"end":{"line":644,"column":3}},"325":{"start":{"line":639,"column":4},"end":{"line":643,"column":7}},"326":{"start":{"line":640,"column":22},"end":{"line":640,"column":37}},"327":{"start":{"line":641,"column":6},"end":{"line":641,"column":42}},"328":{"start":{"line":641,"column":32},"end":{"line":641,"column":41}},"329":{"start":{"line":642,"column":6},"end":{"line":642,"column":52}},"330":{"start":{"line":642,"column":30},"end":{"line":642,"column":51}},"331":{"start":{"line":646,"column":27},"end":{"line":661,"column":4}},"332":{"start":{"line":646,"column":83},"end":{"line":661,"column":4}},"333":{"start":{"line":647,"column":16},"end":{"line":647,"column":32}},"334":{"start":{"line":650,"column":4},"end":{"line":652,"column":null}},"335":{"start":{"line":651,"column":6},"end":{"line":651,"column":56}},"336":{"start":{"line":654,"column":4},"end":{"line":654,"column":45}},"337":{"start":{"line":656,"column":4},"end":{"line":660,"column":7}},"338":{"start":{"line":657,"column":22},"end":{"line":657,"column":37}},"339":{"start":{"line":658,"column":6},"end":{"line":658,"column":42}},"340":{"start":{"line":658,"column":32},"end":{"line":658,"column":41}},"341":{"start":{"line":659,"column":6},"end":{"line":659,"column":52}},"342":{"start":{"line":659,"column":30},"end":{"line":659,"column":51}},"343":{"start":{"line":663,"column":27},"end":{"line":669,"column":3}},"344":{"start":{"line":664,"column":4},"end":{"line":668,"column":7}},"345":{"start":{"line":665,"column":22},"end":{"line":665,"column":39}},"346":{"start":{"line":666,"column":6},"end":{"line":666,"column":42}},"347":{"start":{"line":666,"column":32},"end":{"line":666,"column":41}},"348":{"start":{"line":667,"column":6},"end":{"line":667,"column":52}},"349":{"start":{"line":667,"column":30},"end":{"line":667,"column":51}},"350":{"start":{"line":672,"column":21},"end":{"line":685,"column":3}},"351":{"start":{"line":673,"column":28},"end":{"line":673,"column":82}},"352":{"start":{"line":674,"column":4},"end":{"line":674,"column":43}},"353":{"start":{"line":674,"column":26},"end":{"line":674,"column":43}},"354":{"start":{"line":676,"column":19},"end":{"line":676,"column":41}},"355":{"start":{"line":678,"column":4},"end":{"line":684,"column":null}},"356":{"start":{"line":680,"column":6},"end":{"line":680,"column":55}},"357":{"start":{"line":680,"column":34},"end":{"line":680,"column":53}},"358":{"start":{"line":683,"column":6},"end":{"line":683,"column":35}},"359":{"start":{"line":688,"column":17},"end":{"line":698,"column":3}},"360":{"start":{"line":689,"column":28},"end":{"line":689,"column":82}},"361":{"start":{"line":690,"column":4},"end":{"line":690,"column":33}},"362":{"start":{"line":690,"column":26},"end":{"line":690,"column":33}},"363":{"start":{"line":692,"column":19},"end":{"line":692,"column":41}},"364":{"start":{"line":694,"column":4},"end":{"line":696,"column":null}},"365":{"start":{"line":695,"column":7},"end":{"line":695,"column":34}},"366":{"start":{"line":700,"column":2},"end":{"line":897,"column":6}},"367":{"start":{"line":702,"column":8},"end":{"line":702,"column":67}},"368":{"start":{"line":702,"column":22},"end":{"line":702,"column":67}},"369":{"start":{"line":703,"column":26},"end":{"line":703,"column":48}},"370":{"start":{"line":704,"column":8},"end":{"line":704,"column":55}},"371":{"start":{"line":707,"column":47},"end":{"line":728,"column":null}},"372":{"start":{"line":709,"column":32},"end":{"line":709,"column":86}},"373":{"start":{"line":710,"column":8},"end":{"line":718,"column":null}},"374":{"start":{"line":711,"column":29},"end":{"line":711,"column":45}},"375":{"start":{"line":712,"column":10},"end":{"line":717,"column":null}},"376":{"start":{"line":713,"column":33},"end":{"line":713,"column":50}},"377":{"start":{"line":714,"column":12},"end":{"line":716,"column":null}},"378":{"start":{"line":715,"column":14},"end":{"line":715,"column":41}},"379":{"start":{"line":720,"column":8},"end":{"line":720,"column":27}},"380":{"start":{"line":721,"column":8},"end":{"line":721,"column":35}},"381":{"start":{"line":723,"column":8},"end":{"line":727,"column":11}},"382":{"start":{"line":724,"column":10},"end":{"line":726,"column":13}},"383":{"start":{"line":725,"column":12},"end":{"line":725,"column":62}},"384":{"start":{"line":730,"column":54},"end":{"line":735,"column":null}},"385":{"start":{"line":731,"column":27},"end":{"line":731,"column":62}},"386":{"start":{"line":732,"column":8},"end":{"line":734,"column":null}},"387":{"start":{"line":733,"column":10},"end":{"line":733,"column":40}},"388":{"start":{"line":737,"column":78},"end":{"line":748,"column":null}},"389":{"start":{"line":738,"column":8},"end":{"line":747,"column":11}},"390":{"start":{"line":739,"column":26},"end":{"line":739,"column":40}},"391":{"start":{"line":740,"column":10},"end":{"line":746,"column":13}},"392":{"start":{"line":741,"column":12},"end":{"line":744,"column":14}},"393":{"start":{"line":742,"column":14},"end":{"line":742,"column":75}},"394":{"start":{"line":743,"column":14},"end":{"line":743,"column":55}},"395":{"start":{"line":745,"column":12},"end":{"line":745,"column":58}},"396":{"start":{"line":745,"column":36},"end":{"line":745,"column":57}},"397":{"start":{"line":750,"column":47},"end":{"line":758,"column":null}},"398":{"start":{"line":751,"column":8},"end":{"line":751,"column":27}},"399":{"start":{"line":753,"column":8},"end":{"line":757,"column":11}},"400":{"start":{"line":754,"column":10},"end":{"line":756,"column":13}},"401":{"start":{"line":755,"column":12},"end":{"line":755,"column":64}},"402":{"start":{"line":760,"column":54},"end":{"line":765,"column":null}},"403":{"start":{"line":761,"column":27},"end":{"line":761,"column":62}},"404":{"start":{"line":762,"column":8},"end":{"line":764,"column":null}},"405":{"start":{"line":763,"column":10},"end":{"line":763,"column":40}},"406":{"start":{"line":767,"column":71},"end":{"line":773,"column":null}},"407":{"start":{"line":768,"column":8},"end":{"line":772,"column":11}},"408":{"start":{"line":769,"column":10},"end":{"line":771,"column":13}},"409":{"start":{"line":770,"column":12},"end":{"line":770,"column":65}},"410":{"start":{"line":775,"column":83},"end":{"line":780,"column":null}},"411":{"start":{"line":776,"column":27},"end":{"line":776,"column":62}},"412":{"start":{"line":777,"column":8},"end":{"line":779,"column":null}},"413":{"start":{"line":778,"column":10},"end":{"line":778,"column":39}},"414":{"start":{"line":782,"column":106},"end":{"line":792,"column":null}},"415":{"start":{"line":783,"column":27},"end":{"line":783,"column":62}},"416":{"start":{"line":784,"column":22},"end":{"line":784,"column":40}},"417":{"start":{"line":785,"column":30},"end":{"line":785,"column":55}},"418":{"start":{"line":786,"column":24},"end":{"line":786,"column":53}},"419":{"start":{"line":787,"column":21},"end":{"line":789,"column":96}},"420":{"start":{"line":788,"column":25},"end":{"line":788,"column":41}},"421":{"start":{"line":789,"column":62},"end":{"line":789,"column":95}},"422":{"start":{"line":791,"column":8},"end":{"line":791,"column":42}},"423":{"start":{"line":794,"column":37},"end":{"line":805,"column":null}},"424":{"start":{"line":795,"column":8},"end":{"line":804,"column":11}},"425":{"start":{"line":796,"column":26},"end":{"line":796,"column":40}},"426":{"start":{"line":797,"column":10},"end":{"line":803,"column":13}},"427":{"start":{"line":798,"column":12},"end":{"line":801,"column":14}},"428":{"start":{"line":799,"column":14},"end":{"line":799,"column":75}},"429":{"start":{"line":800,"column":14},"end":{"line":800,"column":45}},"430":{"start":{"line":802,"column":12},"end":{"line":802,"column":58}},"431":{"start":{"line":802,"column":36},"end":{"line":802,"column":57}},"432":{"start":{"line":807,"column":76},"end":{"line":820,"column":null}},"433":{"start":{"line":808,"column":8},"end":{"line":819,"column":11}},"434":{"start":{"line":809,"column":26},"end":{"line":809,"column":40}},"435":{"start":{"line":810,"column":10},"end":{"line":818,"column":13}},"436":{"start":{"line":811,"column":12},"end":{"line":816,"column":14}},"437":{"start":{"line":812,"column":28},"end":{"line":812,"column":49}},"438":{"start":{"line":813,"column":37},"end":{"line":813,"column":88}},"439":{"start":{"line":814,"column":14},"end":{"line":814,"column":81}},"440":{"start":{"line":815,"column":14},"end":{"line":815,"column":38}},"441":{"start":{"line":817,"column":12},"end":{"line":817,"column":58}},"442":{"start":{"line":817,"column":36},"end":{"line":817,"column":57}},"443":{"start":{"line":822,"column":73},"end":{"line":838,"column":null}},"444":{"start":{"line":823,"column":8},"end":{"line":837,"column":11}},"445":{"start":{"line":824,"column":10},"end":{"line":826,"column":null}},"446":{"start":{"line":825,"column":12},"end":{"line":825,"column":82}},"447":{"start":{"line":828,"column":24},"end":{"line":828,"column":46}},"448":{"start":{"line":829,"column":26},"end":{"line":829,"column":45}},"449":{"start":{"line":830,"column":10},"end":{"line":836,"column":13}},"450":{"start":{"line":831,"column":12},"end":{"line":834,"column":14}},"451":{"start":{"line":832,"column":14},"end":{"line":832,"column":102}},"452":{"start":{"line":833,"column":14},"end":{"line":833,"column":45}},"453":{"start":{"line":835,"column":12},"end":{"line":835,"column":58}},"454":{"start":{"line":835,"column":36},"end":{"line":835,"column":57}},"455":{"start":{"line":840,"column":86},"end":{"line":856,"column":null}},"456":{"start":{"line":841,"column":8},"end":{"line":855,"column":11}},"457":{"start":{"line":842,"column":10},"end":{"line":844,"column":null}},"458":{"start":{"line":843,"column":12},"end":{"line":843,"column":82}},"459":{"start":{"line":846,"column":24},"end":{"line":846,"column":46}},"460":{"start":{"line":847,"column":26},"end":{"line":847,"column":42}},"461":{"start":{"line":848,"column":10},"end":{"line":854,"column":13}},"462":{"start":{"line":849,"column":12},"end":{"line":852,"column":14}},"463":{"start":{"line":850,"column":14},"end":{"line":850,"column":101}},"464":{"start":{"line":851,"column":14},"end":{"line":851,"column":55}},"465":{"start":{"line":853,"column":12},"end":{"line":853,"column":58}},"466":{"start":{"line":853,"column":36},"end":{"line":853,"column":57}},"467":{"start":{"line":858,"column":41},"end":{"line":869,"column":null}},"468":{"start":{"line":859,"column":8},"end":{"line":868,"column":11}},"469":{"start":{"line":860,"column":26},"end":{"line":860,"column":39}},"470":{"start":{"line":861,"column":10},"end":{"line":867,"column":13}},"471":{"start":{"line":862,"column":12},"end":{"line":865,"column":14}},"472":{"start":{"line":863,"column":14},"end":{"line":863,"column":70}},"473":{"start":{"line":864,"column":14},"end":{"line":864,"column":38}},"474":{"start":{"line":866,"column":12},"end":{"line":866,"column":58}},"475":{"start":{"line":866,"column":36},"end":{"line":866,"column":57}},"476":{"start":{"line":871,"column":54},"end":{"line":883,"column":null}},"477":{"start":{"line":872,"column":8},"end":{"line":882,"column":11}},"478":{"start":{"line":873,"column":26},"end":{"line":873,"column":42}},"479":{"start":{"line":874,"column":10},"end":{"line":881,"column":13}},"480":{"start":{"line":875,"column":12},"end":{"line":879,"column":14}},"481":{"start":{"line":876,"column":29},"end":{"line":876,"column":47}},"482":{"start":{"line":877,"column":14},"end":{"line":877,"column":85}},"483":{"start":{"line":878,"column":14},"end":{"line":878,"column":30}},"484":{"start":{"line":880,"column":12},"end":{"line":880,"column":58}},"485":{"start":{"line":880,"column":36},"end":{"line":880,"column":57}},"486":{"start":{"line":885,"column":39},"end":{"line":896,"column":null}},"487":{"start":{"line":886,"column":8},"end":{"line":895,"column":11}},"488":{"start":{"line":887,"column":26},"end":{"line":887,"column":39}},"489":{"start":{"line":888,"column":10},"end":{"line":894,"column":13}},"490":{"start":{"line":889,"column":12},"end":{"line":892,"column":14}},"491":{"start":{"line":890,"column":14},"end":{"line":890,"column":66}},"492":{"start":{"line":891,"column":14},"end":{"line":891,"column":24}},"493":{"start":{"line":893,"column":12},"end":{"line":893,"column":58}},"494":{"start":{"line":893,"column":36},"end":{"line":893,"column":57}},"495":{"start":{"line":905,"column":4},"end":{"line":907,"column":null}},"496":{"start":{"line":906,"column":6},"end":{"line":906,"column":51}},"497":{"start":{"line":909,"column":22},"end":{"line":909,"column":45}},"498":{"start":{"line":910,"column":24},"end":{"line":910,"column":60}},"499":{"start":{"line":911,"column":18},"end":{"line":911,"column":52}},"500":{"start":{"line":913,"column":4},"end":{"line":913,"column":28}},"501":{"start":{"line":917,"column":4},"end":{"line":920,"column":null}},"502":{"start":{"line":918,"column":6},"end":{"line":918,"column":41}},"503":{"start":{"line":919,"column":6},"end":{"line":919,"column":33}},"504":{"start":{"line":922,"column":4},"end":{"line":925,"column":null}},"505":{"start":{"line":923,"column":6},"end":{"line":923,"column":22}},"506":{"start":{"line":924,"column":6},"end":{"line":924,"column":21}},"507":{"start":{"line":929,"column":4},"end":{"line":929,"column":54}},"508":{"start":{"line":933,"column":4},"end":{"line":933,"column":26}},"509":{"start":{"line":937,"column":21},"end":{"line":937,"column":46}},"510":{"start":{"line":938,"column":4},"end":{"line":941,"column":7}},"511":{"start":{"line":939,"column":22},"end":{"line":939,"column":62}},"512":{"start":{"line":940,"column":6},"end":{"line":940,"column":38}},"513":{"start":{"line":942,"column":4},"end":{"line":942,"column":20}},"514":{"start":{"line":946,"column":16},"end":{"line":946,"column":61}},"515":{"start":{"line":946,"column":39},"end":{"line":946,"column":60}},"516":{"start":{"line":947,"column":4},"end":{"line":947,"column":72}},"517":{"start":{"line":951,"column":9},"end":{"line":951,"column":17}}},"fnMap":{"0":{"name":"(anonymous_7)","decl":{"start":{"line":24,"column":2},"end":{"line":24,"column":14}},"loc":{"start":{"line":24,"column":48},"end":{"line":27,"column":3}}},"1":{"name":"(anonymous_8)","decl":{"start":{"line":29,"column":2},"end":{"line":29,"column":7}},"loc":{"start":{"line":29,"column":21},"end":{"line":32,"column":3}}},"2":{"name":"(anonymous_9)","decl":{"start":{"line":33,"column":2},"end":{"line":33,"column":5}},"loc":{"start":{"line":33,"column":19},"end":{"line":36,"column":3}}},"3":{"name":"(anonymous_10)","decl":{"start":{"line":37,"column":2},"end":{"line":37,"column":8}},"loc":{"start":{"line":37,"column":19},"end":{"line":42,"column":3}}},"4":{"name":"(anonymous_11)","decl":{"start":{"line":43,"column":2},"end":{"line":43,"column":4}},"loc":{"start":{"line":43,"column":15},"end":{"line":48,"column":3}}},"5":{"name":"(anonymous_12)","decl":{"start":{"line":49,"column":2},"end":{"line":49,"column":5}},"loc":{"start":{"line":49,"column":16},"end":{"line":54,"column":3}}},"6":{"name":"(anonymous_13)","decl":{"start":{"line":55,"column":2},"end":{"line":55,"column":4}},"loc":{"start":{"line":55,"column":15},"end":{"line":60,"column":3}}},"7":{"name":"(anonymous_14)","decl":{"start":{"line":61,"column":2},"end":{"line":61,"column":5}},"loc":{"start":{"line":61,"column":16},"end":{"line":66,"column":3}}},"8":{"name":"(anonymous_15)","decl":{"start":{"line":67,"column":2},"end":{"line":67,"column":9}},"loc":{"start":{"line":67,"column":58},"end":{"line":71,"column":3}}},"9":{"name":"(anonymous_16)","decl":{"start":{"line":72,"column":2},"end":{"line":72,"column":7}},"loc":{"start":{"line":72,"column":17},"end":{"line":75,"column":3}}},"10":{"name":"(anonymous_17)","decl":{"start":{"line":76,"column":2},"end":{"line":76,"column":8}},"loc":{"start":{"line":76,"column":18},"end":{"line":79,"column":3}}},"11":{"name":"(anonymous_18)","decl":{"start":{"line":80,"column":2},"end":{"line":80,"column":10}},"loc":{"start":{"line":80,"column":28},"end":{"line":83,"column":3}}},"12":{"name":"(anonymous_19)","decl":{"start":{"line":84,"column":2},"end":{"line":84,"column":7}},"loc":{"start":{"line":84,"column":28},"end":{"line":88,"column":3}}},"13":{"name":"(anonymous_20)","decl":{"start":{"line":90,"column":8},"end":{"line":90,"column":15}},"loc":{"start":{"line":90,"column":15},"end":{"line":153,"column":null}}},"14":{"name":"(anonymous_22)","decl":{"start":{"line":91,"column":28},"end":{"line":91,"column":29}},"loc":{"start":{"line":91,"column":48},"end":{"line":152,"column":5}}},"15":{"name":"(anonymous_23)","decl":{"start":{"line":117,"column":26},"end":{"line":117,"column":29}},"loc":{"start":{"line":117,"column":31},"end":{"line":150,"column":7}}},"16":{"name":"(anonymous_24)","decl":{"start":{"line":137,"column":25},"end":{"line":137,"column":26}},"loc":{"start":{"line":137,"column":34},"end":{"line":143,"column":13}}},"17":{"name":"(anonymous_25)","decl":{"start":{"line":151,"column":24},"end":{"line":151,"column":27}},"loc":{"start":{"line":151,"column":30},"end":{"line":151,"column":51}}},"18":{"name":"(anonymous_26)","decl":{"start":{"line":194,"column":2},"end":{"line":194,"column":8}},"loc":{"start":{"line":194,"column":13},"end":{"line":201,"column":3}}},"19":{"name":"(anonymous_27)","decl":{"start":{"line":196,"column":67},"end":{"line":196,"column":76}},"loc":{"start":{"line":196,"column":77},"end":{"line":200,"column":5}}},"20":{"name":"(anonymous_28)","decl":{"start":{"line":203,"column":2},"end":{"line":203,"column":8}},"loc":{"start":{"line":203,"column":18},"end":{"line":205,"column":3}}},"21":{"name":"(anonymous_29)","decl":{"start":{"line":207,"column":2},"end":{"line":207,"column":8}},"loc":{"start":{"line":207,"column":15},"end":{"line":209,"column":3}}},"22":{"name":"KeyPath","decl":{"start":{"line":213,"column":9},"end":{"line":213,"column":16}},"loc":{"start":{"line":213,"column":41},"end":{"line":228,"column":1}}},"23":{"name":"(anonymous_31)","decl":{"start":{"line":214,"column":9},"end":{"line":214,"column":10}},"loc":{"start":{"line":214,"column":55},"end":{"line":227,"column":3}}},"24":{"name":"CompositeKeyPath","decl":{"start":{"line":231,"column":9},"end":{"line":231,"column":25}},"loc":{"start":{"line":231,"column":68},"end":{"line":239,"column":1}}},"25":{"name":"(anonymous_33)","decl":{"start":{"line":232,"column":9},"end":{"line":232,"column":10}},"loc":{"start":{"line":232,"column":30},"end":{"line":238,"column":3}}},"26":{"name":"Index","decl":{"start":{"line":241,"column":9},"end":{"line":241,"column":14}},"loc":{"start":{"line":241,"column":43},"end":{"line":248,"column":1}}},"27":{"name":"(anonymous_35)","decl":{"start":{"line":242,"column":9},"end":{"line":242,"column":10}},"loc":{"start":{"line":242,"column":58},"end":{"line":247,"column":3}}},"28":{"name":"Validate","decl":{"start":{"line":250,"column":9},"end":{"line":250,"column":17}},"loc":{"start":{"line":250,"column":87},"end":{"line":257,"column":1}}},"29":{"name":"(anonymous_37)","decl":{"start":{"line":251,"column":9},"end":{"line":251,"column":10}},"loc":{"start":{"line":251,"column":58},"end":{"line":256,"column":3}}},"30":{"name":"RetentionPolicy","decl":{"start":{"line":259,"column":9},"end":{"line":259,"column":24}},"loc":{"start":{"line":259,"column":56},"end":{"line":273,"column":1}}},"31":{"name":"(anonymous_39)","decl":{"start":{"line":260,"column":9},"end":{"line":260,"column":10}},"loc":{"start":{"line":260,"column":30},"end":{"line":272,"column":3}}},"32":{"name":"DataClass","decl":{"start":{"line":279,"column":9},"end":{"line":279,"column":18}},"loc":{"start":{"line":279,"column":49},"end":{"line":297,"column":1}}},"33":{"name":"(anonymous_41)","decl":{"start":{"line":280,"column":9},"end":{"line":280,"column":10}},"loc":{"start":{"line":280,"column":30},"end":{"line":296,"column":3}}},"34":{"name":"(anonymous_42)","decl":{"start":{"line":330,"column":2},"end":{"line":330,"column":22}},"loc":{"start":{"line":330,"column":57},"end":{"line":351,"column":3}}},"35":{"name":"(anonymous_43)","decl":{"start":{"line":332,"column":23},"end":{"line":332,"column":26}},"loc":{"start":{"line":332,"column":30},"end":{"line":332,"column":67}}},"36":{"name":"(anonymous_44)","decl":{"start":{"line":338,"column":11},"end":{"line":338,"column":12}},"loc":{"start":{"line":338,"column":19},"end":{"line":349,"column":7}}},"37":{"name":"(anonymous_45)","decl":{"start":{"line":350,"column":14},"end":{"line":350,"column":15}},"loc":{"start":{"line":350,"column":111},"end":{"line":350,"column":126}}},"38":{"name":"(anonymous_46)","decl":{"start":{"line":353,"column":10},"end":{"line":353,"column":34}},"loc":{"start":{"line":353,"column":34},"end":{"line":357,"column":3}}},"39":{"name":"(anonymous_47)","decl":{"start":{"line":355,"column":38},"end":{"line":355,"column":41}},"loc":{"start":{"line":355,"column":45},"end":{"line":355,"column":85}}},"40":{"name":"(anonymous_48)","decl":{"start":{"line":359,"column":9},"end":{"line":359,"column":15}},"loc":{"start":{"line":361,"column":23},"end":{"line":367,"column":null}}},"41":{"name":"(anonymous_50)","decl":{"start":{"line":369,"column":16},"end":{"line":369,"column":22}},"loc":{"start":{"line":369,"column":22},"end":{"line":453,"column":null}}},"42":{"name":"(anonymous_52)","decl":{"start":{"line":370,"column":23},"end":{"line":370,"column":24}},"loc":{"start":{"line":370,"column":43},"end":{"line":452,"column":5}}},"43":{"name":"(anonymous_53)","decl":{"start":{"line":373,"column":32},"end":{"line":373,"column":33}},"loc":{"start":{"line":373,"column":42},"end":{"line":439,"column":7}}},"44":{"name":"(anonymous_54)","decl":{"start":{"line":381,"column":29},"end":{"line":381,"column":30}},"loc":{"start":{"line":381,"column":37},"end":{"line":438,"column":9}}},"45":{"name":"(anonymous_55)","decl":{"start":{"line":407,"column":34},"end":{"line":407,"column":35}},"loc":{"start":{"line":407,"column":73},"end":{"line":416,"column":15}}},"46":{"name":"(anonymous_56)","decl":{"start":{"line":424,"column":36},"end":{"line":424,"column":37}},"loc":{"start":{"line":424,"column":75},"end":{"line":434,"column":17}}},"47":{"name":"(anonymous_57)","decl":{"start":{"line":441,"column":26},"end":{"line":441,"column":29}},"loc":{"start":{"line":441,"column":31},"end":{"line":446,"column":7}}},"48":{"name":"(anonymous_58)","decl":{"start":{"line":443,"column":115},"end":{"line":443,"column":118}},"loc":{"start":{"line":443,"column":122},"end":{"line":443,"column":181}}},"49":{"name":"(anonymous_59)","decl":{"start":{"line":448,"column":24},"end":{"line":448,"column":27}},"loc":{"start":{"line":448,"column":29},"end":{"line":451,"column":7}}},"50":{"name":"(anonymous_60)","decl":{"start":{"line":455,"column":10},"end":{"line":455,"column":36}},"loc":{"start":{"line":455,"column":36},"end":{"line":471,"column":3}}},"51":{"name":"(anonymous_61)","decl":{"start":{"line":456,"column":25},"end":{"line":456,"column":28}},"loc":{"start":{"line":456,"column":31},"end":{"line":470,"column":5}}},"52":{"name":"(anonymous_62)","decl":{"start":{"line":473,"column":10},"end":{"line":473,"column":45}},"loc":{"start":{"line":473,"column":45},"end":{"line":491,"column":3}}},"53":{"name":"(anonymous_63)","decl":{"start":{"line":478,"column":16},"end":{"line":478,"column":17}},"loc":{"start":{"line":478,"column":56},"end":{"line":487,"column":5}}},"54":{"name":"(anonymous_64)","decl":{"start":{"line":489,"column":47},"end":{"line":489,"column":48}},"loc":{"start":{"line":489,"column":63},"end":{"line":489,"column":77}}},"55":{"name":"(anonymous_65)","decl":{"start":{"line":490,"column":26},"end":{"line":490,"column":27}},"loc":{"start":{"line":490,"column":50},"end":{"line":490,"column":73}}},"56":{"name":"(anonymous_66)","decl":{"start":{"line":493,"column":10},"end":{"line":493,"column":31}},"loc":{"start":{"line":493,"column":31},"end":{"line":504,"column":3}}},"57":{"name":"(anonymous_67)","decl":{"start":{"line":501,"column":38},"end":{"line":501,"column":41}},"loc":{"start":{"line":501,"column":43},"end":{"line":503,"column":5}}},"58":{"name":"(anonymous_68)","decl":{"start":{"line":506,"column":16},"end":{"line":506,"column":35}},"loc":{"start":{"line":506,"column":35},"end":{"line":521,"column":null}}},"59":{"name":"(anonymous_70)","decl":{"start":{"line":523,"column":10},"end":{"line":523,"column":31}},"loc":{"start":{"line":526,"column":35},"end":{"line":568,"column":3}}},"60":{"name":"(anonymous_71)","decl":{"start":{"line":532,"column":23},"end":{"line":532,"column":24}},"loc":{"start":{"line":532,"column":43},"end":{"line":567,"column":5}}},"61":{"name":"(anonymous_72)","decl":{"start":{"line":539,"column":28},"end":{"line":539,"column":31}},"loc":{"start":{"line":539,"column":33},"end":{"line":559,"column":9}}},"62":{"name":"(anonymous_73)","decl":{"start":{"line":550,"column":38},"end":{"line":550,"column":41}},"loc":{"start":{"line":550,"column":43},"end":{"line":553,"column":13}}},"63":{"name":"(anonymous_74)","decl":{"start":{"line":554,"column":36},"end":{"line":554,"column":39}},"loc":{"start":{"line":554,"column":41},"end":{"line":554,"column":135}}},"64":{"name":"(anonymous_75)","decl":{"start":{"line":561,"column":33},"end":{"line":561,"column":36}},"loc":{"start":{"line":561,"column":39},"end":{"line":561,"column":48}}},"65":{"name":"(anonymous_76)","decl":{"start":{"line":562,"column":30},"end":{"line":562,"column":33}},"loc":{"start":{"line":562,"column":35},"end":{"line":562,"column":120}}},"66":{"name":"(anonymous_77)","decl":{"start":{"line":563,"column":30},"end":{"line":563,"column":33}},"loc":{"start":{"line":563,"column":35},"end":{"line":563,"column":121}}},"67":{"name":"(anonymous_78)","decl":{"start":{"line":570,"column":10},"end":{"line":570,"column":32}},"loc":{"start":{"line":570,"column":49},"end":{"line":898,"column":3}}},"68":{"name":"(anonymous_79)","decl":{"start":{"line":576,"column":23},"end":{"line":576,"column":24}},"loc":{"start":{"line":576,"column":41},"end":{"line":597,"column":3}}},"69":{"name":"(anonymous_80)","decl":{"start":{"line":579,"column":23},"end":{"line":579,"column":24}},"loc":{"start":{"line":579,"column":32},"end":{"line":592,"column":5}}},"70":{"name":"(anonymous_81)","decl":{"start":{"line":600,"column":22},"end":{"line":600,"column":23}},"loc":{"start":{"line":600,"column":63},"end":{"line":620,"column":3}}},"71":{"name":"(anonymous_82)","decl":{"start":{"line":622,"column":31},"end":{"line":622,"column":32}},"loc":{"start":{"line":622,"column":67},"end":{"line":628,"column":3}}},"72":{"name":"(anonymous_83)","decl":{"start":{"line":630,"column":27},"end":{"line":630,"column":28}},"loc":{"start":{"line":630,"column":110},"end":{"line":636,"column":3}}},"73":{"name":"(anonymous_84)","decl":{"start":{"line":631,"column":38},"end":{"line":631,"column":39}},"loc":{"start":{"line":631,"column":58},"end":{"line":635,"column":5}}},"74":{"name":"(anonymous_85)","decl":{"start":{"line":633,"column":26},"end":{"line":633,"column":29}},"loc":{"start":{"line":633,"column":32},"end":{"line":633,"column":72}}},"75":{"name":"(anonymous_86)","decl":{"start":{"line":634,"column":24},"end":{"line":634,"column":27}},"loc":{"start":{"line":634,"column":30},"end":{"line":634,"column":51}}},"76":{"name":"(anonymous_87)","decl":{"start":{"line":638,"column":27},"end":{"line":638,"column":28}},"loc":{"start":{"line":638,"column":77},"end":{"line":644,"column":3}}},"77":{"name":"(anonymous_88)","decl":{"start":{"line":639,"column":29},"end":{"line":639,"column":30}},"loc":{"start":{"line":639,"column":49},"end":{"line":643,"column":5}}},"78":{"name":"(anonymous_89)","decl":{"start":{"line":641,"column":26},"end":{"line":641,"column":29}},"loc":{"start":{"line":641,"column":32},"end":{"line":641,"column":41}}},"79":{"name":"(anonymous_90)","decl":{"start":{"line":642,"column":24},"end":{"line":642,"column":27}},"loc":{"start":{"line":642,"column":30},"end":{"line":642,"column":51}}},"80":{"name":"(anonymous_91)","decl":{"start":{"line":646,"column":27},"end":{"line":646,"column":34}},"loc":{"start":{"line":646,"column":83},"end":{"line":661,"column":4}}},"81":{"name":"(anonymous_92)","decl":{"start":{"line":646,"column":83},"end":{"line":646,"column":null}},"loc":{"start":{"line":646,"column":83},"end":{"line":661,"column":3}}},"82":{"name":"(anonymous_93)","decl":{"start":{"line":656,"column":28},"end":{"line":656,"column":29}},"loc":{"start":{"line":656,"column":48},"end":{"line":660,"column":5}}},"83":{"name":"(anonymous_94)","decl":{"start":{"line":658,"column":26},"end":{"line":658,"column":29}},"loc":{"start":{"line":658,"column":32},"end":{"line":658,"column":41}}},"84":{"name":"(anonymous_95)","decl":{"start":{"line":659,"column":24},"end":{"line":659,"column":27}},"loc":{"start":{"line":659,"column":30},"end":{"line":659,"column":51}}},"85":{"name":"(anonymous_96)","decl":{"start":{"line":663,"column":27},"end":{"line":663,"column":28}},"loc":{"start":{"line":663,"column":101},"end":{"line":669,"column":3}}},"86":{"name":"(anonymous_97)","decl":{"start":{"line":664,"column":29},"end":{"line":664,"column":30}},"loc":{"start":{"line":664,"column":49},"end":{"line":668,"column":5}}},"87":{"name":"(anonymous_98)","decl":{"start":{"line":666,"column":26},"end":{"line":666,"column":29}},"loc":{"start":{"line":666,"column":32},"end":{"line":666,"column":41}}},"88":{"name":"(anonymous_99)","decl":{"start":{"line":667,"column":24},"end":{"line":667,"column":27}},"loc":{"start":{"line":667,"column":30},"end":{"line":667,"column":51}}},"89":{"name":"(anonymous_100)","decl":{"start":{"line":672,"column":21},"end":{"line":672,"column":22}},"loc":{"start":{"line":672,"column":38},"end":{"line":685,"column":3}}},"90":{"name":"(anonymous_101)","decl":{"start":{"line":680,"column":24},"end":{"line":680,"column":29}},"loc":{"start":{"line":680,"column":34},"end":{"line":680,"column":53}}},"91":{"name":"(anonymous_102)","decl":{"start":{"line":688,"column":17},"end":{"line":688,"column":18}},"loc":{"start":{"line":688,"column":57},"end":{"line":698,"column":3}}},"92":{"name":"(anonymous_103)","decl":{"start":{"line":701,"column":6},"end":{"line":701,"column":11}},"loc":{"start":{"line":701,"column":11},"end":{"line":705,"column":7}}},"93":{"name":"(anonymous_104)","decl":{"start":{"line":707,"column":14},"end":{"line":707,"column":21}},"loc":{"start":{"line":707,"column":47},"end":{"line":728,"column":null}}},"94":{"name":"(anonymous_105)","decl":{"start":{"line":707,"column":47},"end":{"line":707,"column":null}},"loc":{"start":{"line":707,"column":47},"end":{"line":728,"column":7}}},"95":{"name":"(anonymous_106)","decl":{"start":{"line":723,"column":60},"end":{"line":723,"column":61}},"loc":{"start":{"line":723,"column":70},"end":{"line":727,"column":9}}},"96":{"name":"(anonymous_107)","decl":{"start":{"line":724,"column":52},"end":{"line":724,"column":55}},"loc":{"start":{"line":724,"column":57},"end":{"line":726,"column":11}}},"97":{"name":"(anonymous_108)","decl":{"start":{"line":730,"column":18},"end":{"line":730,"column":25}},"loc":{"start":{"line":730,"column":54},"end":{"line":735,"column":null}}},"98":{"name":"(anonymous_109)","decl":{"start":{"line":730,"column":54},"end":{"line":730,"column":null}},"loc":{"start":{"line":730,"column":54},"end":{"line":735,"column":7}}},"99":{"name":"(anonymous_110)","decl":{"start":{"line":737,"column":12},"end":{"line":737,"column":19}},"loc":{"start":{"line":737,"column":78},"end":{"line":748,"column":null}}},"100":{"name":"(anonymous_111)","decl":{"start":{"line":737,"column":78},"end":{"line":737,"column":null}},"loc":{"start":{"line":737,"column":78},"end":{"line":748,"column":7}}},"101":{"name":"(anonymous_112)","decl":{"start":{"line":738,"column":59},"end":{"line":738,"column":60}},"loc":{"start":{"line":738,"column":69},"end":{"line":747,"column":9}}},"102":{"name":"(anonymous_113)","decl":{"start":{"line":740,"column":44},"end":{"line":740,"column":45}},"loc":{"start":{"line":740,"column":64},"end":{"line":746,"column":11}}},"103":{"name":"(anonymous_114)","decl":{"start":{"line":741,"column":32},"end":{"line":741,"column":35}},"loc":{"start":{"line":741,"column":37},"end":{"line":744,"column":13}}},"104":{"name":"(anonymous_115)","decl":{"start":{"line":745,"column":30},"end":{"line":745,"column":33}},"loc":{"start":{"line":745,"column":36},"end":{"line":745,"column":57}}},"105":{"name":"(anonymous_116)","decl":{"start":{"line":750,"column":14},"end":{"line":750,"column":21}},"loc":{"start":{"line":750,"column":47},"end":{"line":758,"column":null}}},"106":{"name":"(anonymous_117)","decl":{"start":{"line":750,"column":47},"end":{"line":750,"column":null}},"loc":{"start":{"line":750,"column":47},"end":{"line":758,"column":7}}},"107":{"name":"(anonymous_118)","decl":{"start":{"line":753,"column":60},"end":{"line":753,"column":61}},"loc":{"start":{"line":753,"column":70},"end":{"line":757,"column":9}}},"108":{"name":"(anonymous_119)","decl":{"start":{"line":754,"column":52},"end":{"line":754,"column":55}},"loc":{"start":{"line":754,"column":57},"end":{"line":756,"column":11}}},"109":{"name":"(anonymous_120)","decl":{"start":{"line":760,"column":18},"end":{"line":760,"column":25}},"loc":{"start":{"line":760,"column":54},"end":{"line":765,"column":null}}},"110":{"name":"(anonymous_121)","decl":{"start":{"line":760,"column":54},"end":{"line":760,"column":null}},"loc":{"start":{"line":760,"column":54},"end":{"line":765,"column":7}}},"111":{"name":"(anonymous_122)","decl":{"start":{"line":767,"column":14},"end":{"line":767,"column":21}},"loc":{"start":{"line":767,"column":71},"end":{"line":773,"column":null}}},"112":{"name":"(anonymous_123)","decl":{"start":{"line":767,"column":71},"end":{"line":767,"column":null}},"loc":{"start":{"line":767,"column":71},"end":{"line":773,"column":7}}},"113":{"name":"(anonymous_124)","decl":{"start":{"line":768,"column":60},"end":{"line":768,"column":61}},"loc":{"start":{"line":768,"column":70},"end":{"line":772,"column":9}}},"114":{"name":"(anonymous_125)","decl":{"start":{"line":769,"column":51},"end":{"line":769,"column":54}},"loc":{"start":{"line":769,"column":56},"end":{"line":771,"column":11}}},"115":{"name":"(anonymous_126)","decl":{"start":{"line":775,"column":18},"end":{"line":775,"column":25}},"loc":{"start":{"line":775,"column":83},"end":{"line":780,"column":null}}},"116":{"name":"(anonymous_127)","decl":{"start":{"line":775,"column":83},"end":{"line":775,"column":null}},"loc":{"start":{"line":775,"column":83},"end":{"line":780,"column":7}}},"117":{"name":"(anonymous_128)","decl":{"start":{"line":782,"column":19},"end":{"line":782,"column":26}},"loc":{"start":{"line":782,"column":106},"end":{"line":792,"column":null}}},"118":{"name":"(anonymous_129)","decl":{"start":{"line":782,"column":106},"end":{"line":782,"column":null}},"loc":{"start":{"line":782,"column":106},"end":{"line":792,"column":7}}},"119":{"name":"(anonymous_130)","decl":{"start":{"line":788,"column":15},"end":{"line":788,"column":16}},"loc":{"start":{"line":788,"column":25},"end":{"line":788,"column":41}}},"120":{"name":"(anonymous_131)","decl":{"start":{"line":789,"column":18},"end":{"line":789,"column":19}},"loc":{"start":{"line":789,"column":62},"end":{"line":789,"column":95}}},"121":{"name":"(anonymous_132)","decl":{"start":{"line":794,"column":12},"end":{"line":794,"column":35}},"loc":{"start":{"line":794,"column":37},"end":{"line":805,"column":null}}},"122":{"name":"(anonymous_133)","decl":{"start":{"line":794,"column":37},"end":{"line":794,"column":null}},"loc":{"start":{"line":794,"column":37},"end":{"line":805,"column":7}}},"123":{"name":"(anonymous_134)","decl":{"start":{"line":795,"column":59},"end":{"line":795,"column":60}},"loc":{"start":{"line":795,"column":69},"end":{"line":804,"column":9}}},"124":{"name":"(anonymous_135)","decl":{"start":{"line":797,"column":34},"end":{"line":797,"column":35}},"loc":{"start":{"line":797,"column":54},"end":{"line":803,"column":11}}},"125":{"name":"(anonymous_136)","decl":{"start":{"line":798,"column":32},"end":{"line":798,"column":35}},"loc":{"start":{"line":798,"column":37},"end":{"line":801,"column":13}}},"126":{"name":"(anonymous_137)","decl":{"start":{"line":802,"column":30},"end":{"line":802,"column":33}},"loc":{"start":{"line":802,"column":36},"end":{"line":802,"column":57}}},"127":{"name":"(anonymous_138)","decl":{"start":{"line":807,"column":21},"end":{"line":807,"column":28}},"loc":{"start":{"line":807,"column":76},"end":{"line":820,"column":null}}},"128":{"name":"(anonymous_139)","decl":{"start":{"line":807,"column":76},"end":{"line":807,"column":null}},"loc":{"start":{"line":807,"column":76},"end":{"line":820,"column":7}}},"129":{"name":"(anonymous_140)","decl":{"start":{"line":808,"column":59},"end":{"line":808,"column":60}},"loc":{"start":{"line":808,"column":69},"end":{"line":819,"column":9}}},"130":{"name":"(anonymous_141)","decl":{"start":{"line":810,"column":34},"end":{"line":810,"column":35}},"loc":{"start":{"line":810,"column":54},"end":{"line":818,"column":11}}},"131":{"name":"(anonymous_142)","decl":{"start":{"line":811,"column":32},"end":{"line":811,"column":35}},"loc":{"start":{"line":811,"column":37},"end":{"line":816,"column":13}}},"132":{"name":"(anonymous_143)","decl":{"start":{"line":817,"column":30},"end":{"line":817,"column":33}},"loc":{"start":{"line":817,"column":36},"end":{"line":817,"column":57}}},"133":{"name":"(anonymous_144)","decl":{"start":{"line":822,"column":19},"end":{"line":822,"column":26}},"loc":{"start":{"line":822,"column":73},"end":{"line":838,"column":null}}},"134":{"name":"(anonymous_145)","decl":{"start":{"line":822,"column":73},"end":{"line":822,"column":null}},"loc":{"start":{"line":822,"column":73},"end":{"line":838,"column":7}}},"135":{"name":"(anonymous_146)","decl":{"start":{"line":823,"column":59},"end":{"line":823,"column":60}},"loc":{"start":{"line":823,"column":69},"end":{"line":837,"column":9}}},"136":{"name":"(anonymous_147)","decl":{"start":{"line":830,"column":34},"end":{"line":830,"column":35}},"loc":{"start":{"line":830,"column":54},"end":{"line":836,"column":11}}},"137":{"name":"(anonymous_148)","decl":{"start":{"line":831,"column":32},"end":{"line":831,"column":35}},"loc":{"start":{"line":831,"column":37},"end":{"line":834,"column":13}}},"138":{"name":"(anonymous_149)","decl":{"start":{"line":835,"column":30},"end":{"line":835,"column":33}},"loc":{"start":{"line":835,"column":36},"end":{"line":835,"column":57}}},"139":{"name":"(anonymous_150)","decl":{"start":{"line":840,"column":22},"end":{"line":840,"column":29}},"loc":{"start":{"line":840,"column":86},"end":{"line":856,"column":null}}},"140":{"name":"(anonymous_151)","decl":{"start":{"line":840,"column":86},"end":{"line":840,"column":null}},"loc":{"start":{"line":840,"column":86},"end":{"line":856,"column":7}}},"141":{"name":"(anonymous_152)","decl":{"start":{"line":841,"column":59},"end":{"line":841,"column":60}},"loc":{"start":{"line":841,"column":69},"end":{"line":855,"column":9}}},"142":{"name":"(anonymous_153)","decl":{"start":{"line":848,"column":44},"end":{"line":848,"column":45}},"loc":{"start":{"line":848,"column":64},"end":{"line":854,"column":11}}},"143":{"name":"(anonymous_154)","decl":{"start":{"line":849,"column":32},"end":{"line":849,"column":35}},"loc":{"start":{"line":849,"column":37},"end":{"line":852,"column":13}}},"144":{"name":"(anonymous_155)","decl":{"start":{"line":853,"column":30},"end":{"line":853,"column":33}},"loc":{"start":{"line":853,"column":36},"end":{"line":853,"column":57}}},"145":{"name":"(anonymous_156)","decl":{"start":{"line":858,"column":13},"end":{"line":858,"column":39}},"loc":{"start":{"line":858,"column":41},"end":{"line":869,"column":null}}},"146":{"name":"(anonymous_157)","decl":{"start":{"line":858,"column":41},"end":{"line":858,"column":null}},"loc":{"start":{"line":858,"column":41},"end":{"line":869,"column":7}}},"147":{"name":"(anonymous_158)","decl":{"start":{"line":859,"column":59},"end":{"line":859,"column":60}},"loc":{"start":{"line":859,"column":69},"end":{"line":868,"column":9}}},"148":{"name":"(anonymous_159)","decl":{"start":{"line":861,"column":37},"end":{"line":861,"column":38}},"loc":{"start":{"line":861,"column":57},"end":{"line":867,"column":11}}},"149":{"name":"(anonymous_160)","decl":{"start":{"line":862,"column":32},"end":{"line":862,"column":35}},"loc":{"start":{"line":862,"column":37},"end":{"line":865,"column":13}}},"150":{"name":"(anonymous_161)","decl":{"start":{"line":866,"column":30},"end":{"line":866,"column":33}},"loc":{"start":{"line":866,"column":36},"end":{"line":866,"column":57}}},"151":{"name":"(anonymous_162)","decl":{"start":{"line":871,"column":14},"end":{"line":871,"column":21}},"loc":{"start":{"line":871,"column":54},"end":{"line":883,"column":null}}},"152":{"name":"(anonymous_163)","decl":{"start":{"line":871,"column":54},"end":{"line":871,"column":null}},"loc":{"start":{"line":871,"column":54},"end":{"line":883,"column":7}}},"153":{"name":"(anonymous_164)","decl":{"start":{"line":872,"column":59},"end":{"line":872,"column":60}},"loc":{"start":{"line":872,"column":69},"end":{"line":882,"column":9}}},"154":{"name":"(anonymous_165)","decl":{"start":{"line":874,"column":38},"end":{"line":874,"column":39}},"loc":{"start":{"line":874,"column":58},"end":{"line":881,"column":11}}},"155":{"name":"(anonymous_166)","decl":{"start":{"line":875,"column":32},"end":{"line":875,"column":35}},"loc":{"start":{"line":875,"column":37},"end":{"line":879,"column":13}}},"156":{"name":"(anonymous_167)","decl":{"start":{"line":880,"column":30},"end":{"line":880,"column":33}},"loc":{"start":{"line":880,"column":36},"end":{"line":880,"column":57}}},"157":{"name":"(anonymous_168)","decl":{"start":{"line":885,"column":13},"end":{"line":885,"column":37}},"loc":{"start":{"line":885,"column":39},"end":{"line":896,"column":null}}},"158":{"name":"(anonymous_169)","decl":{"start":{"line":885,"column":39},"end":{"line":885,"column":null}},"loc":{"start":{"line":885,"column":39},"end":{"line":896,"column":7}}},"159":{"name":"(anonymous_170)","decl":{"start":{"line":886,"column":60},"end":{"line":886,"column":61}},"loc":{"start":{"line":886,"column":70},"end":{"line":895,"column":9}}},"160":{"name":"(anonymous_171)","decl":{"start":{"line":888,"column":35},"end":{"line":888,"column":36}},"loc":{"start":{"line":888,"column":55},"end":{"line":894,"column":11}}},"161":{"name":"(anonymous_172)","decl":{"start":{"line":889,"column":32},"end":{"line":889,"column":35}},"loc":{"start":{"line":889,"column":37},"end":{"line":892,"column":13}}},"162":{"name":"(anonymous_173)","decl":{"start":{"line":893,"column":30},"end":{"line":893,"column":33}},"loc":{"start":{"line":893,"column":36},"end":{"line":893,"column":57}}},"163":{"name":"(anonymous_174)","decl":{"start":{"line":900,"column":16},"end":{"line":900,"column":32}},"loc":{"start":{"line":903,"column":52},"end":{"line":914,"column":null}}},"164":{"name":"(anonymous_176)","decl":{"start":{"line":916,"column":2},"end":{"line":916,"column":7}},"loc":{"start":{"line":916,"column":7},"end":{"line":926,"column":3}}},"165":{"name":"(anonymous_177)","decl":{"start":{"line":928,"column":2},"end":{"line":928,"column":22}},"loc":{"start":{"line":928,"column":22},"end":{"line":930,"column":3}}},"166":{"name":"(anonymous_178)","decl":{"start":{"line":932,"column":2},"end":{"line":932,"column":20}},"loc":{"start":{"line":932,"column":20},"end":{"line":934,"column":3}}},"167":{"name":"(anonymous_179)","decl":{"start":{"line":936,"column":2},"end":{"line":936,"column":19}},"loc":{"start":{"line":936,"column":19},"end":{"line":943,"column":3}}},"168":{"name":"(anonymous_180)","decl":{"start":{"line":938,"column":25},"end":{"line":938,"column":28}},"loc":{"start":{"line":938,"column":31},"end":{"line":941,"column":5}}},"169":{"name":"(anonymous_181)","decl":{"start":{"line":945,"column":2},"end":{"line":945,"column":18}},"loc":{"start":{"line":945,"column":37},"end":{"line":948,"column":3}}},"170":{"name":"(anonymous_182)","decl":{"start":{"line":946,"column":34},"end":{"line":946,"column":35}},"loc":{"start":{"line":946,"column":39},"end":{"line":946,"column":60}}}},"branchMap":{"0":{"loc":{"start":{"line":38,"column":4},"end":{"line":38,"column":77}},"type":"if","locations":[{"start":{"line":38,"column":4},"end":{"line":38,"column":77}},{"start":{},"end":{}}]},"1":{"loc":{"start":{"line":44,"column":4},"end":{"line":44,"column":73}},"type":"if","locations":[{"start":{"line":44,"column":4},"end":{"line":44,"column":73}},{"start":{},"end":{}}]},"2":{"loc":{"start":{"line":50,"column":4},"end":{"line":50,"column":74}},"type":"if","locations":[{"start":{"line":50,"column":4},"end":{"line":50,"column":74}},{"start":{},"end":{}}]},"3":{"loc":{"start":{"line":56,"column":4},"end":{"line":56,"column":73}},"type":"if","locations":[{"start":{"line":56,"column":4},"end":{"line":56,"column":73}},{"start":{},"end":{}}]},"4":{"loc":{"start":{"line":62,"column":4},"end":{"line":62,"column":74}},"type":"if","locations":[{"start":{"line":62,"column":4},"end":{"line":62,"column":74}},{"start":{},"end":{}}]},"5":{"loc":{"start":{"line":67,"column":25},"end":{"line":67,"column":58}},"type":"default-arg","locations":[{"start":{"line":67,"column":53},"end":{"line":67,"column":58}}]},"6":{"loc":{"start":{"line":98,"column":6},"end":{"line":115,"column":null}},"type":"if","locations":[{"start":{"line":98,"column":6},"end":{"line":115,"column":null}},{"start":{"line":113,"column":13},"end":{"line":115,"column":null}}]},"7":{"loc":{"start":{"line":99,"column":8},"end":{"line":102,"column":null}},"type":"if","locations":[{"start":{"line":99,"column":8},"end":{"line":102,"column":null}},{"start":{},"end":{}}]},"8":{"loc":{"start":{"line":105,"column":8},"end":{"line":111,"column":null}},"type":"if","locations":[{"start":{"line":105,"column":8},"end":{"line":111,"column":null}},{"start":{"line":107,"column":15},"end":{"line":111,"column":null}}]},"9":{"loc":{"start":{"line":105,"column":12},"end":{"line":105,"column":72}},"type":"binary-expr","locations":[{"start":{"line":105,"column":12},"end":{"line":105,"column":41}},{"start":{"line":105,"column":45},"end":{"line":105,"column":72}}]},"10":{"loc":{"start":{"line":107,"column":15},"end":{"line":111,"column":null}},"type":"if","locations":[{"start":{"line":107,"column":15},"end":{"line":111,"column":null}},{"start":{"line":109,"column":15},"end":{"line":111,"column":null}}]},"11":{"loc":{"start":{"line":109,"column":15},"end":{"line":111,"column":null}},"type":"if","locations":[{"start":{"line":109,"column":15},"end":{"line":111,"column":null}},{"start":{},"end":{}}]},"12":{"loc":{"start":{"line":119,"column":8},"end":{"line":149,"column":null}},"type":"if","locations":[{"start":{"line":119,"column":8},"end":{"line":149,"column":null}},{"start":{"line":134,"column":15},"end":{"line":149,"column":null}}]},"13":{"loc":{"start":{"line":124,"column":12},"end":{"line":130,"column":null}},"type":"switch","locations":[{"start":{"line":125,"column":14},"end":{"line":125,"column":72}},{"start":{"line":126,"column":14},"end":{"line":126,"column":66}},{"start":{"line":127,"column":14},"end":{"line":127,"column":68}},{"start":{"line":128,"column":14},"end":{"line":128,"column":66}},{"start":{"line":129,"column":14},"end":{"line":129,"column":68}}]},"14":{"loc":{"start":{"line":125,"column":37},"end":{"line":125,"column":64}},"type":"binary-expr","locations":[{"start":{"line":125,"column":37},"end":{"line":125,"column":42}},{"start":{"line":125,"column":46},"end":{"line":125,"column":64}}]},"15":{"loc":{"start":{"line":126,"column":33},"end":{"line":126,"column":58}},"type":"binary-expr","locations":[{"start":{"line":126,"column":33},"end":{"line":126,"column":38}},{"start":{"line":126,"column":42},"end":{"line":126,"column":58}}]},"16":{"loc":{"start":{"line":127,"column":34},"end":{"line":127,"column":60}},"type":"binary-expr","locations":[{"start":{"line":127,"column":34},"end":{"line":127,"column":39}},{"start":{"line":127,"column":43},"end":{"line":127,"column":60}}]},"17":{"loc":{"start":{"line":128,"column":33},"end":{"line":128,"column":58}},"type":"binary-expr","locations":[{"start":{"line":128,"column":33},"end":{"line":128,"column":38}},{"start":{"line":128,"column":42},"end":{"line":128,"column":58}}]},"18":{"loc":{"start":{"line":129,"column":34},"end":{"line":129,"column":60}},"type":"binary-expr","locations":[{"start":{"line":129,"column":34},"end":{"line":129,"column":39}},{"start":{"line":129,"column":43},"end":{"line":129,"column":60}}]},"19":{"loc":{"start":{"line":132,"column":10},"end":{"line":132,"column":41}},"type":"if","locations":[{"start":{"line":132,"column":10},"end":{"line":132,"column":41}},{"start":{},"end":{}}]},"20":{"loc":{"start":{"line":136,"column":10},"end":{"line":144,"column":null}},"type":"if","locations":[{"start":{"line":136,"column":10},"end":{"line":144,"column":null}},{"start":{},"end":{}}]},"21":{"loc":{"start":{"line":140,"column":14},"end":{"line":140,"column":73}},"type":"if","locations":[{"start":{"line":140,"column":14},"end":{"line":140,"column":73}},{"start":{},"end":{}}]},"22":{"loc":{"start":{"line":140,"column":34},"end":{"line":140,"column":72}},"type":"cond-expr","locations":[{"start":{"line":140,"column":66},"end":{"line":140,"column":68}},{"start":{"line":140,"column":71},"end":{"line":140,"column":72}}]},"23":{"loc":{"start":{"line":141,"column":14},"end":{"line":141,"column":73}},"type":"if","locations":[{"start":{"line":141,"column":14},"end":{"line":141,"column":73}},{"start":{},"end":{}}]},"24":{"loc":{"start":{"line":141,"column":34},"end":{"line":141,"column":72}},"type":"cond-expr","locations":[{"start":{"line":141,"column":66},"end":{"line":141,"column":67}},{"start":{"line":141,"column":70},"end":{"line":141,"column":72}}]},"25":{"loc":{"start":{"line":146,"column":10},"end":{"line":146,"column":88}},"type":"if","locations":[{"start":{"line":146,"column":10},"end":{"line":146,"column":88}},{"start":{},"end":{}}]},"26":{"loc":{"start":{"line":147,"column":10},"end":{"line":147,"column":89}},"type":"if","locations":[{"start":{"line":147,"column":10},"end":{"line":147,"column":89}},{"start":{},"end":{}}]},"27":{"loc":{"start":{"line":198,"column":16},"end":{"line":198,"column":47}},"type":"cond-expr","locations":[{"start":{"line":198,"column":28},"end":{"line":198,"column":29}},{"start":{"line":198,"column":33},"end":{"line":198,"column":46}}]},"28":{"loc":{"start":{"line":218,"column":29},"end":{"line":218,"column":90}},"type":"binary-expr","locations":[{"start":{"line":218,"column":29},"end":{"line":218,"column":84}},{"start":{"line":218,"column":88},"end":{"line":218,"column":90}}]},"29":{"loc":{"start":{"line":244,"column":21},"end":{"line":244,"column":70}},"type":"binary-expr","locations":[{"start":{"line":244,"column":21},"end":{"line":244,"column":64}},{"start":{"line":244,"column":68},"end":{"line":244,"column":70}}]},"30":{"loc":{"start":{"line":253,"column":21},"end":{"line":253,"column":73}},"type":"binary-expr","locations":[{"start":{"line":253,"column":21},"end":{"line":253,"column":67}},{"start":{"line":253,"column":71},"end":{"line":253,"column":73}}]},"31":{"loc":{"start":{"line":261,"column":4},"end":{"line":263,"column":null}},"type":"if","locations":[{"start":{"line":261,"column":4},"end":{"line":263,"column":null}},{"start":{},"end":{}}]},"32":{"loc":{"start":{"line":261,"column":8},"end":{"line":261,"column":66}},"type":"binary-expr","locations":[{"start":{"line":261,"column":8},"end":{"line":261,"column":42}},{"start":{"line":261,"column":46},"end":{"line":261,"column":66}}]},"33":{"loc":{"start":{"line":267,"column":15},"end":{"line":267,"column":38}},"type":"cond-expr","locations":[{"start":{"line":267,"column":30},"end":{"line":267,"column":34}},{"start":{"line":267,"column":34},"end":{"line":267,"column":38}}]},"34":{"loc":{"start":{"line":267,"column":15},"end":{"line":267,"column":34}},"type":"binary-expr","locations":[{"start":{"line":267,"column":15},"end":{"line":267,"column":34}},{"start":{"line":267,"column":30},"end":{"line":267,"column":34}}]},"35":{"loc":{"start":{"line":268,"column":13},"end":{"line":268,"column":55}},"type":"cond-expr","locations":[{"start":{"line":268,"column":26},"end":{"line":268,"column":30}},{"start":{"line":268,"column":30},"end":{"line":268,"column":55}}]},"36":{"loc":{"start":{"line":268,"column":13},"end":{"line":268,"column":30}},"type":"binary-expr","locations":[{"start":{"line":268,"column":13},"end":{"line":268,"column":30}},{"start":{"line":268,"column":26},"end":{"line":268,"column":30}}]},"37":{"loc":{"start":{"line":279,"column":19},"end":{"line":279,"column":49}},"type":"default-arg","locations":[{"start":{"line":279,"column":47},"end":{"line":279,"column":49}}]},"38":{"loc":{"start":{"line":282,"column":4},"end":{"line":284,"column":null}},"type":"if","locations":[{"start":{"line":282,"column":4},"end":{"line":284,"column":null}},{"start":{},"end":{}}]},"39":{"loc":{"start":{"line":288,"column":31},"end":{"line":288,"column":87}},"type":"binary-expr","locations":[{"start":{"line":288,"column":31},"end":{"line":288,"column":81}},{"start":{"line":288,"column":85},"end":{"line":288,"column":87}}]},"40":{"loc":{"start":{"line":289,"column":4},"end":{"line":291,"column":null}},"type":"if","locations":[{"start":{"line":289,"column":4},"end":{"line":291,"column":null}},{"start":{},"end":{}}]},"41":{"loc":{"start":{"line":293,"column":20},"end":{"line":293,"column":40}},"type":"binary-expr","locations":[{"start":{"line":293,"column":20},"end":{"line":293,"column":35}},{"start":{"line":293,"column":39},"end":{"line":293,"column":40}}]},"42":{"loc":{"start":{"line":332,"column":4},"end":{"line":334,"column":null}},"type":"if","locations":[{"start":{"line":332,"column":4},"end":{"line":334,"column":null}},{"start":{},"end":{}}]},"43":{"loc":{"start":{"line":340,"column":8},"end":{"line":342,"column":null}},"type":"if","locations":[{"start":{"line":340,"column":8},"end":{"line":342,"column":null}},{"start":{},"end":{}}]},"44":{"loc":{"start":{"line":340,"column":13},"end":{"line":340,"column":28}},"type":"cond-expr","locations":[{"start":{"line":340,"column":19},"end":{"line":340,"column":21}},{"start":{"line":340,"column":13},"end":{"line":340,"column":28}}]},"45":{"loc":{"start":{"line":340,"column":13},"end":{"line":340,"column":21}},"type":"binary-expr","locations":[{"start":{"line":340,"column":13},"end":{"line":340,"column":21}},{"start":{"line":340,"column":13},"end":{"line":340,"column":21}}]},"46":{"loc":{"start":{"line":355,"column":45},"end":{"line":355,"column":85}},"type":"binary-expr","locations":[{"start":{"line":355,"column":45},"end":{"line":355,"column":80}},{"start":{"line":355,"column":84},"end":{"line":355,"column":85}}]},"47":{"loc":{"start":{"line":376,"column":27},"end":{"line":376,"column":61}},"type":"binary-expr","locations":[{"start":{"line":376,"column":27},"end":{"line":376,"column":43}},{"start":{"line":376,"column":47},"end":{"line":376,"column":61}}]},"48":{"loc":{"start":{"line":383,"column":30},"end":{"line":383,"column":71}},"type":"binary-expr","locations":[{"start":{"line":383,"column":30},"end":{"line":383,"column":65}},{"start":{"line":383,"column":69},"end":{"line":383,"column":71}}]},"49":{"loc":{"start":{"line":384,"column":31},"end":{"line":384,"column":71}},"type":"binary-expr","locations":[{"start":{"line":384,"column":31},"end":{"line":384,"column":66}},{"start":{"line":384,"column":70},"end":{"line":384,"column":71}}]},"50":{"loc":{"start":{"line":389,"column":10},"end":{"line":437,"column":null}},"type":"if","locations":[{"start":{"line":389,"column":10},"end":{"line":437,"column":null}},{"start":{},"end":{}}]},"51":{"loc":{"start":{"line":390,"column":12},"end":{"line":436,"column":null}},"type":"if","locations":[{"start":{"line":390,"column":12},"end":{"line":436,"column":null}},{"start":{"line":417,"column":19},"end":{"line":436,"column":null}}]},"52":{"loc":{"start":{"line":396,"column":14},"end":{"line":403,"column":null}},"type":"if","locations":[{"start":{"line":396,"column":14},"end":{"line":403,"column":null}},{"start":{},"end":{}}]},"53":{"loc":{"start":{"line":400,"column":16},"end":{"line":402,"column":null}},"type":"if","locations":[{"start":{"line":400,"column":16},"end":{"line":402,"column":null}},{"start":{},"end":{}}]},"54":{"loc":{"start":{"line":400,"column":20},"end":{"line":400,"column":58}},"type":"cond-expr","locations":[{"start":{"line":400,"column":43},"end":{"line":400,"column":45}},{"start":{"line":400,"column":43},"end":{"line":400,"column":58}}]},"55":{"loc":{"start":{"line":400,"column":20},"end":{"line":400,"column":45}},"type":"binary-expr","locations":[{"start":{"line":400,"column":20},"end":{"line":400,"column":45}},{"start":{"line":400,"column":43},"end":{"line":400,"column":45}}]},"56":{"loc":{"start":{"line":408,"column":34},"end":{"line":408,"column":96}},"type":"cond-expr","locations":[{
[...]
t":{"line":474,"column":4},"end":{"line":476,"column":null}},{"start":{},"end":{}}]},"69":{"loc":{"start":{"line":495,"column":4},"end":{"line":497,"column":null}},"type":"if","locations":[{"start":{"line":495,"column":4},"end":{"line":497,"column":null}},{"start":{},"end":{}}]},"70":{"loc":{"start":{"line":495,"column":8},"end":{"line":495,"column":61}},"type":"binary-expr","locations":[{"start":{"line":495,"column":8},"end":{"line":495,"column":26}},{"start":{"line":495,"column":30},"end":{"line":495,"column":38}},{"start":{"line":495,"column":42},"end":{"line":495,"column":61}}]},"71":{"loc":{"start":{"line":507,"column":4},"end":{"line":509,"column":null}},"type":"if","locations":[{"start":{"line":507,"column":4},"end":{"line":509,"column":null}},{"start":{},"end":{}}]},"72":{"loc":{"start":{"line":507,"column":8},"end":{"line":507,"column":82}},"type":"binary-expr","locations":[{"start":{"line":507,"column":8},"end":{"line":507,"column":16}},{"start":{"line":507,"column":20},"end":{"line":507,"column":48}},{"start":{"line":507,"column":52},"end":{"line":507,"column":82}}]},"73":{"loc":{"start":{"line":528,"column":4},"end":{"line":530,"column":null}},"type":"if","locations":[{"start":{"line":528,"column":4},"end":{"line":530,"column":null}},{"start":{},"end":{}}]},"74":{"loc":{"start":{"line":541,"column":10},"end":{"line":543,"column":null}},"type":"if","locations":[{"start":{"line":541,"column":10},"end":{"line":543,"column":null}},{"start":{},"end":{}}]},"75":{"loc":{"start":{"line":546,"column":28},"end":{"line":546,"column":49}},"type":"cond-expr","locations":[{"start":{"line":546,"column":33},"end":{"line":546,"column":36}},{"start":{"line":546,"column":28},"end":{"line":546,"column":49}}]},"76":{"loc":{"start":{"line":546,"column":28},"end":{"line":546,"column":36}},"type":"binary-expr","locations":[{"start":{"line":546,"column":28},"end":{"line":546,"column":36}},{"start":{"line":546,"column":28},"end":{"line":546,"column":36}}]},"77":{"loc":{"start":{"line":548,"column":10},"end":{"line":556,"column":null}},"type":"if","locations":[{"start":{"line":548,"column":10},"end":{"line":556,"column":null}},{"start":{},"end":{}}]},"78":{"loc":{"start":{"line":548,"column":14},"end":{"line":548,"column":66}},"type":"binary-expr","locations":[{"start":{"line":548,"column":14},"end":{"line":548,"column":43}},{"start":{"line":548,"column":47},"end":{"line":548,"column":66}}]},"79":{"loc":{"start":{"line":554,"column":49},"end":{"line":554,"column":133}},"type":"cond-expr","locations":[{"start":{"line":554,"column":68},"end":{"line":554,"column":72}},{"start":{"line":554,"column":72},"end":{"line":554,"column":133}}]},"80":{"loc":{"start":{"line":554,"column":49},"end":{"line":554,"column":72}},"type":"binary-expr","locations":[{"start":{"line":554,"column":49},"end":{"line":554,"column":72}},{"start":{"line":554,"column":68},"end":{"line":554,"column":72}}]},"81":{"loc":{"start":{"line":562,"column":43},"end":{"line":562,"column":118}},"type":"cond-expr","locations":[{"start":{"line":562,"column":60},"end":{"line":562,"column":64}},{"start":{"line":562,"column":64},"end":{"line":562,"column":118}}]},"82":{"loc":{"start":{"line":562,"column":43},"end":{"line":562,"column":64}},"type":"binary-expr","locations":[{"start":{"line":562,"column":43},"end":{"line":562,"column":64}},{"start":{"line":562,"column":60},"end":{"line":562,"column":64}}]},"83":{"loc":{"start":{"line":563,"column":43},"end":{"line":563,"column":119}},"type":"cond-expr","locations":[{"start":{"line":563,"column":60},"end":{"line":563,"column":64}},{"start":{"line":563,"column":64},"end":{"line":563,"column":119}}]},"84":{"loc":{"start":{"line":563,"column":43},"end":{"line":563,"column":64}},"type":"binary-expr","locations":[{"start":{"line":563,"column":43},"end":{"line":563,"column":64}},{"start":{"line":563,"column":60},"end":{"line":563,"column":64}}]},"85":{"loc":{"start":{"line":574,"column":22},"end":{"line":574,"column":66}},"type":"binary-expr","locations":[{"start":{"line":574,"column":22},"end":{"line":574,"column":60}},{"start":{"line":574,"column":64},"end":{"line":574,"column":66}}]},"86":{"loc":{"start":{"line":589,"column":6},"end":{"line":591,"column":null}},"type":"if","locations":[{"start":{"line":589,"column":6},"end":{"line":591,"column":null}},{"start":{},"end":{}}]},"87":{"loc":{"start":{"line":594,"column":4},"end":{"line":596,"column":null}},"type":"if","locations":[{"start":{"line":594,"column":4},"end":{"line":596,"column":null}},{"start":{},"end":{}}]},"88":{"loc":{"start":{"line":602,"column":4},"end":{"line":602,"column":63}},"type":"if","locations":[{"start":{"line":602,"column":4},"end":{"line":602,"column":63}},{"start":{},"end":{}}]},"89":{"loc":{"start":{"line":602,"column":9},"end":{"line":602,"column":44}},"type":"cond-expr","locations":[{"start":{"line":602,"column":33},"end":{"line":602,"column":35}},{"start":{"line":602,"column":33},"end":{"line":602,"column":44}}]},"90":{"loc":{"start":{"line":602,"column":9},"end":{"line":602,"column":35}},"type":"binary-expr","locations":[{"start":{"line":602,"column":9},"end":{"line":602,"column":35}},{"start":{"line":602,"column":33},"end":{"line":602,"column":35}}]},"91":{"loc":{"start":{"line":602,"column":9},"end":{"line":602,"column":33}},"type":"cond-expr","locations":[{"start":{"line":602,"column":24},"end":{"line":602,"column":26}},{"start":{"line":602,"column":9},"end":{"line":602,"column":33}}]},"92":{"loc":{"start":{"line":602,"column":9},"end":{"line":602,"column":26}},"type":"binary-expr","locations":[{"start":{"line":602,"column":9},"end":{"line":602,"column":26}},{"start":{"line":602,"column":9},"end":{"line":602,"column":26}}]},"93":{"loc":{"start":{"line":606,"column":4},"end":{"line":608,"column":null}},"type":"if","locations":[{"start":{"line":606,"column":4},"end":{"line":608,"column":null}},{"start":{},"end":{}}]},"94":{"loc":{"start":{"line":610,"column":4},"end":{"line":619,"column":null}},"type":"switch","locations":[{"start":{"line":611,"column":6},"end":{"line":612,"column":36}},{"start":{"line":613,"column":6},"end":{"line":614,"column":41}},{"start":{"line":615,"column":6},"end":{"line":616,"column":38}},{"start":{"line":617,"column":6},"end":{"line":618,"column":25}}]},"95":{"loc":{"start":{"line":624,"column":34},"end":{"line":624,"column":106}},"type":"cond-expr","locations":[{"start":{"line":624,"column":50},"end":{"line":624,"column":94}},{"start":{"line":624,"column":97},"end":{"line":624,"column":106}}]},"96":{"loc":{"start":{"line":626,"column":44},"end":{"line":626,"column":109}},"type":"cond-expr","locations":[{"start":{"line":626,"column":82},"end":{"line":626,"column":103}},{"start":{"line":626,"column":106},"end":{"line":626,"column":109}}]},"97":{"loc":{"start":{"line":650,"column":4},"end":{"line":652,"column":null}},"type":"if","locations":[{"start":{"line":650,"column":4},"end":{"line":652,"column":null}},{"start":{},"end":{}}]},"98":{"loc":{"start":{"line":650,"column":8},"end":{"line":650,"column":41}},"type":"binary-expr","locations":[{"start":{"line":650,"column":8},"end":{"line":650,"column":25}},{"start":{"line":650,"column":29},"end":{"line":650,"column":41}}]},"99":{"loc":{"start":{"line":674,"column":4},"end":{"line":674,"column":43}},"type":"if","locations":[{"start":{"line":674,"column":4},"end":{"line":674,"column":43}},{"start":{},"end":{}}]},"100":{"loc":{"start":{"line":678,"column":4},"end":{"line":684,"column":null}},"type":"if","locations":[{"start":{"line":678,"column":4},"end":{"line":684,"column":null}},{"start":{"line":681,"column":11},"end":{"line":684,"column":null}}]},"101":{"loc":{"start":{"line":690,"column":4},"end":{"line":690,"column":33}},"type":"if","locations":[{"start":{"line":690,"column":4},"end":{"line":690,"column":33}},{"start":{},"end":{}}]},"102":{"loc":{"start":{"line":694,"column":4},"end":{"line":696,"column":null}},"type":"if","locations":[{"start":{"line":694,"column":4},"end":{"line":696,"column":null}},{"start":{},"end":{}}]},"103":{"loc":{"start":{"line":702,"column":8},"end":{"line":702,"column":67}},"type":"if","locations":[{"start":{"line":702,"column":8},"end":{"line":702,"column":67}},{"start":{},"end":{}}]},"104":{"loc":{"start":{"line":710,"column":8},"end":{"line":718,"column":null}},"type":"if","locations":[{"start":{"line":710,"column":8},"end":{"line":718,"column":null}},{"start":{},"end":{}}]},"105":{"loc":{"start":{"line":710,"column":12},"end":{"line":710,"column":89}},"type":"binary-expr","locations":[{"start":{"line":710,"column":12},"end":{"line":710,"column":47}},{"start":{"line":710,"column":51},"end":{"line":710,"column":89}}]},"106":{"loc":{"start":{"line":710,"column":12},"end":{"line":710,"column":47}},"type":"cond-expr","locations":[{"start":{"line":710,"column":36},"end":{"line":710,"column":38}},{"start":{"line":710,"column":36},"end":{"line":710,"column":47}}]},"107":{"loc":{"start":{"line":710,"column":12},"end":{"line":710,"column":38}},"type":"binary-expr","locations":[{"start":{"line":710,"column":12},"end":{"line":710,"column":38}},{"start":{"line":710,"column":36},"end":{"line":710,"column":38}}]},"108":{"loc":{"start":{"line":710,"column":12},"end":{"line":710,"column":36}},"type":"cond-expr","locations":[{"start":{"line":710,"column":27},"end":{"line":710,"column":29}},{"start":{"line":710,"column":12},"end":{"line":710,"column":36}}]},"109":{"loc":{"start":{"line":710,"column":12},"end":{"line":710,"column":29}},"type":"binary-expr","locations":[{"start":{"line":710,"column":12},"end":{"line":710,"column":29}},{"start":{"line":710,"column":12},"end":{"line":710,"column":29}}]},"110":{"loc":{"start":{"line":712,"column":10},"end":{"line":717,"column":null}},"type":"if","locations":[{"start":{"line":712,"column":10},"end":{"line":717,"column":null}},{"start":{},"end":{}}]},"111":{"loc":{"start":{"line":712,"column":14},"end":{"line":712,"column":82}},"type":"binary-expr","locations":[{"start":{"line":712,"column":14},"end":{"line":712,"column":38}},{"start":{"line":712,"column":42},"end":{"line":712,"column":61}},{"start":{"line":712,"column":65},"end":{"line":712,"column":82}}]},"112":{"loc":{"start":{"line":714,"column":12},"end":{"line":716,"column":null}},"type":"if","locations":[{"start":{"line":714,"column":12},"end":{"line":716,"column":null}},{"start":{},"end":{}}]},"113":{"loc":{"start":{"line":785,"column":30},"end":{"line":785,"column":55}},"type":"cond-expr","locations":[{"start":{"line":785,"column":46},"end":{"line":785,"column":50}},{"start":{"line":785,"column":50},"end":{"line":785,"column":55}}]},"114":{"loc":{"start":{"line":785,"column":30},"end":{"line":785,"column":50}},"type":"binary-expr","locations":[{"start":{"line":785,"column":30},"end":{"line":785,"column":50}},{"start":{"line":785,"column":46},"end":{"line":785,"column":50}}]},"115":{"loc":{"start":{"line":789,"column":62},"end":{"line":789,"column":95}},"type":"binary-expr","locations":[{"start":{"line":789,"column":62},"end":{"line":789,"column":79}},{"start":{"line":789,"column":83},"end":{"line":789,"column":95}}]},"116":{"loc":{"start":{"line":824,"column":10},"end":{"line":826,"column":null}},"type":"if","locations":[{"start":{"line":824,"column":10},"end":{"line":826,"column":null}},{"start":{},"end":{}}]},"117":{"loc":{"start":{"line":842,"column":10},"end":{"line":844,"column":null}},"type":"if","locations":[{"start":{"line":842,"column":10},"end":{"line":844,"column":null}},{"start":{},"end":{}}]},"118":{"loc":{"start":{"line":905,"column":4},"end":{"line":907,"column":null}},"type":"if","locations":[{"start":{"line":905,"column":4},"end":{"line":907,"column":null}},{"start":{},"end":{}}]},"119":{"loc":{"start":{"line":917,"column":4},"end":{"line":920,"column":null}},"type":"if","locations":[{"start":{"line":917,"column":4},"end":{"line":920,"column":null}},{"start":{},"end":{}}]},"120":{"loc":{"start":{"line":922,"column":4},"end":{"line":925,"column":null}},"type":"if","locations":[{"start":{"line":922,"column":4},"end":{"line":925,"column":null}},{"start":{},"end":{}}]},"121":{"loc":{"start":{"line":939,"column":22},"end":{"line":939,"column":62}},"type":"binary-expr","locations":[{"start":{"line":939,"column":22},"end":{"line":939,"column":57}},{"start":{"line":939,"column":61},"end":{"line":939,"column":62}}]},"122":{"loc":{"start":{"line":947,"column":11},"end":{"line":947,"column":71}},"type":"cond-expr","locations":[{"start":{"line":947,"column":18},"end":{"line":947,"column":58}},{"start":{"line":947,"column":62},"end":{"line":947,"column":71}}]},"123":{"loc":{"start":{"line":947,"column":18},"end":{"line":947,"column":58}},"type":"binary-expr","locations":[{"start":{"line":947,"column":18},"end":{"line":947,"column":53}},{"start":{"line":947,"column":57},"end":{"line":947,"column":58}}]}},"s":{"0":11,"1":38,"2":38,"3":38,"4":38,"5":28,"6":28,"7":7,"8":7,"9":18,"10":0,"11":18,"12":18,"13":18,"14":3,"15":0,"16":3,"17":3,"18":3,"19":6,"20":0,"21":6,"22":6,"23":6,"24":2,"25":0,"26":2,"27":2,"28":2,"29":6,"30":0,"31":6,"32":6,"33":6,"34":10,"35":10,"36":10,"37":7,"38":7,"39":5,"40":5,"41":6,"42":6,"43":4,"44":4,"45":4,"46":38,"47":38,"48":38,"49":38,"50":38,"51":6,"52":2,"53":2,"54":4,"55":4,"56":4,"57":0,"58":0,"59":0,"60":0,"61":4,"62":32,"63":36,"64":199,"65":199,"66":163,"67":163,"68":163,"69":165,"70":165,"71":86,"72":86,"73":15,"74":15,"75":28,"76":28,"77":10,"78":10,"79":26,"80":26,"81":163,"82":93,"83":163,"84":36,"85":10,"86":40,"87":40,"88":40,"89":9,"90":31,"91":31,"92":0,"93":36,"94":5,"95":36,"96":7,"97":36,"98":36,"99":0,"100":11,"101":11,"102":4,"103":124,"104":124,"105":124,"106":2,"107":5,"108":11,"109":28,"110":28,"111":28,"112":28,"113":28,"114":28,"115":28,"116":11,"117":2,"118":2,"119":2,"120":11,"121":20,"122":20,"123":20,"124":20,"125":20,"126":11,"127":3,"128":3,"129":3,"130":3,"131":3,"132":11,"133":2,"134":2,"135":0,"136":2,"137":2,"138":11,"139":28,"140":28,"141":28,"142":1,"143":27,"144":27,"145":1,"146":26,"147":26,"148":26,"149":11,"150":38,"151":38,"152":38,"153":38,"154":38,"155":38,"156":50,"157":2,"158":36,"159":36,"160":36,"161":47,"162":47,"163":45,"164":2,"165":47,"166":36,"167":47,"168":36,"169":37,"170":35,"171":35,"172":35,"173":35,"174":35,"175":35,"176":35,"177":35,"178":35,"179":35,"180":35,"181":46,"182":46,"183":46,"184":46,"185":46,"186":46,"187":46,"188":46,"189":46,"190":46,"191":46,"192":1,"193":46,"194":46,"195":79,"196":79,"197":79,"198":79,"199":0,"200":0,"201":0,"202":0,"203":0,"204":0,"205":0,"206":0,"207":0,"208":0,"209":35,"210":35,"211":35,"212":46,"213":35,"214":35,"215":35,"216":0,"217":0,"218":35,"219":46,"220":46,"221":46,"222":46,"223":35,"224":34,"225":1,"226":1,"227":1,"228":1,"229":3,"230":3,"231":3,"232":1,"233":1,"234":2,"235":1,"236":1,"237":35,"238":35,"239":34,"240":1,"241":1,"242":1,"243":6,"244":7,"245":0,"246":7,"247":7,"248":7,"249":7,"250":14,"251":7,"252":7,"253":14,"254":0,"255":14,"256":14,"257":14,"258":14,"259":14,"260":14,"261":14,"262":28,"263":28,"264":14,"265":14,"266":14,"267":14,"268":14,"269":3,"270":3,"271":3,"272":3,"273":3,"274":0,"275":3,"276":11,"277":14,"278":14,"279":14,"280":0,"281":14,"282":0,"283":0,"284":53,"285":53,"286":53,"287":53,"288":53,"289":144,"290":144,"291":12,"292":12,"293":12,"294":12,"295":0,"296":12,"297":4,"298":144,"299":2,"300":53,"301":9,"302":9,"303":0,"304":9,"305":9,"306":1,"307":8,"308":3,"309":1,"310":4,"311":0,"312":53,"313":142,"314":142,"315":142,"316":142,"317":53,"318":7,"319":7,"320":7,"321":7,"322":7,"323":0,"324":53,"325":135,"326":135,"327":135,"328":135,"329":135,"330":0,"331":53,"332":7,"333":7,"334":7,"335":7,"336":7,"337":7,"338":7,"339":7,"340":7,"341":7,"342":0,"343":53,"344":32,"345":32,"346":32,"347":32,"348":32,"349":0,"350":53,"351":17,"352":17,"353":0,"354":17,"355":17,"356":1,"357":2,"358":16,"359":53,"360":9,"361":9,"362":0,"363":9,"364":9,"365":9,"366":53,"367":38,"368":0,"369":38,"370":38,"371":136,"372":136,"373":136,"374":9,"375":9,"376":9,"377":9,"378":9,"379":136,"380":135,"381":135,"382":135,"383":135,"384":2,"385":2,"386":2,"387":5,"388":28,"389":28,"390":28,"391":28,"392":28,"393":28,"394":28,"395":28,"396":0,"397":8,"398":8,"399":7,"400":7,"401":7,"402":2,"403":2,"404":2,"405":4,"406":32,"407":32,"408":32,"409":32,"410":2,"411":2,"412":2,"413":2,"414":1,"415":1,"416":1,"417":1,"418":1,"419":1,"420":1,"421":1,"422":1,"423":17,"424":17,"425":17,"426":17,"427":17,"428":17,"429":17,"430":17,"431":0,"432":2,"433":2,"434":2,"435":2,"436":2,"437":2,"438":2,"439":2,"440":2,"441":2,"442":0,"443":11,"444":11,"445":11,"446":2,"447":9,"448":9,"449":9,"450":9,"451":9,"452":9,"453":9,"454":0,"455":4,"456":4,"457":4,"458":1,"459":3,"460":3,"461":3,"462":3,"463":3,"464":3,"465":3,"466":0,"467":3,"468":3,"469":3,"470":3,"471":3,"472":3,"473":3,"474":3,"475":0,"476":2,"477":2,"478":2,"479":2,"480":2,"481":2,"482":2,"483":2,"484":2,"485":0,"486":16,"487":16,"488":16,"489":16,"490":16,"491":16,"492":16,"493":16,"494":0,"495":258,"496":1,"497":257,"498":257,"499":257,"500":257,"501":4,"502":1,"503":1,"504":4,"505":4,"506":4,"507":1,"508":1,"509":1,"510":1,"511":4,"512":4,"513":1,"514":5,"515":14,"516":5,"517":11},"f":{"0":38,"1":28,"2":7,"3":18,"4":3,"5":6,"6":2,"7":6,"8":10,"9":7,"10":5,"11":6,"12":4,"13":38,"14":38,"15":199,"16":40,"17":0,"18":4,"19":124,"20":2,"21":5,"22":28,"23":28,"24":2,"25":2,"26":20,"27":20,"28":3,"29":3,"30":2,"31":2,"32":28,"33":28,"34":38,"35":50,"36":47,"37":47,"38":36,"39":47,"40":37,"41":35,"42":35,"43":35,"44":46,"45":79,"46":0,"47":35,"48":46,"49":0,"50":35,"51":46,"52":35,"53":1,"54":2,"55":1,"56":35,"57":6,"58":7,"59":14,"60":14,"61":28,"62":3,"63":0,"64":14,"65":0,"66":0,"67":53,"68":144,"69":12,"70":9,"71":142,"72":7,"73":7,"74":7,"75":0,"76":135,"77":135,"78":135,"79":0,"80":7,"81":7,"82":7,"83":7,"84":0,"85":32,"86":32,"87":32,"88":0,"89":17,"90":2,"91":9,"92":38,"93":136,"94":136,"95":135,"96":135,"97":2,"98":2,"99":28,"100":28,"101":28,"102":28,"103":28,"104":0,"105":8,"106":8,"107":7,"108":7,"109":2,"110":2,"111":32,"112":32,"113":32,"114":32,"115":2,"116":2,"117":1,"118":1,"119":1,"120":1,"121":17,"122":17,"123":17,"124":17,"125":17,"126":0,"127":2,"128":2,"129":2,"130":2,"131":2,"132":0,"133":11,"134":11,"135":11,"136":9,"137":9,"138":0,"139":4,"140":4,"141":4,"142":3,"143":3,"144":0,"145":3,"146":3,"147":3,"148":3,"149":3,"150":0,"151":2,"152":2,"153":2,"154":2,"155":2,"156":0,"157":16,"158":16,"159":16,"160":16,"161":16,"162":0,"163":258,"164":4,"165":1,"166":1,"167":1,"168":4,"169":5,"170":14},"b":{"0":[0,18],"1":[0,3],"2":[0,6],"3":[0,2],"4":[0,6],"5":[0],"6":[6,32],"7":[2,4],"8":[4,0],"9":[4,4],"10":[0,0],"11":[0,0],"12":[163,36],"13":[86,15,28,10,26],"14":[86,71],"15":[15,15],"16":[28,28],"17":[10,10],"18":[26,24],"19":[93,70],"20":[10,26],"21":[9,31],"22":[6,3],"23":[31,0],"24":[13,18],"25":[5,31],"26":[7,29],"27":[120,4],"28":[28,27],"29":[20,13],"30":[3,1],"31":[0,2],"32":[2,2],"33":[0,2],"34":[2,2],"35":[0,2],"36":[2,2],"37":[16],"38":[1,27],"39":[27,2],"40":[1,26],"41":[26,14],"42":[2,36],"43":[45,2],"44":[45,2],"45":[47,47],"46":[47,0],"47":[35,0],"48":[46,12],"49":[46,0],"50":[46,0],"51":[46,0],"52":[46,0],"53":[1,45],"54":[40,6],"55":[46,46],"56":[0,79],"57":[0,79],"58":[3,76],"59":[79,79],"60":[79,0],"61":[0,0],"62":[0,0],"63":[0,0],"64":[0,0],"65":[0,0],"66":[0,0],"67":[46,0],"68":[34,1],"69":[34,1],"70":[35,1,1],"71":[0,7],"72":[7,7,7],"73":[0,14],"74":[14,14],"75":[0,14],"76":[14,14],"77":[3,11],"78":[14,14],"79":[0,0],"80":[0,0],"81":[0,0],"82":[0,0],"83":[0,0],"84":[0,0],"85":[53,50],"86":[4,8],"87":[2,142],"88":[0,9],"89":[0,9],"90":[9,9],"91":[0,9],"92":[9,9],"93":[1,8],"94":[3,1,4,0],"95":[7,135],"96":[7,135],"97":[7,0],"98":[7,7],"99":[0,17],"100":[1,16],"101":[0,9],"102":[9,0],"103":[0,38],"104":[9,127],"105":[136,9],"106":[125,11],"107":[136,136],"108":[0,136],"109":[136,136],"110":[9,0],"111":[9,0,0],"112":[9,0],"113":[1,0],"114":[1,1],"115":[1,1],"116":[2,9],"117":[1,3],"118":[1,257],"119":[1,3],"120":[4,0],"121":[4,0],"122":[4,1],"123":[4,0]}}
}
