{"/home/runner/work/idb-ts/idb-ts/index.ts": {"path":"/home/runner/work/idb-ts/idb-ts/index.ts","statementMap":{"0":{"start":{"line":3422,"column":2},"end":{"line":3422,"column":9}},"1":{"start":{"line":3423,"column":2},"end":{"line":3423,"column":18}},"2":{"start":{"line":3424,"column":2},"end":{"line":3424,"column":11}},"3":{"start":{"line":3425,"column":2},"end":{"line":3425,"column":7}},"4":{"start":{"line":3426,"column":2},"end":{"line":3426,"column":10}},"5":{"start":{"line":3427,"column":2},"end":{"line":3427,"column":17}},"6":{"start":{"line":1,"column":0},"end":{"line":1,"column":26}},"7":{"start":{"line":211,"column":12},"end":{"line":211,"column":35}},"8":{"start":{"line":212,"column":12},"end":{"line":212,"column":20}},"9":{"start":{"line":222,"column":4},"end":{"line":222,"column":61}},"10":{"start":{"line":223,"column":4},"end":{"line":223,"column":36}},"11":{"start":{"line":224,"column":4},"end":{"line":224,"column":23}},"12":{"start":{"line":235,"column":4},"end":{"line":235,"column":57}},"13":{"start":{"line":236,"column":4},"end":{"line":236,"column":36}},"14":{"start":{"line":237,"column":4},"end":{"line":237,"column":23}},"15":{"start":{"line":248,"column":4},"end":{"line":248,"column":58}},"16":{"start":{"line":249,"column":4},"end":{"line":249,"column":36}},"17":{"start":{"line":250,"column":4},"end":{"line":250,"column":23}},"18":{"start":{"line":261,"column":4},"end":{"line":261,"column":57}},"19":{"start":{"line":262,"column":4},"end":{"line":262,"column":36}},"20":{"start":{"line":263,"column":4},"end":{"line":263,"column":23}},"21":{"start":{"line":274,"column":4},"end":{"line":274,"column":58}},"22":{"start":{"line":275,"column":4},"end":{"line":275,"column":36}},"23":{"start":{"line":276,"column":4},"end":{"line":276,"column":23}},"24":{"start":{"line":290,"column":4},"end":{"line":290,"column":65}},"25":{"start":{"line":291,"column":4},"end":{"line":291,"column":36}},"26":{"start":{"line":292,"column":4},"end":{"line":292,"column":23}},"27":{"start":{"line":306,"column":4},"end":{"line":306,"column":63}},"28":{"start":{"line":307,"column":4},"end":{"line":307,"column":36}},"29":{"start":{"line":308,"column":4},"end":{"line":308,"column":23}},"30":{"start":{"line":328,"column":4},"end":{"line":328,"column":63}},"31":{"start":{"line":329,"column":4},"end":{"line":329,"column":36}},"32":{"start":{"line":330,"column":4},"end":{"line":330,"column":23}},"33":{"start":{"line":345,"column":4},"end":{"line":345,"column":62}},"34":{"start":{"line":346,"column":4},"end":{"line":346,"column":36}},"35":{"start":{"line":347,"column":4},"end":{"line":347,"column":23}},"36":{"start":{"line":362,"column":4},"end":{"line":362,"column":69}},"37":{"start":{"line":363,"column":4},"end":{"line":363,"column":36}},"38":{"start":{"line":364,"column":4},"end":{"line":364,"column":23}},"39":{"start":{"line":380,"column":4},"end":{"line":380,"column":72}},"40":{"start":{"line":381,"column":4},"end":{"line":381,"column":36}},"41":{"start":{"line":382,"column":4},"end":{"line":382,"column":23}},"42":{"start":{"line":392,"column":4},"end":{"line":392,"column":58}},"43":{"start":{"line":393,"column":4},"end":{"line":393,"column":36}},"44":{"start":{"line":394,"column":4},"end":{"line":394,"column":23}},"45":{"start":{"line":404,"column":4},"end":{"line":404,"column":61}},"46":{"start":{"line":405,"column":4},"end":{"line":405,"column":36}},"47":{"start":{"line":406,"column":4},"end":{"line":406,"column":23}},"48":{"start":{"line":420,"column":4},"end":{"line":420,"column":67}},"49":{"start":{"line":421,"column":4},"end":{"line":421,"column":36}},"50":{"start":{"line":422,"column":4},"end":{"line":422,"column":23}},"51":{"start":{"line":436,"column":4},"end":{"line":436,"column":67}},"52":{"start":{"line":437,"column":4},"end":{"line":437,"column":36}},"53":{"start":{"line":438,"column":4},"end":{"line":438,"column":23}},"54":{"start":{"line":450,"column":4},"end":{"line":450,"column":36}},"55":{"start":{"line":451,"column":4},"end":{"line":451,"column":34}},"56":{"start":{"line":461,"column":4},"end":{"line":461,"column":36}},"57":{"start":{"line":462,"column":4},"end":{"line":462,"column":28}},"58":{"start":{"line":502,"column":10},"end":{"line":502,"column":38}},"59":{"start":{"line":504,"column":10},"end":{"line":504,"column":49}},"60":{"start":{"line":512,"column":10},"end":{"line":512,"column":51}},"61":{"start":{"line":520,"column":4},"end":{"line":520,"column":17}},"62":{"start":{"line":521,"column":4},"end":{"line":521,"column":31}},"63":{"start":{"line":522,"column":4},"end":{"line":522,"column":35}},"64":{"start":{"line":561,"column":4},"end":{"line":564,"column":5}},"65":{"start":{"line":562,"column":6},"end":{"line":562,"column":31}},"66":{"start":{"line":563,"column":6},"end":{"line":563,"column":49}},"67":{"start":{"line":566,"column":4},"end":{"line":566,"column":39}},"68":{"start":{"line":567,"column":4},"end":{"line":567,"column":63}},"69":{"start":{"line":584,"column":4},"end":{"line":584,"column":45}},"70":{"start":{"line":598,"column":4},"end":{"line":598,"column":33}},"71":{"start":{"line":599,"column":4},"end":{"line":599,"column":16}},"72":{"start":{"line":606,"column":19},"end":{"line":609,"column":null}},"73":{"start":{"line":611,"column":21},"end":{"line":611,"column":46}},"74":{"start":{"line":613,"column":6},"end":{"line":613,"column":74}},"75":{"start":{"line":614,"column":4},"end":{"line":614,"column":50}},"76":{"start":{"line":615,"column":4},"end":{"line":615,"column":16}},"77":{"start":{"line":625,"column":4},"end":{"line":625,"column":34}},"78":{"start":{"line":639,"column":4},"end":{"line":639,"column":63}},"79":{"start":{"line":646,"column":22},"end":{"line":646,"column":78}},"80":{"start":{"line":647,"column":4},"end":{"line":647,"column":63}},"81":{"start":{"line":648,"column":4},"end":{"line":648,"column":34}},"82":{"start":{"line":653,"column":4},"end":{"line":655,"column":5}},"83":{"start":{"line":654,"column":6},"end":{"line":654,"column":61}},"84":{"start":{"line":657,"column":18},"end":{"line":657,"column":35}},"85":{"start":{"line":658,"column":4},"end":{"line":658,"column":34}},"86":{"start":{"line":659,"column":4},"end":{"line":659,"column":17}},"87":{"start":{"line":664,"column":18},"end":{"line":664,"column":46}},"88":{"start":{"line":665,"column":4},"end":{"line":665,"column":43}},"89":{"start":{"line":666,"column":4},"end":{"line":666,"column":16}},"90":{"start":{"line":674,"column":4},"end":{"line":674,"column":46}},"91":{"start":{"line":682,"column":4},"end":{"line":682,"column":42}},"92":{"start":{"line":690,"column":4},"end":{"line":690,"column":43}},"93":{"start":{"line":698,"column":4},"end":{"line":698,"column":42}},"94":{"start":{"line":706,"column":4},"end":{"line":706,"column":43}},"95":{"start":{"line":714,"column":4},"end":{"line":714,"column":50}},"96":{"start":{"line":722,"column":4},"end":{"line":722,"column":48}},"97":{"start":{"line":730,"column":4},"end":{"line":730,"column":48}},"98":{"start":{"line":738,"column":4},"end":{"line":738,"column":47}},"99":{"start":{"line":747,"column":4},"end":{"line":747,"column":54}},"100":{"start":{"line":756,"column":4},"end":{"line":756,"column":57}},"101":{"start":{"line":764,"column":4},"end":{"line":764,"column":43}},"102":{"start":{"line":772,"column":4},"end":{"line":772,"column":46}},"103":{"start":{"line":780,"column":4},"end":{"line":780,"column":52}},"104":{"start":{"line":788,"column":4},"end":{"line":788,"column":52}},"105":{"start":{"line":799,"column":4},"end":{"line":799,"column":28}},"106":{"start":{"line":800,"column":4},"end":{"line":800,"column":36}},"107":{"start":{"line":801,"column":4},"end":{"line":801,"column":16}},"108":{"start":{"line":811,"column":4},"end":{"line":811,"column":24}},"109":{"start":{"line":812,"column":4},"end":{"line":812,"column":16}},"110":{"start":{"line":823,"column":4},"end":{"line":823,"column":25}},"111":{"start":{"line":824,"column":4},"end":{"line":824,"column":16}},"112":{"start":{"line":838,"column":4},"end":{"line":838,"column":31}},"113":{"start":{"line":839,"column":4},"end":{"line":839,"column":16}},"114":{"start":{"line":857,"column":4},"end":{"line":857,"column":28}},"115":{"start":{"line":858,"column":4},"end":{"line":858,"column":24}},"116":{"start":{"line":859,"column":4},"end":{"line":859,"column":16}},"117":{"start":{"line":877,"column":4},"end":{"line":877,"column":28}},"118":{"start":{"line":878,"column":4},"end":{"line":880,"column":6}},"119":{"start":{"line":901,"column":17},"end":{"line":901,"column":79}},"120":{"start":{"line":902,"column":4},"end":{"line":902,"column":37}},"121":{"start":{"line":903,"column":4},"end":{"line":903,"column":38}},"122":{"start":{"line":904,"column":4},"end":{"line":904,"column":46}},"123":{"start":{"line":905,"column":4},"end":{"line":905,"column":38}},"124":{"start":{"line":906,"column":4},"end":{"line":906,"column":40}},"125":{"start":{"line":907,"column":4},"end":{"line":907,"column":36}},"126":{"start":{"line":908,"column":4},"end":{"line":908,"column":38}},"127":{"start":{"line":909,"column":4},"end":{"line":909,"column":34}},"128":{"start":{"line":910,"column":4},"end":{"line":910,"column":38}},"129":{"start":{"line":911,"column":4},"end":{"line":911,"column":50}},"130":{"start":{"line":912,"column":4},"end":{"line":912,"column":16}},"131":{"start":{"line":929,"column":4},"end":{"line":929,"column":22}},"132":{"start":{"line":930,"column":4},"end":{"line":930,"column":32}},"133":{"start":{"line":931,"column":4},"end":{"line":931,"column":32}},"134":{"start":{"line":932,"column":4},"end":{"line":932,"column":32}},"135":{"start":{"line":933,"column":4},"end":{"line":933,"column":33}},"136":{"start":{"line":934,"column":4},"end":{"line":934,"column":31}},"137":{"start":{"line":935,"column":4},"end":{"line":935,"column":32}},"138":{"start":{"line":936,"column":4},"end":{"line":936,"column":30}},"139":{"start":{"line":937,"column":4},"end":{"line":937,"column":34}},"140":{"start":{"line":938,"column":4},"end":{"line":938,"column":32}},"141":{"start":{"line":939,"column":4},"end":{"line":939,"column":34}},"142":{"start":{"line":940,"column":4},"end":{"line":940,"column":16}},"143":{"start":{"line":945,"column":18},"end":{"line":949,"column":38}},"144":{"start":{"line":951,"column":20},"end":{"line":951,"column":49}},"145":{"start":{"line":952,"column":4},"end":{"line":955,"column":7}},"146":{"start":{"line":953,"column":6},"end":{"line":953,"column":71}},"147":{"start":{"line":953,"column":32},"end":{"line":953,"column":71}},"148":{"start":{"line":954,"column":6},"end":{"line":954,"column":52}},"149":{"start":{"line":954,"column":30},"end":{"line":954,"column":51}},"150":{"start":{"line":960,"column":4},"end":{"line":971,"column":5}},"151":{"start":{"line":961,"column":6},"end":{"line":968,"column":7}},"152":{"start":{"line":962,"column":8},"end":{"line":967,"column":10}},"153":{"start":{"line":970,"column":6},"end":{"line":970,"column":28}},"154":{"start":{"line":973,"column":4},"end":{"line":977,"column":5}},"155":{"start":{"line":974,"column":6},"end":{"line":976,"column":8}},"156":{"start":{"line":979,"column":18},"end":{"line":979,"column":45}},"157":{"start":{"line":981,"column":4},"end":{"line":987,"column":5}},"158":{"start":{"line":982,"column":6},"end":{"line":982,"column":67}},"159":{"start":{"line":983,"column":11},"end":{"line":987,"column":5}},"160":{"start":{"line":984,"column":6},"end":{"line":984,"column":57}},"161":{"start":{"line":985,"column":11},"end":{"line":987,"column":5}},"162":{"start":{"line":986,"column":6},"end":{"line":986,"column":55}},"163":{"start":{"line":989,"column":4},"end":{"line":989,"column":62}},"164":{"start":{"line":994,"column":4},"end":{"line":996,"column":5}},"165":{"start":{"line":995,"column":6},"end":{"line":995,"column":56}},"166":{"start":{"line":998,"column":19},"end":{"line":998,"column":45}},"167":{"start":{"line":999,"column":4},"end":{"line":1055,"column":5}},"168":{"start":{"line":1001,"column":8},"end":{"line":1001,"column":38}},"169":{"start":{"line":1003,"column":8},"end":{"line":1003,"column":36}},"170":{"start":{"line":1005,"column":8},"end":{"line":1005,"column":37}},"171":{"start":{"line":1007,"column":8},"end":{"line":1007,"column":36}},"172":{"start":{"line":1009,"column":8},"end":{"line":1009,"column":37}},"173":{"start":{"line":1011,"column":8},"end":{"line":1013,"column":10}},"174":{"start":{"line":1015,"column":8},"end":{"line":1017,"column":10}},"175":{"start":{"line":1019,"column":8},"end":{"line":1021,"column":9}},"176":{"start":{"line":1020,"column":10},"end":{"line":1020,"column":54}},"177":{"start":{"line":1023,"column":8},"end":{"line":1023,"column":68}},"178":{"start":{"line":1026,"column":10},"end":{"line":1028,"column":46}},"179":{"start":{"line":1029,"column":8},"end":{"line":1029,"column":64}},"180":{"start":{"line":1032,"column":29},"end":{"line":1032,"column":55}},"181":{"start":{"line":1033,"column":8},"end":{"line":1033,"column":46}},"182":{"start":{"line":1036,"column":29},"end":{"line":1036,"column":55}},"183":{"start":{"line":1037,"column":8},"end":{"line":1037,"column":44}},"184":{"start":{"line":1040,"column":8},"end":{"line":1040,"column":75}},"185":{"start":{"line":1042,"column":8},"end":{"line":1042,"column":76}},"186":{"start":{"line":1044,"column":8},"end":{"line":1048,"column":10}},"187":{"start":{"line":1047,"column":44},"end":{"line":1047,"column":65}},"188":{"start":{"line":1050,"column":8},"end":{"line":1054,"column":10}},"189":{"start":{"line":1053,"column":45},"end":{"line":1053,"column":66}},"190":{"start":{"line":1060,"column":4},"end":{"line":1062,"column":5}},"191":{"start":{"line":1061,"column":6},"end":{"line":1061,"column":18}},"192":{"start":{"line":1064,"column":17},"end":{"line":1064,"column":53}},"193":{"start":{"line":1066,"column":4},"end":{"line":1071,"column":5}},"194":{"start":{"line":1066,"column":21},"end":{"line":1066,"column":22}},"195":{"start":{"line":1067,"column":21},"end":{"line":1067,"column":35}},"196":{"start":{"line":1068,"column":22},"end":{"line":1068,"column":54}},"197":{"start":{"line":1069,"column":6},"end":{"line":1070,"column":74}},"198":{"start":{"line":1073,"column":4},"end":{"line":1073,"column":18}},"199":{"start":{"line":1078,"column":23},"end":{"line":1078,"column":50}},"200":{"start":{"line":1079,"column":4},"end":{"line":1081,"column":6}},"201":{"start":{"line":1080,"column":6},"end":{"line":1080,"column":46}},"202":{"start":{"line":1086,"column":4},"end":{"line":1088,"column":5}},"203":{"start":{"line":1087,"column":6},"end":{"line":1087,"column":21}},"204":{"start":{"line":1090,"column":4},"end":{"line":1096,"column":7}},"205":{"start":{"line":1091,"column":25},"end":{"line":1091,"column":55}},"206":{"start":{"line":1092,"column":26},"end":{"line":1092,"column":57}},"207":{"start":{"line":1093,"column":6},"end":{"line":1093,"column":80}},"208":{"start":{"line":1093,"column":34},"end":{"line":1093,"column":80}},"209":{"start":{"line":1094,"column":6},"end":{"line":1094,"column":80}},"210":{"start":{"line":1094,"column":34},"end":{"line":1094,"column":80}},"211":{"start":{"line":1095,"column":6},"end":{"line":1095,"column":15}},"212":{"start":{"line":1101,"column":22},"end":{"line":1101,"column":29}},"213":{"start":{"line":1102,"column":4},"end":{"line":1104,"column":5}},"214":{"start":{"line":1103,"column":6},"end":{"line":1103,"column":56}},"215":{"start":{"line":1105,"column":4},"end":{"line":1107,"column":5}},"216":{"start":{"line":1106,"column":6},"end":{"line":1106,"column":58}},"217":{"start":{"line":1108,"column":4},"end":{"line":1108,"column":23}},"218":{"start":{"line":1116,"column":20},"end":{"line":1116,"column":47}},"219":{"start":{"line":1117,"column":19},"end":{"line":1119,"column":15}},"220":{"start":{"line":1118,"column":31},"end":{"line":1118,"column":50}},"221":{"start":{"line":1120,"column":4},"end":{"line":1120,"column":27}},"222":{"start":{"line":1127,"column":20},"end":{"line":1127,"column":47}},"223":{"start":{"line":1128,"column":19},"end":{"line":1128,"column":41}},"224":{"start":{"line":1130,"column":4},"end":{"line":1133,"column":5}},"225":{"start":{"line":1131,"column":19},"end":{"line":1131,"column":38}},"226":{"start":{"line":1132,"column":6},"end":{"line":1132,"column":50}},"227":{"start":{"line":1135,"column":4},"end":{"line":1144,"column":8}},"228":{"start":{"line":1137,"column":8},"end":{"line":1137,"column":36}},"229":{"start":{"line":1137,"column":26},"end":{"line":1137,"column":36}},"230":{"start":{"line":1138,"column":8},"end":{"line":1138,"column":35}},"231":{"start":{"line":1138,"column":26},"end":{"line":1138,"column":35}},"232":{"start":{"line":1139,"column":8},"end":{"line":1139,"column":17}},"233":{"start":{"line":1143,"column":11},"end":{"line":1143,"column":34}},"234":{"start":{"line":1163,"column":20},"end":{"line":1163,"column":47}},"235":{"start":{"line":1164,"column":4},"end":{"line":1164,"column":59}},"236":{"start":{"line":1179,"column":4},"end":{"line":1181,"column":5}},"237":{"start":{"line":1180,"column":6},"end":{"line":1180,"column":57}},"238":{"start":{"line":1183,"column":20},"end":{"line":1183,"column":47}},"239":{"start":{"line":1184,"column":4},"end":{"line":1184,"column":26}},"240":{"start":{"line":1195,"column":18},"end":{"line":1199,"column":null}},"241":{"start":{"line":1196,"column":6},"end":{"line":1198,"column":null}},"242":{"start":{"line":1197,"column":32},"end":{"line":1197,"column":66}},"243":{"start":{"line":1201,"column":4},"end":{"line":1201,"column":17}},"244":{"start":{"line":1212,"column":19},"end":{"line":1212,"column":70}},"245":{"start":{"line":1212,"column":64},"end":{"line":1212,"column":69}},"246":{"start":{"line":1213,"column":4},"end":{"line":1215,"column":5}},"247":{"start":{"line":1214,"column":6},"end":{"line":1214,"column":15}},"248":{"start":{"line":1217,"column":18},"end":{"line":1219,"column":null}},"249":{"start":{"line":1218,"column":30},"end":{"line":1218,"column":64}},"250":{"start":{"line":1221,"column":4},"end":{"line":1221,"column":33}},"251":{"start":{"line":1232,"column":19},"end":{"line":1232,"column":70}},"252":{"start":{"line":1232,"column":64},"end":{"line":1232,"column":69}},"253":{"start":{"line":1233,"column":4},"end":{"line":1235,"column":5}},"254":{"start":{"line":1234,"column":6},"end":{"line":1234,"column":18}},"255":{"start":{"line":1237,"column":4},"end":{"line":1239,"column":6}},"256":{"start":{"line":1238,"column":6},"end":{"line":1238,"column":45}},"257":{"start":{"line":1250,"column":19},"end":{"line":1250,"column":70}},"258":{"start":{"line":1250,"column":64},"end":{"line":1250,"column":69}},"259":{"start":{"line":1251,"column":4},"end":{"line":1253,"column":5}},"260":{"start":{"line":1252,"column":6},"end":{"line":1252,"column":18}},"261":{"start":{"line":1255,"column":4},"end":{"line":1257,"column":6}},"262":{"start":{"line":1256,"column":6},"end":{"line":1256,"column":45}},"263":{"start":{"line":1371,"column":34},"end":{"line":1371,"column":51}},"264":{"start":{"line":1373,"column":34},"end":{"line":1373,"column":51}},"265":{"start":{"line":1406,"column":4},"end":{"line":1409,"column":5}},"266":{"start":{"line":1407,"column":7},"end":{"line":1407,"column":56}},"267":{"start":{"line":1408,"column":6},"end":{"line":1408,"column":19}},"268":{"start":{"line":1410,"column":4},"end":{"line":1419,"column":5}},"269":{"start":{"line":1411,"column":30},"end":{"line":1411,"column":47}},"270":{"start":{"line":1412,"column":20},"end":{"line":1412,"column":45}},"271":{"start":{"line":1413,"column":6},"end":{"line":1413,"column":35}},"272":{"start":{"line":1415,"column":6},"end":{"line":1417,"column":7}},"273":{"start":{"line":1415,"column":19},"end":{"line":1415,"column":20}},"274":{"start":{"line":1416,"column":8},"end":{"line":1416,"column":43}},"275":{"start":{"line":1418,"column":6},"end":{"line":1418,"column":19}},"276":{"start":{"line":1430,"column":4},"end":{"line":1436,"column":5}},"277":{"start":{"line":1431,"column":6},"end":{"line":1433,"column":7}},"278":{"start":{"line":1432,"column":8},"end":{"line":1432,"column":55}},"279":{"start":{"line":1438,"column":4},"end":{"line":1443,"column":5}},"280":{"start":{"line":1439,"column":29},"end":{"line":1439,"column":46}},"281":{"start":{"line":1440,"column":6},"end":{"line":1440,"column":26}},"282":{"start":{"line":1445,"column":18},"end":{"line":1445,"column":36}},"283":{"start":{"line":1446,"column":4},"end":{"line":1446,"column":32}},"284":{"start":{"line":1448,"column":4},"end":{"line":1448,"column":40}},"285":{"start":{"line":1449,"column":4},"end":{"line":1449,"column":40}},"286":{"start":{"line":1451,"column":16},"end":{"line":1451,"column":82}},"287":{"start":{"line":1451,"column":41},"end":{"line":1451,"column":72}},"288":{"start":{"line":1452,"column":4},"end":{"line":1452,"column":131}},"289":{"start":{"line":1462,"column":18},"end":{"line":1462,"column":36}},"290":{"start":{"line":1463,"column":4},"end":{"line":1463,"column":32}},"291":{"start":{"line":1465,"column":16},"end":{"line":1465,"column":26}},"292":{"start":{"line":1466,"column":19},"end":{"line":1466,"column":54}},"293":{"start":{"line":1467,"column":19},"end":{"line":1467,"column":38}},"294":{"start":{"line":1469,"column":4},"end":{"line":1469,"column":38}},"295":{"start":{"line":1470,"column":4},"end":{"line":1470,"column":38}},"296":{"start":{"line":1471,"column":4},"end":{"line":1471,"column":37}},"297":{"start":{"line":1472,"column":4},"end":{"line":1472,"column":29}},"298":{"start":{"line":1473,"column":4},"end":{"line":1473,"column":37}},"299":{"start":{"line":1474,"column":4},"end":{"line":1474,"column":29}},"300":{"start":{"line":1476,"column":4},"end":{"line":1476,"column":40}},"301":{"start":{"line":1477,"column":4},"end":{"line":1477,"column":40}},"302":{"start":{"line":1479,"column":16},"end":{"line":1479,"column":82}},"303":{"start":{"line":1479,"column":41},"end":{"line":1479,"column":72}},"304":{"start":{"line":1480,"column":4},"end":{"line":1480,"column":131}},"305":{"start":{"line":1490,"column":4},"end":{"line":1490,"column":25}},"306":{"start":{"line":1499,"column":4},"end":{"line":1499,"column":22}},"307":{"start":{"line":1509,"column":4},"end":{"line":1509,"column":55}},"308":{"start":{"line":3429,"column":2},"end":{"line":3429,"column":15}},"309":{"start":{"line":1549,"column":2},"end":{"line":1567,"column":4}},"310":{"start":{"line":1550,"column":24},"end":{"line":1550,"column":54}},"311":{"start":{"line":1554,"column":6},"end":{"line":1554,"column":67}},"312":{"start":{"line":1555,"column":4},"end":{"line":1555,"column":49}},"313":{"start":{"line":1556,"column":4},"end":{"line":1560,"column":6}},"314":{"start":{"line":1562,"column":38},"end":{"line":1565,"column":6}},"315":{"start":{"line":1566,"column":4},"end":{"line":1566,"column":61}},"316":{"start":{"line":1606,"column":2},"end":{"line":1624,"column":4}},"317":{"start":{"line":1607,"column":4},"end":{"line":1612,"column":5}},"318":{"start":{"line":1608,"column":6},"end":{"line":1611,"column":8}},"319":{"start":{"line":1613,"column":4},"end":{"line":1617,"column":5}},"320":{"start":{"line":1614,"column":6},"end":{"line":1616,"column":8}},"321":{"start":{"line":1619,"column":38},"end":{"line":1622,"column":6}},"322":{"start":{"line":1623,"column":4},"end":{"line":1623,"column":56}},"323":{"start":{"line":1650,"column":2},"end":{"line":1658,"column":4}},"324":{"start":{"line":1651,"column":24},"end":{"line":1651,"column":54}},"325":{"start":{"line":1652,"column":21},"end":{"line":1652,"column":70}},"326":{"start":{"line":1653,"column":24},"end":{"line":1656,"column":6}},"327":{"start":{"line":1657,"column":4},"end":{"line":1657,"column":64}},"328":{"start":{"line":1695,"column":2},"end":{"line":1703,"column":4}},"329":{"start":{"line":1696,"column":24},"end":{"line":1696,"column":54}},"330":{"start":{"line":1697,"column":21},"end":{"line":1697,"column":73}},"331":{"start":{"line":1698,"column":22},"end":{"line":1701,"column":6}},"332":{"start":{"line":1702,"column":4},"end":{"line":1702,"column":65}},"333":{"start":{"line":1734,"column":2},"end":{"line":1746,"column":4}},"334":{"start":{"line":1735,"column":4},"end":{"line":1737,"column":5}},"335":{"start":{"line":1736,"column":6},"end":{"line":1736,"column":77}},"336":{"start":{"line":1739,"column":46},"end":{"line":1743,"column":6}},"337":{"start":{"line":1745,"column":4},"end":{"line":1745,"column":65}},"338":{"start":{"line":1797,"column":2},"end":{"line":1819,"column":4}},"339":{"start":{"line":1798,"column":28},"end":{"line":1800,"column":null}},"340":{"start":{"line":1802,"column":4},"end":{"line":1804,"column":5}},"341":{"start":{"line":1803,"column":6},"end":{"line":1803,"column":80}},"342":{"start":{"line":1809,"column":6},"end":{"line":1809,"column":62}},"343":{"start":{"line":1810,"column":4},"end":{"line":1814,"column":5}},"344":{"start":{"line":1811,"column":6},"end":{"line":1813,"column":8}},"345":{"start":{"line":1816,"column":20},"end":{"line":1816,"column":40}},"346":{"start":{"line":1817,"column":4},"end":{"line":1817,"column":54}},"347":{"start":{"line":1818,"column":4},"end":{"line":1818,"column":55}},"348":{"start":{"line":2056,"column":13},"end":{"line":2056,"column":30}},"349":{"start":{"line":2058,"column":13},"end":{"line":2058,"column":30}},"350":{"start":{"line":2060,"column":13},"end":{"line":2060,"column":28}},"351":{"start":{"line":2062,"column":13},"end":{"line":2062,"column":51}},"352":{"start":{"line":2064,"column":13},"end":{"line":2064,"column":35}},"353":{"start":{"line":2066,"column":13},"end":{"line":2066,"column":54}},"354":{"start":{"line":2071,"column":28},"end":{"line":2071,"column":null}},"355":{"start":{"line":2074,"column":24},"end":{"line":2074,"column":65}},"356":{"start":{"line":2077,"column":20},"end":{"line":2080,"column":null}},"357":{"start":{"line":2078,"column":6},"end":{"line":2080,"column":null}},"358":{"start":{"line":2083,"column":4},"end":{"line":2090,"column":6}},"359":{"start":{"line":2095,"column":4},"end":{"line":2095,"column":61}},"360":{"start":{"line":2095,"column":40},"end":{"line":2095,"column":59}},"361":{"start":{"line":2118,"column":21},"end":{"line":2118,"column":57}},"362":{"start":{"line":2119,"column":21},"end":{"line":2119,"column":55}},"363":{"start":{"line":2120,"column":21},"end":{"line":2120,"column":54}},"364":{"start":{"line":2125,"column":4},"end":{"line":2125,"column":72}},"365":{"start":{"line":2125,"column":55},"end":{"line":2125,"column":69}},"366":{"start":{"line":2136,"column":4},"end":{"line":2142,"column":7}},"367":{"start":{"line":2137,"column":6},"end":{"line":2141,"column":7}},"368":{"start":{"line":2138,"column":8},"end":{"line":2138,"column":37}},"369":{"start":{"line":2139,"column":13},"end":{"line":2141,"column":7}},"370":{"start":{"line":2140,"column":8},"end":{"line":2140,"column":74}},"371":{"start":{"line":2144,"column":4},"end":{"line":2144,"column":34}},"372":{"start":{"line":2160,"column":28},"end":{"line":2160,"column":30}},"373":{"start":{"line":2161,"column":21},"end":{"line":2162,"column":null}},"374":{"start":{"line":2162,"column":6},"end":{"line":2162,"column":52}},"375":{"start":{"line":2165,"column":4},"end":{"line":2169,"column":7}},"376":{"start":{"line":2166,"column":6},"end":{"line":2168,"column":7}},"377":{"start":{"line":2167,"column":8},"end":{"line":2167,"column":65}},"378":{"start":{"line":2171,"column":4},"end":{"line":2192,"column":5}},"379":{"start":{"line":2172,"column":26},"end":{"line":2174,"column":null}},"380":{"start":{"line":2173,"column":33},"end":{"line":2173,"column":49}},"381":{"start":{"line":2177,"column":6},"end":{"line":2191,"column":9}},"382":{"start":{"line":2178,"column":22},"end":{"line":2178,"column":63}},"383":{"start":{"line":2180,"column":8},"end":{"line":2184,"column":11}},"384":{"start":{"line":2181,"column":10},"end":{"line":2183,"column":11}},"385":{"start":{"line":2182,"column":12},"end":{"line":2182,"column":75}},"386":{"start":{"line":2186,"column":8},"end":{"line":2190,"column":11}},"387":{"start":{"line":2187,"column":10},"end":{"line":2189,"column":11}},"388":{"start":{"line":2188,"column":12},"end":{"line":2188,"column":73}},"389":{"start":{"line":2194,"column":4},"end":{"line":2194,"column":17}},"390":{"start":{"line":2199,"column":46},"end":{"line":2199,"column":48}},"391":{"start":{"line":2200,"column":4},"end":{"line":2202,"column":5}},"392":{"start":{"line":2201,"column":6},"end":{"line":2201,"column":60}},"393":{"start":{"line":2203,"column":4},"end":{"line":2205,"column":5}},"394":{"start":{"line":2204,"column":6},"end":{"line":2204,"column":35}},"395":{"start":{"line":2207,"column":18},"end":{"line":2207,"column":65}},"396":{"start":{"line":2208,"column":4},"end":{"line":2210,"column":7}},"397":{"start":{"line":2209,"column":6},"end":{"line":2209,"column":50}},"398":{"start":{"line":2212,"column":4},"end":{"line":2214,"column":6}},"399":{"start":{"line":2219,"column":4},"end":{"line":2226,"column":5}},"400":{"start":{"line":2220,"column":6},"end":{"line":2225,"column":8}},"401":{"start":{"line":2228,"column":4},"end":{"line":2233,"column":7}},"402":{"start":{"line":2229,"column":6},"end":{"line":2232,"column":7}},"403":{"start":{"line":2230,"column":8},"end":{"line":2230,"column":47}},"404":{"start":{"line":2231,"column":8},"end":{"line":2231,"column":72}},"405":{"start":{"line":2235,"column":4},"end":{"line":2242,"column":7}},"406":{"start":{"line":2236,"column":6},"end":{"line":2241,"column":7}},"407":{"start":{"line":2237,"column":8},"end":{"line":2237,"column":32}},"408":{"start":{"line":2238,"column":8},"end":{"line":2240,"column":10}},"409":{"start":{"line":2247,"column":22},"end":{"line":2249,"column":79}},"410":{"start":{"line":2249,"column":18},"end":{"line":2249,"column":78}},"411":{"start":{"line":2251,"column":4},"end":{"line":2254,"column":6}},"412":{"start":{"line":2259,"column":21},"end":{"line":2259,"column":76}},"413":{"start":{"line":2259,"column":58},"end":{"line":2259,"column":74}},"414":{"start":{"line":2260,"column":4},"end":{"line":2268,"column":7}},"415":{"start":{"line":2261,"column":6},"end":{"line":2267,"column":7}},"416":{"start":{"line":2262,"column":8},"end":{"line":2266,"column":10}},"417":{"start":{"line":2325,"column":10},"end":{"line":2325,"column":40}},"418":{"start":{"line":2326,"column":10},"end":{"line":2326,"column":59}},"419":{"start":{"line":2328,"column":10},"end":{"line":2328,"column":71}},"420":{"start":{"line":2329,"column":10},"end":{"line":2329,"column":42}},"421":{"start":{"line":2343,"column":10},"end":{"line":2346,"column":4}},"422":{"start":{"line":2344,"column":4},"end":{"line":2344,"column":35}},"423":{"start":{"line":2344,"column":28},"end":{"line":2344,"column":35}},"424":{"start":{"line":2345,"column":4},"end":{"line":2345,"column":46}},"425":{"start":{"line":2354,"column":10},"end":{"line":2357,"column":4}},"426":{"start":{"line":2355,"column":4},"end":{"line":2355,"column":35}},"427":{"start":{"line":2355,"column":28},"end":{"line":2355,"column":35}},"428":{"start":{"line":2356,"column":4},"end":{"line":2356,"column":47}},"429":{"start":{"line":2365,"column":4},"end":{"line":2365,"column":25}},"430":{"start":{"line":2366,"column":4},"end":{"line":2366,"column":37}},"431":{"start":{"line":2367,"column":4},"end":{"line":2369,"column":5}},"432":{"start":{"line":2367,"column":32},"end":{"line":2367,"column":69}},"433":{"start":{"line":2368,"column":6},"end":{"line":2368,"column":74}},"434":{"start":{"line":2370,"column":4},"end":{"line":2370,"column":27}},"435":{"start":{"line":2371,"column":4},"end":{"line":2371,"column":69}},"436":{"start":{"line":2371,"column":40},"end":{"line":2371,"column":67}},"437":{"start":{"line":2372,"column":4},"end":{"line":2376,"column":6}},"438":{"start":{"line":2377,"column":4},"end":{"line":2377,"column":49}},"439":{"start":{"line":2378,"column":4},"end":{"line":2401,"column":8}},"440":{"start":{"line":2380,"column":23},"end":{"line":2380,"column":null}},"441":{"start":{"line":2383,"column":8},"end":{"line":2385,"column":9}},"442":{"start":{"line":2384,"column":10},"end":{"line":2384,"column":22}},"443":{"start":{"line":2387,"column":8},"end":{"line":2391,"column":10}},"444":{"start":{"line":2400,"column":13},"end":{"line":2400,"column":28}},"445":{"start":{"line":2416,"column":25},"end":{"line":2416,"column":null}},"446":{"start":{"line":2420,"column":4},"end":{"line":2428,"column":5}},"447":{"start":{"line":2421,"column":6},"end":{"line":2427,"column":7}},"448":{"start":{"line":2422,"column":22},"end":{"line":2422,"column":55}},"449":{"start":{"line":2423,"column":21},"end":{"line":2423,"column":70}},"450":{"start":{"line":2423,"column":43},"end":{"line":2423,"column":69}},"451":{"start":{"line":2424,"column":8},"end":{"line":2424,"column":34}},"452":{"start":{"line":2430,"column":4},"end":{"line":2444,"column":7}},"453":{"start":{"line":2431,"column":22},"end":{"line":2431,"column":49}},"454":{"start":{"line":2433,"column":6},"end":{"line":2437,"column":8}},"455":{"start":{"line":2435,"column":8},"end":{"line":2435,"column":37}},"456":{"start":{"line":2436,"column":8},"end":{"line":2436,"column":19}},"457":{"start":{"line":2438,"column":6},"end":{"line":2442,"column":8}},"458":{"start":{"line":2439,"column":24},"end":{"line":2439,"column":46}},"459":{"start":{"line":2440,"column":8},"end":{"line":2440,"column":31}},"460":{"start":{"line":2441,"column":8},"end":{"line":2441,"column":25}},"461":{"start":{"line":2443,"column":6},"end":{"line":2443,"column":41}},"462":{"start":{"line":2443,"column":30},"end":{"line":2443,"column":40}},"463":{"start":{"line":2454,"column":4},"end":{"line":2475,"column":7}},"464":{"start":{"line":2455,"column":22},"end":{"line":2455,"column":58}},"465":{"start":{"line":2457,"column":6},"end":{"line":2462,"column":8}},"466":{"start":{"line":2458,"column":8},"end":{"line":2460,"column":10}},"467":{"start":{"line":2461,"column":8},"end":{"line":2461,"column":67}},"468":{"start":{"line":2464,"column":6},"end":{"line":2468,"column":8}},"469":{"start":{"line":2465,"column":8},"end":{"line":2467,"column":10}},"470":{"start":{"line":2470,"column":6},"end":{"line":2470,"column":56}},"471":{"start":{"line":2470,"column":32},"end":{"line":2470,"column":55}},"472":{"start":{"line":2471,"column":6},"end":{"line":2474,"column":8}},"473":{"start":{"line":2472,"column":8},"end":{"line":2472,"column":71}},"474":{"start":{"line":2473,"column":8},"end":{"line":2473,"column":30}},"475":{"start":{"line":2507,"column":21},"end":{"line":2507,"column":57}},"476":{"start":{"line":2508,"column":4},"end":{"line":2508,"column":28}},"477":{"start":{"line":2509,"column":4},"end":{"line":2509,"column":42}},"478":{"start":{"line":2510,"column":4},"end":{"line":2510,"column":51}},"479":{"start":{"line":2528,"column":29},"end":{"line":2528,"column":62}},"480":{"start":{"line":2529,"column":4},"end":{"line":2535,"column":5}},"481":{"start":{"line":2530,"column":6},"end":{"line":2534,"column":8}},"482":{"start":{"line":2537,"column":13},"end":{"line":2538,"column":null}},"483":{"start":{"line":2541,"column":18},"end":{"line":2541,"column":54}},"484":{"start":{"line":2542,"column":4},"end":{"line":2550,"column":5}},"485":{"start":{"line":2543,"column":6},"end":{"line":2546,"column":8}},"486":{"start":{"line":2547,"column":26},"end":{"line":2547,"column":40}},"487":{"start":{"line":2548,"column":6},"end":{"line":2548,"column":17}},"488":{"start":{"line":2549,"column":6},"end":{"line":2549,"column":50}},"489":{"start":{"line":2552,"column":4},"end":{"line":2552,"column":17}},"490":{"start":{"line":2553,"column":4},"end":{"line":2553,"column":32}},"491":{"start":{"line":2554,"column":4},"end":{"line":2556,"column":6}},"492":{"start":{"line":2555,"column":111},"end":{"line":2555,"column":152}},"493":{"start":{"line":2557,"column":4},"end":{"line":2557,"column":33}},"494":{"start":{"line":2562,"column":4},"end":{"line":2576,"column":7}},"495":{"start":{"line":2563,"column":25},"end":{"line":2563,"column":33}},"496":{"start":{"line":2564,"column":25},"end":{"line":2564,"column":57}},"497":{"start":{"line":2567,"column":6},"end":{"line":2567,"column":58}},"498":{"start":{"line":2570,"column":6},"end":{"line":2575,"column":9}},"499":{"start":{"line":2588,"column":4},"end":{"line":2590,"column":5}},"500":{"start":{"line":2589,"column":6},"end":{"line":2589,"column":23}},"501":{"start":{"line":2592,"column":16},"end":{"line":2601,"column":5}},"502":{"start":{"line":2593,"column":14},"end":{"line":2593,"column":18}},"503":{"start":{"line":2594,"column":14},"end":{"line":2594,"column":19}},"504":{"start":{"line":2595,"column":6},"end":{"line":2599,"column":7}},"505":{"start":{"line":2596,"column":26},"end":{"line":2596,"column":31}},"506":{"start":{"line":2597,"column":8},"end":{"line":2597,"column":14}},"507":{"start":{"line":2598,"column":8},"end":{"line":2598,"column":22}},"508":{"start":{"line":2600,"column":6},"end":{"line":2600,"column":25}},"509":{"start":{"line":2603,"column":20},"end":{"line":2603,"column":78}},"510":{"start":{"line":2603,"column":63},"end":{"line":2603,"column":77}},"511":{"start":{"line":2604,"column":4},"end":{"line":2606,"column":6}},"512":{"start":{"line":2605,"column":45},"end":{"line":2605,"column":68}},"513":{"start":{"line":2611,"column":30},"end":{"line":2611,"column":72}},"514":{"start":{"line":2612,"column":4},"end":{"line":2614,"column":5}},"515":{"start":{"line":2613,"column":6},"end":{"line":2613,"column":13}},"516":{"start":{"line":2616,"column":4},"end":{"line":2618,"column":6}},"517":{"start":{"line":2619,"column":4},"end":{"line":2619,"column":36}},"518":{"start":{"line":2620,"column":4},"end":{"line":2622,"column":26}},"519":{"start":{"line":2621,"column":6},"end":{"line":2621,"column":38}},"520":{"start":{"line":2627,"column":4},"end":{"line":2633,"column":5}},"521":{"start":{"line":2632,"column":6},"end":{"line":2632,"column":13}},"522":{"start":{"line":2635,"column":4},"end":{"line":2635,"column":40}},"523":{"start":{"line":2636,"column":4},"end":{"line":2644,"column":5}},"524":{"start":{"line":2637,"column":6},"end":{"line":2637,"column":56}},"525":{"start":{"line":2638,"column":6},"end":{"line":2640,"column":7}},"526":{"start":{"line":2639,"column":8},"end":{"line":2639,"column":71}},"527":{"start":{"line":2641,"column":6},"end":{"line":2641,"column":57}},"528":{"start":{"line":2643,"column":6},"end":{"line":2643,"column":43}},"529":{"start":{"line":2653,"column":4},"end":{"line":2655,"column":5}},"530":{"start":{"line":2654,"column":6},"end":{"line":2654,"column":31}},"531":{"start":{"line":2657,"column":4},"end":{"line":2711,"column":7}},"532":{"start":{"line":2658,"column":6},"end":{"line":2710,"column":7}},"533":{"start":{"line":2659,"column":28},"end":{"line":2659,"column":72}},"534":{"start":{"line":2660,"column":22},"end":{"line":2660,"column":56}},"535":{"start":{"line":2661,"column":23},"end":{"line":2661,"column":57}},"536":{"start":{"line":2662,"column":24},"end":{"line":2662,"column":42}},"537":{"start":{"line":2664,"column":8},"end":{"line":2695,"column":10}},"538":{"start":{"line":2665,"column":25},"end":{"line":2665,"column":39}},"539":{"start":{"line":2666,"column":10},"end":{"line":2668,"column":11}},"540":{"start":{"line":2667,"column":12},"end":{"line":2667,"column":19}},"541":{"start":{"line":2670,"column":24},"end":{"line":2670,"column":59}},"542":{"start":{"line":2671,"column":28},"end":{"line":2671,"column":49}},"543":{"start":{"line":2672,"column":10},"end":{"line":2677,"column":12}},"544":{"start":{"line":2678,"column":10},"end":{"line":2692,"column":11}},"545":{"start":{"line":2679,"column":34},"end":{"line":2679,"column":49}},"546":{"start":{"line":2680,"column":12},"end":{"line":2685,"column":14}},"547":{"start":{"line":2681,"column":14},"end":{"line":2683,"column":16}},"548":{"start":{"line":2684,"column":14},"end":{"line":2684,"column":32}},"549":{"start":{"line":2686,"column":12},"end":{"line":2690,"column":16}},"550":{"start":{"line":2687,"column":14},"end":{"line":2690,"column":16}},"551":{"start":{"line":2691,"column":12},"end":{"line":2691,"column":19}},"552":{"start":{"line":2694,"column":10},"end":{"line":2694,"column":28}},"553":{"start":{"line":2697,"column":8},"end":{"line":2697,"column":49}},"554":{"start":{"line":2697,"column":39},"end":{"line":2697,"column":48}},"555":{"start":{"line":2698,"column":8},"end":{"line":2702,"column":12}},"556":{"start":{"line":2699,"column":10},"end":{"line":2702,"column":12}},"557":{"start":{"line":2703,"column":8},"end":{"line":2707,"column":12}},"558":{"start":{"line":2704,"column":10},"end":{"line":2707,"column":12}},"559":{"start":{"line":2709,"column":8},"end":{"line":2709,"column":22}},"560":{"start":{"line":2719,"column":35},"end":{"line":2719,"column":60}},"561":{"start":{"line":2720,"column":33},"end":{"line":2720,"column":58}},"562":{"start":{"line":2721,"column":24},"end":{"line":2722,"column":8}},"563":{"start":{"line":2724,"column":25},"end":{"line":2747,"column":5}},"564":{"start":{"line":2725,"column":33},"end":{"line":2725,"column":35}},"565":{"start":{"line":2727,"column":6},"end":{"line":2740,"column":9}},"566":{"start":{"line":2728,"column":23},"end":{"line":2728,"column":47}},"567":{"start":{"line":2729,"column":20},"end":{"line":2729,"column":25}},"568":{"start":{"line":2731,"column":8},"end":{"line":2735,"column":9}},"569":{"start":{"line":2732,"column":10},"end":{"line":2732,"column":46}},"570":{"start":{"line":2734,"column":10},"end":{"line":2734,"column":24}},"571":{"start":{"line":2737,"column":8},"end":{"line":2739,"column":9}},"572":{"start":{"line":2738,"column":10},"end":{"line":2738,"column":58}},"573":{"start":{"line":2742,"column":6},"end":{"line":2746,"column":7}},"574":{"start":{"line":2743,"column":8},"end":{"line":2745,"column":10}},"575":{"start":{"line":2749,"column":24},"end":{"line":2775,"column":5}},"576":{"start":{"line":2750,"column":30},"end":{"line":2752,"column":null}},"577":{"start":{"line":2754,"column":6},"end":{"line":2754,"column":65}},"578":{"start":{"line":2754,"column":48},"end":{"line":2754,"column":65}},"579":{"start":{"line":2756,"column":24},"end":{"line":2756,"column":57}},"580":{"start":{"line":2758,"column":6},"end":{"line":2760,"column":7}},"581":{"start":{"line":2759,"column":8},"end":{"line":2759,"column":31}},"582":{"start":{"line":2762,"column":6},"end":{"line":2774,"column":7}},"583":{"start":{"line":2765,"column":10},"end":{"line":2765,"column":40}},"584":{"start":{"line":2767,"column":10},"end":{"line":2767,"column":40}},"585":{"start":{"line":2769,"column":10},"end":{"line":2769,"column":43}},"586":{"start":{"line":2771,"column":10},"end":{"line":2771,"column":40}},"587":{"start":{"line":2773,"column":10},"end":{"line":2773,"column":27}},"588":{"start":{"line":2777,"column":33},"end":{"line":2786,"column":5}},"589":{"start":{"line":2778,"column":18},"end":{"line":2778,"column":28}},"590":{"start":{"line":2779,"column":36},"end":{"line":2781,"column":19}},"591":{"start":{"line":2783,"column":7},"end":{"line":2784,"column":74}},"592":{"start":{"line":2785,"column":7},"end":{"line":2785,"column":48}},"593":{"start":{"line":2788,"column":29},"end":{"line":2797,"column":5}},"594":{"start":{"line":2792,"column":6},"end":{"line":2796,"column":9}},"595":{"start":{"line":2793,"column":24},"end":{"line":2793,"column":38}},"596":{"start":{"line":2794,"column":8},"end":{"line":2794,"column":75}},"597":{"start":{"line":2794,"column":34},"end":{"line":2794,"column":74}},"598":{"start":{"line":2795,"column":8},"end":{"line":2795,"column":54}},"599":{"start":{"line":2795,"column":32},"end":{"line":2795,"column":53}},"600":{"start":{"line":2799,"column":29},"end":{"line":2808,"column":5}},"601":{"start":{"line":2803,"column":6},"end":{"line":2807,"column":9}},"602":{"start":{"line":2804,"column":24},"end":{"line":2804,"column":39}},"603":{"start":{"line":2805,"column":8},"end":{"line":2805,"column":44}},"604":{"start":{"line":2805,"column":34},"end":{"line":2805,"column":43}},"605":{"start":{"line":2806,"column":8},"end":{"line":2806,"column":54}},"606":{"start":{"line":2806,"column":32},"end":{"line":2806,"column":53}},"607":{"start":{"line":2810,"column":29},"end":{"line":2828,"column":6}},"608":{"start":{"line":2813,"column":23},"end":{"line":2828,"column":6}},"609":{"start":{"line":2814,"column":18},"end":{"line":2814,"column":34}},"610":{"start":{"line":2817,"column":6},"end":{"line":2819,"column":7}},"611":{"start":{"line":2818,"column":8},"end":{"line":2818,"column":58}},"612":{"start":{"line":2821,"column":6},"end":{"line":2821,"column":47}},"613":{"start":{"line":2823,"column":6},"end":{"line":2827,"column":9}},"614":{"start":{"line":2824,"column":24},"end":{"line":2824,"column":39}},"615":{"start":{"line":2825,"column":8},"end":{"line":2825,"column":44}},"616":{"start":{"line":2825,"column":34},"end":{"line":2825,"column":43}},"617":{"start":{"line":2826,"column":8},"end":{"line":2826,"column":54}},"618":{"start":{"line":2826,"column":32},"end":{"line":2826,"column":53}},"619":{"start":{"line":2830,"column":29},"end":{"line":2839,"column":5}},"620":{"start":{"line":2834,"column":6},"end":{"line":2838,"column":9}},"621":{"start":{"line":2835,"column":24},"end":{"line":2835,"column":41}},"622":{"start":{"line":2836,"column":8},"end":{"line":2836,"column":44}},"623":{"start":{"line":2836,"column":34},"end":{"line":2836,"column":43}},"624":{"start":{"line":2837,"column":8},"end":{"line":2837,"column":54}},"625":{"start":{"line":2837,"column":32},"end":{"line":2837,"column":53}},"626":{"start":{"line":2842,"column":23},"end":{"line":2858,"column":5}},"627":{"start":{"line":2843,"column":30},"end":{"line":2845,"column":null}},"628":{"start":{"line":2847,"column":6},"end":{"line":2847,"column":45}},"629":{"start":{"line":2847,"column":28},"end":{"line":2847,"column":45}},"630":{"start":{"line":2849,"column":21},"end":{"line":2849,"column":43}},"631":{"start":{"line":2851,"column":6},"end":{"line":2857,"column":7}},"632":{"start":{"line":2853,"column":8},"end":{"line":2853,"column":59}},"633":{"start":{"line":2853,"column":38},"end":{"line":2853,"column":57}},"634":{"start":{"line":2856,"column":8},"end":{"line":2856,"column":37}},"635":{"start":{"line":2861,"column":19},"end":{"line":2874,"column":5}},"636":{"start":{"line":2862,"column":30},"end":{"line":2864,"column":null}},"637":{"start":{"line":2866,"column":6},"end":{"line":2866,"column":35}},"638":{"start":{"line":2866,"column":28},"end":{"line":2866,"column":35}},"639":{"start":{"line":2868,"column":21},"end":{"line":2868,"column":43}},"640":{"start":{"line":2870,"column":6},"end":{"line":2872,"column":7}},"641":{"start":{"line":2871,"column":9},"end":{"line":2871,"column":36}},"642":{"start":{"line":2876,"column":4},"end":{"line":3167,"column":6}},"643":{"start":{"line":2878,"column":8},"end":{"line":2878,"column":67}},"644":{"start":{"line":2878,"column":22},"end":{"line":2878,"column":67}},"645":{"start":{"line":2879,"column":26},"end":{"line":2879,"column":48}},"646":{"start":{"line":2880,"column":8},"end":{"line":2880,"column":68}},"647":{"start":{"line":2883,"column":47},"end":{"line":2919,"column":null}},"648":{"start":{"line":2885,"column":32},"end":{"line":2887,"column":null}},"649":{"start":{"line":2889,"column":8},"end":{"line":2904,"column":9}},"650":{"start":{"line":2893,"column":29},"end":{"line":2893,"column":45}},"651":{"start":{"line":2894,"column":10},"end":{"line":2903,"column":11}},"652":{"start":{"line":2899,"column":33},"end":{"line":2899,"column":50}},"653":{"start":{"line":2900,"column":12},"end":{"line":2902,"column":13}},"654":{"start":{"line":2901,"column":14},"end":{"line":2901,"column":41}},"655":{"start":{"line":2906,"column":8},"end":{"line":2906,"column":27}},"656":{"start":{"line":2907,"column":8},"end":{"line":2907,"column":35}},"657":{"start":{"line":2909,"column":8},"end":{"line":2918,"column":10}},"658":{"start":{"line":2913,"column":12},"end":{"line":2915,"column":15}},"659":{"start":{"line":2914,"column":14},"end":{"line":2914,"column":66}},"660":{"start":{"line":2921,"column":54},"end":{"line":2926,"column":null}},"661":{"start":{"line":2922,"column":27},"end":{"line":2922,"column":75}},"662":{"start":{"line":2923,"column":8},"end":{"line":2925,"column":9}},"663":{"start":{"line":2924,"column":10},"end":{"line":2924,"column":40}},"664":{"start":{"line":2928,"column":78},"end":{"line":2944,"column":null}},"665":{"start":{"line":2929,"column":8},"end":{"line":2943,"column":10}},"666":{"start":{"line":2933,"column":28},"end":{"line":2933,"column":42}},"667":{"start":{"line":2934,"column":12},"end":{"line":2940,"column":15}},"668":{"start":{"line":2935,"column":14},"end":{"line":2938,"column":16}},"669":{"start":{"line":2936,"column":16},"end":{"line":2936,"column":79}},"670":{"start":{"line":2937,"column":16},"end":{"line":2937,"column":57}},"671":{"start":{"line":2939,"column":14},"end":{"line":2939,"column":60}},"672":{"start":{"line":2939,"column":38},"end":{"line":2939,"column":59}},"673":{"start":{"line":2946,"column":47},"end":{"line":2959,"column":null}},"674":{"start":{"line":2947,"column":8},"end":{"line":2947,"column":27}},"675":{"start":{"line":2949,"column":8},"end":{"line":2958,"column":10}},"676":{"start":{"line":2953,"column":12},"end":{"line":2955,"column":15}},"677":{"start":{"line":2954,"column":14},"end":{"line":2954,"column":68}},"678":{"start":{"line":2961,"column":54},"end":{"line":2966,"column":null}},"679":{"start":{"line":2962,"column":27},"end":{"line":2962,"column":75}},"680":{"start":{"line":2963,"column":8},"end":{"line":2965,"column":9}},"681":{"start":{"line":2964,"column":10},"end":{"line":2964,"column":40}},"682":{"start":{"line":2968,"column":71},"end":{"line":2979,"column":null}},"683":{"start":{"line":2969,"column":8},"end":{"line":2978,"column":10}},"684":{"start":{"line":2973,"column":12},"end":{"line":2975,"column":15}},"685":{"start":{"line":2974,"column":14},"end":{"line":2974,"column":69}},"686":{"start":{"line":2983,"column":25},"end":{"line":2988,"column":null}},"687":{"start":{"line":2984,"column":27},"end":{"line":2984,"column":75}},"688":{"start":{"line":2985,"column":8},"end":{"line":2987,"column":9}},"689":{"start":{"line":2986,"column":10},"end":{"line":2986,"column":39}},"690":{"start":{"line":2992,"column":25},"end":{"line":3005,"column":null}},"691":{"start":{"line":2993,"column":27},"end":{"line":2993,"column":75}},"692":{"start":{"line":2994,"column":22},"end":{"line":2994,"column":40}},"693":{"start":{"line":2995,"column":30},"end":{"line":2995,"column":55}},"694":{"start":{"line":2996,"column":24},"end":{"line":2996,"column":53}},"695":{"start":{"line":2997,"column":21},"end":{"line":3001,"column":null}},"696":{"start":{"line":2998,"column":25},"end":{"line":2998,"column":41}},"697":{"start":{"line":3001,"column":14},"end":{"line":3001,"column":47}},"698":{"start":{"line":3004,"column":8},"end":{"line":3004,"column":42}},"699":{"start":{"line":3007,"column":37},"end":{"line":3023,"column":null}},"700":{"start":{"line":3008,"column":8},"end":{"line":3022,"column":10}},"701":{"start":{"line":3012,"column":28},"end":{"line":3012,"column":42}},"702":{"start":{"line":3013,"column":12},"end":{"line":3019,"column":15}},"703":{"start":{"line":3014,"column":14},"end":{"line":3017,"column":16}},"704":{"start":{"line":3015,"column":16},"end":{"line":3015,"column":79}},"705":{"start":{"line":3016,"column":16},"end":{"line":3016,"column":47}},"706":{"start":{"line":3018,"column":14},"end":{"line":3018,"column":60}},"707":{"start":{"line":3018,"column":38},"end":{"line":3018,"column":59}},"708":{"start":{"line":3025,"column":76},"end":{"line":3049,"column":null}},"709":{"start":{"line":3026,"column":8},"end":{"line":3048,"column":10}},"710":{"start":{"line":3030,"column":28},"end":{"line":3030,"column":42}},"711":{"start":{"line":3031,"column":12},"end":{"line":3045,"column":15}},"712":{"start":{"line":3032,"column":14},"end":{"line":3043,"column":16}},"713":{"start":{"line":3033,"column":30},"end":{"line":3033,"column":51}},"714":{"start":{"line":3034,"column":39},"end":{"line":3036,"column":null}},"715":{"start":{"line":3038,"column":16},"end":{"line":3041,"column":18}},"716":{"start":{"line":3042,"column":16},"end":{"line":3042,"column":40}},"717":{"start":{"line":3044,"column":14},"end":{"line":3044,"column":60}},"718":{"start":{"line":3044,"column":38},"end":{"line":3044,"column":59}},"719":{"start":{"line":3051,"column":73},"end":{"line":3077,"column":null}},"720":{"start":{"line":3052,"column":8},"end":{"line":3076,"column":10}},"721":{"start":{"line":3056,"column":12},"end":{"line":3060,"column":13}},"722":{"start":{"line":3057,"column":14},"end":{"line":3059,"column":16}},"723":{"start":{"line":3062,"column":26},"end":{"line":3062,"column":48}},"724":{"start":{"line":3063,"column":28},"end":{"line":3063,"column":47}},"725":{"start":{"line":3064,"column":12},"end":{"line":3073,"column":15}},"726":{"start":{"line":3065,"column":14},"end":{"line":3071,"column":16}},"727":{"start":{"line":3066,"column":16},"end":{"line":3069,"column":18}},"728":{"start":{"line":3070,"column":16},"end":{"line":3070,"column":47}},"729":{"start":{"line":3072,"column":14},"end":{"line":3072,"column":60}},"730":{"start":{"line":3072,"column":38},"end":{"line":3072,"column":59}},"731":{"start":{"line":3082,"column":34},"end":{"line":3108,"column":null}},"732":{"start":{"line":3083,"column":8},"end":{"line":3107,"column":10}},"733":{"start":{"line":3087,"column":12},"end":{"line":3091,"column":13}},"734":{"start":{"line":3088,"column":14},"end":{"line":3090,"column":16}},"735":{"start":{"line":3093,"column":26},"end":{"line":3093,"column":48}},"736":{"start":{"line":3094,"column":28},"end":{"line":3094,"column":44}},"737":{"start":{"line":3095,"column":12},"end":{"line":3104,"column":15}},"738":{"start":{"line":3096,"column":14},"end":{"line":3102,"column":16}},"739":{"start":{"line":3097,"column":16},"end":{"line":3100,"column":18}},"740":{"start":{"line":3101,"column":16},"end":{"line":3101,"column":57}},"741":{"start":{"line":3103,"column":14},"end":{"line":3103,"column":60}},"742":{"start":{"line":3103,"column":38},"end":{"line":3103,"column":59}},"743":{"start":{"line":3110,"column":41},"end":{"line":3126,"column":null}},"744":{"start":{"line":3111,"column":8},"end":{"line":3125,"column":10}},"745":{"start":{"line":3115,"column":28},"end":{"line":3115,"column":41}},"746":{"start":{"line":3116,"column":12},"end":{"line":3122,"column":15}},"747":{"start":{"line":3117,"column":14},"end":{"line":3120,"column":16}},"748":{"start":{"line":3118,"column":16},"end":{"line":3118,"column":74}},"749":{"start":{"line":3119,"column":16},"end":{"line":3119,"column":40}},"750":{"start":{"line":3121,"column":14},"end":{"line":3121,"column":60}},"751":{"start":{"line":3121,"column":38},"end":{"line":3121,"column":59}},"752":{"start":{"line":3128,"column":54},"end":{"line":3148,"column":null}},"753":{"start":{"line":3129,"column":8},"end":{"line":3147,"column":10}},"754":{"start":{"line":3133,"column":28},"end":{"line":3133,"column":44}},"755":{"start":{"line":3134,"column":12},"end":{"line":3144,"column":15}},"756":{"start":{"line":3135,"column":14},"end":{"line":3142,"column":16}},"757":{"start":{"line":3136,"column":31},"end":{"line":3136,"column":49}},"758":{"start":{"line":3137,"column":16},"end":{"line":3140,"column":18}},"759":{"start":{"line":3141,"column":16},"end":{"line":3141,"column":32}},"760":{"start":{"line":3143,"column":14},"end":{"line":3143,"column":60}},"761":{"start":{"line":3143,"column":38},"end":{"line":3143,"column":59}},"762":{"start":{"line":3150,"column":39},"end":{"line":3166,"column":null}},"763":{"start":{"line":3151,"column":8},"end":{"line":3165,"column":10}},"764":{"start":{"line":3155,"column":28},"end":{"line":3155,"column":41}},"765":{"start":{"line":3156,"column":12},"end":{"line":3162,"column":15}},"766":{"start":{"line":3157,"column":14},"end":{"line":3160,"column":16}},"767":{"start":{"line":3158,"column":16},"end":{"line":3158,"column":70}},"768":{"start":{"line":3159,"column":16},"end":{"line":3159,"column":26}},"769":{"start":{"line":3161,"column":14},"end":{"line":3161,"column":60}},"770":{"start":{"line":3161,"column":38},"end":{"line":3161,"column":59}},"771":{"start":{"line":3177,"column":4},"end":{"line":3179,"column":5}},"772":{"start":{"line":3178,"column":6},"end":{"line":3178,"column":51}},"773":{"start":{"line":3181,"column":22},"end":{"line":3181,"column":45}},"774":{"start":{"line":3183,"column":6},"end":{"line":3183,"column":58}},"775":{"start":{"line":3184,"column":18},"end":{"line":3184,"column":58}},"776":{"start":{"line":3186,"column":4},"end":{"line":3186,"column":28}},"777":{"start":{"line":3194,"column":4},"end":{"line":3196,"column":5}},"778":{"start":{"line":3195,"column":6},"end":{"line":3195,"column":51}},"779":{"start":{"line":3198,"column":30},"end":{"line":3198,"column":55}},"780":{"start":{"line":3199,"column":23},"end":{"line":3208,"column":6}},"781":{"start":{"line":3200,"column":26},"end":{"line":3200,"column":77}},"782":{"start":{"line":3200,"column":53},"end":{"line":3200,"column":76}},"783":{"start":{"line":3201,"column":6},"end":{"line":3205,"column":7}},"784":{"start":{"line":3202,"column":8},"end":{"line":3204,"column":10}},"785":{"start":{"line":3207,"column":6},"end":{"line":3207,"column":44}},"786":{"start":{"line":3210,"column":30},"end":{"line":3210,"column":67}},"787":{"start":{"line":3211,"column":28},"end":{"line":3211,"column":33}},"788":{"start":{"line":3213,"column":23},"end":{"line":3231,"column":6}},"789":{"start":{"line":3214,"column":6},"end":{"line":3214,"column":53}},"790":{"start":{"line":3214,"column":43},"end":{"line":3214,"column":52}},"791":{"start":{"line":3215,"column":6},"end":{"line":3222,"column":8}},"792":{"start":{"line":3216,"column":8},"end":{"line":3219,"column":9}},"793":{"start":{"line":3217,"column":10},"end":{"line":3217,"column":20}},"794":{"start":{"line":3218,"column":10},"end":{"line":3218,"column":17}},"795":{"start":{"line":3221,"column":8},"end":{"line":3221,"column":77}},"796":{"start":{"line":3223,"column":6},"end":{"line":3230,"column":8}},"797":{"start":{"line":3224,"column":8},"end":{"line":3227,"column":9}},"798":{"start":{"line":3225,"column":10},"end":{"line":3225,"column":20}},"799":{"start":{"line":3226,"column":10},"end":{"line":3226,"column":17}},"800":{"start":{"line":3229,"column":8},"end":{"line":3229,"column":76}},"801":{"start":{"line":3233,"column":19},"end":{"line":3233,"column":null}},"802":{"start":{"line":3236,"column":4},"end":{"line":3244,"column":7}},"803":{"start":{"line":3237,"column":26},"end":{"line":3237,"column":77}},"804":{"start":{"line":3237,"column":53},"end":{"line":3237,"column":76}},"805":{"start":{"line":3238,"column":6},"end":{"line":3243,"column":7}},"806":{"start":{"line":3239,"column":8},"end":{"line":3242,"column":10}},"807":{"start":{"line":3246,"column":4},"end":{"line":3252,"column":6}},"808":{"start":{"line":3246,"column":31},"end":{"line":3252,"column":6}},"809":{"start":{"line":3247,"column":6},"end":{"line":3249,"column":7}},"810":{"start":{"line":3248,"column":8},"end":{"line":3248,"column":35}},"811":{"start":{"line":3251,"column":6},"end":{"line":3251,"column":23}},"812":{"start":{"line":3254,"column":4},"end":{"line":3263,"column":6}},"813":{"start":{"line":3254,"column":33},"end":{"line":3263,"column":6}},"814":{"start":{"line":3255,"column":6},"end":{"line":3255,"column":31}},"815":{"start":{"line":3256,"column":6},"end":{"line":3260,"column":7}},"816":{"start":{"line":3257,"column":8},"end":{"line":3257,"column":34}},"817":{"start":{"line":3262,"column":6},"end":{"line":3262,"column":46}},"818":{"start":{"line":3262,"column":35},"end":{"line":3262,"column":44}},"819":{"start":{"line":3265,"column":4},"end":{"line":3265,"column":18}},"820":{"start":{"line":3299,"column":4},"end":{"line":3303,"column":null}},"821":{"start":{"line":3302,"column":4},"end":{"line":3302,"column":59}},"822":{"start":{"line":3333,"column":15},"end":{"line":3335,"column":null}},"823":{"start":{"line":3334,"column":32},"end":{"line":3334,"column":40}},"824":{"start":{"line":3338,"column":4},"end":{"line":3345,"column":5}},"825":{"start":{"line":3339,"column":21},"end":{"line":3339,"column":39}},"826":{"start":{"line":3340,"column":6},"end":{"line":3340,"column":24}},"827":{"start":{"line":3341,"column":6},"end":{"line":3341,"column":20}},"828":{"start":{"line":3343,"column":6},"end":{"line":3343,"column":26}},"829":{"start":{"line":3344,"column":6},"end":{"line":3344,"column":18}},"830":{"start":{"line":3358,"column":4},"end":{"line":3361,"column":5}},"831":{"start":{"line":3359,"column":6},"end":{"line":3359,"column":41}},"832":{"start":{"line":3360,"column":6},"end":{"line":3360,"column":33}},"833":{"start":{"line":3363,"column":4},"end":{"line":3366,"column":5}},"834":{"start":{"line":3364,"column":6},"end":{"line":3364,"column":22}},"835":{"start":{"line":3365,"column":6},"end":{"line":3365,"column":21}},"836":{"start":{"line":3375,"column":4},"end":{"line":3375,"column":54}},"837":{"start":{"line":3389,"column":4},"end":{"line":3389,"column":26}},"838":{"start":{"line":3400,"column":21},"end":{"line":3400,"column":46}},"839":{"start":{"line":3401,"column":4},"end":{"line":3404,"column":7}},"840":{"start":{"line":3402,"column":22},"end":{"line":3402,"column":62}},"841":{"start":{"line":3403,"column":6},"end":{"line":3403,"column":38}},"842":{"start":{"line":3405,"column":4},"end":{"line":3405,"column":20}},"843":{"start":{"line":3415,"column":16},"end":{"line":3415,"column":63}},"844":{"start":{"line":3415,"column":41},"end":{"line":3415,"column":62}},"845":{"start":{"line":3416,"column":4},"end":{"line":3416,"column":70}},"846":{"start":{"line":3421,"column":2},"end":{"line":3421,"column":10}}},"fnMap":{"0":{"name":"(anonymous_7)","decl":{"start":{"line":210,"column":2},"end":{"line":210,"column":null}},"loc":{"start":{"line":212,"column":20},"end":{"line":213,"column":6}}},"1":{"name":"(anonymous_8)","decl":{"start":{"line":221,"column":2},"end":{"line":221,"column":8}},"loc":{"start":{"line":221,"column":20},"end":{"line":225,"column":3}}},"2":{"name":"(anonymous_9)","decl":{"start":{"line":234,"column":2},"end":{"line":234,"column":4}},"loc":{"start":{"line":234,"column":55},"end":{"line":238,"column":3}}},"3":{"name":"(anonymous_10)","decl":{"start":{"line":247,"column":2},"end":{"line":247,"column":5}},"loc":{"start":{"line":247,"column":56},"end":{"line":251,"column":3}}},"4":{"name":"(anonymous_11)","decl":{"start":{"line":260,"column":2},"end":{"line":260,"column":4}},"loc":{"start":{"line":260,"column":55},"end":{"line":264,"column":3}}},"5":{"name":"(anonymous_12)","decl":{"start":{"line":273,"column":2},"end":{"line":273,"column":5}},"loc":{"start":{"line":273,"column":56},"end":{"line":277,"column":3}}},"6":{"name":"(anonymous_13)","decl":{"start":{"line":286,"column":2},"end":{"line":286,"column":12}},"loc":{"start":{"line":288,"column":17},"end":{"line":293,"column":3}}},"7":{"name":"(anonymous_14)","decl":{"start":{"line":302,"column":2},"end":{"line":302,"column":10}},"loc":{"start":{"line":304,"column":17},"end":{"line":309,"column":3}}},"8":{"name":"(anonymous_15)","decl":{"start":{"line":322,"column":2},"end":{"line":322,"column":10}},"loc":{"start":{"line":326,"column":30},"end":{"line":331,"column":3}}},"9":{"name":"(anonymous_16)","decl":{"start":{"line":341,"column":2},"end":{"line":341,"column":9}},"loc":{"start":{"line":343,"column":26},"end":{"line":348,"column":3}}},"10":{"name":"(anonymous_17)","decl":{"start":{"line":358,"column":2},"end":{"line":358,"column":9}},"loc":{"start":{"line":360,"column":52},"end":{"line":365,"column":3}}},"11":{"name":"(anonymous_18)","decl":{"start":{"line":376,"column":2},"end":{"line":376,"column":12}},"loc":{"start":{"line":378,"column":52},"end":{"line":383,"column":3}}},"12":{"name":"(anonymous_19)","decl":{"start":{"line":391,"column":2},"end":{"line":391,"column":4}},"loc":{"start":{"line":391,"column":24},"end":{"line":395,"column":3}}},"13":{"name":"(anonymous_20)","decl":{"start":{"line":403,"column":2},"end":{"line":403,"column":7}},"loc":{"start":{"line":403,"column":27},"end":{"line":407,"column":3}}},"14":{"name":"(anonymous_21)","decl":{"start":{"line":416,"column":2},"end":{"line":416,"column":13}},"loc":{"start":{"line":418,"column":37},"end":{"line":423,"column":3}}},"15":{"name":"(anonymous_22)","decl":{"start":{"line":432,"column":2},"end":{"line":432,"column":13}},"loc":{"start":{"line":434,"column":37},"end":{"line":439,"column":3}}},"16":{"name":"(anonymous_23)","decl":{"start":{"line":449,"column":2},"end":{"line":449,"column":5}},"loc":{"start":{"line":449,"column":44},"end":{"line":452,"column":3}}},"17":{"name":"(anonymous_24)","decl":{"start":{"line":460,"column":2},"end":{"line":460,"column":4}},"loc":{"start":{"line":460,"column":4},"end":{"line":463,"column":3}}},"18":{"name":"(anonymous_25)","decl":{"start":{"line":515,"column":2},"end":{"line":515,"column":null}},"loc":{"start":{"line":518,"column":32},"end":{"line":523,"column":3}}},"19":{"name":"(anonymous_26)","decl":{"start":{"line":556,"column":2},"end":{"line":556,"column":7}},"loc":{"start":{"line":559,"column":60},"end":{"line":568,"column":3}}},"20":{"name":"(anonymous_27)","decl":{"start":{"line":579,"column":2},"end":{"line":579,"column":5}},"loc":{"start":{"line":582,"column":60},"end":{"line":585,"column":3}}},"21":{"name":"(anonymous_28)","decl":{"start":{"line":597,"column":2},"end":{"line":597,"column":4}},"loc":{"start":{"line":597,"column":4},"end":{"line":600,"column":3}}},"22":{"name":"(anonymous_29)","decl":{"start":{"line":603,"column":10},"end":{"line":603,"column":24}},"loc":{"start":{"line":604,"column":63},"end":{"line":616,"column":3}}},"23":{"name":"(anonymous_30)","decl":{"start":{"line":624,"column":2},"end":{"line":624,"column":19}},"loc":{"start":{"line":624,"column":19},"end":{"line":626,"column":3}}},"24":{"name":"(anonymous_31)","decl":{"start":{"line":638,"column":2},"end":{"line":638,"column":17}},"loc":{"start":{"line":638,"column":62},"end":{"line":640,"column":3}}},"25":{"name":"(anonymous_32)","decl":{"start":{"line":643,"column":10},"end":{"line":643,"column":22}},"loc":{"start":{"line":644,"column":77},"end":{"line":649,"column":3}}},"26":{"name":"(anonymous_33)","decl":{"start":{"line":652,"column":10},"end":{"line":652,"column":29}},"loc":{"start":{"line":652,"column":47},"end":{"line":660,"column":3}}},"27":{"name":"(anonymous_34)","decl":{"start":{"line":663,"column":10},"end":{"line":663,"column":22}},"loc":{"start":{"line":663,"column":52},"end":{"line":667,"column":3}}},"28":{"name":"(anonymous_35)","decl":{"start":{"line":673,"column":2},"end":{"line":673,"column":8}},"loc":{"start":{"line":673,"column":19},"end":{"line":675,"column":3}}},"29":{"name":"(anonymous_36)","decl":{"start":{"line":681,"column":2},"end":{"line":681,"column":4}},"loc":{"start":{"line":681,"column":15},"end":{"line":683,"column":3}}},"30":{"name":"(anonymous_37)","decl":{"start":{"line":689,"column":2},"end":{"line":689,"column":5}},"loc":{"start":{"line":689,"column":16},"end":{"line":691,"column":3}}},"31":{"name":"(anonymous_38)","decl":{"start":{"line":697,"column":2},"end":{"line":697,"column":4}},"loc":{"start":{"line":697,"column":15},"end":{"line":699,"column":3}}},"32":{"name":"(anonymous_39)","decl":{"start":{"line":705,"column":2},"end":{"line":705,"column":5}},"loc":{"start":{"line":705,"column":16},"end":{"line":707,"column":3}}},"33":{"name":"(anonymous_40)","decl":{"start":{"line":713,"column":2},"end":{"line":713,"column":12}},"loc":{"start":{"line":713,"column":26},"end":{"line":715,"column":3}}},"34":{"name":"(anonymous_41)","decl":{"start":{"line":721,"column":2},"end":{"line":721,"column":10}},"loc":{"start":{"line":721,"column":24},"end":{"line":723,"column":3}}},"35":{"name":"(anonymous_42)","decl":{"start":{"line":729,"column":2},"end":{"line":729,"column":10}},"loc":{"start":{"line":729,"column":21},"end":{"line":731,"column":3}}},"36":{"name":"(anonymous_43)","decl":{"start":{"line":737,"column":2},"end":{"line":737,"column":9}},"loc":{"start":{"line":737,"column":32},"end":{"line":739,"column":3}}},"37":{"name":"(anonymous_44)","decl":{"start":{"line":746,"column":2},"end":{"line":746,"column":9}},"loc":{"start":{"line":746,"column":30},"end":{"line":748,"column":3}}},"38":{"name":"(anonymous_45)","decl":{"start":{"line":755,"column":2},"end":{"line":755,"column":12}},"loc":{"start":{"line":755,"column":33},"end":{"line":757,"column":3}}},"39":{"name":"(anonymous_46)","decl":{"start":{"line":763,"column":2},"end":{"line":763,"column":3}},"loc":{"start":{"line":763,"column":22},"end":{"line":765,"column":3}}},"40":{"name":"(anonymous_47)","decl":{"start":{"line":771,"column":2},"end":{"line":771,"column":7}},"loc":{"start":{"line":771,"column":21},"end":{"line":773,"column":3}}},"41":{"name":"(anonymous_48)","decl":{"start":{"line":779,"column":2},"end":{"line":779,"column":13}},"loc":{"start":{"line":779,"column":27},"end":{"line":781,"column":3}}},"42":{"name":"(anonymous_49)","decl":{"start":{"line":787,"column":2},"end":{"line":787,"column":13}},"loc":{"start":{"line":787,"column":27},"end":{"line":789,"column":3}}},"43":{"name":"(anonymous_50)","decl":{"start":{"line":798,"column":2},"end":{"line":798,"column":9}},"loc":{"start":{"line":798,"column":76},"end":{"line":802,"column":3}}},"44":{"name":"(anonymous_51)","decl":{"start":{"line":810,"column":2},"end":{"line":810,"column":7}},"loc":{"start":{"line":810,"column":17},"end":{"line":813,"column":3}}},"45":{"name":"(anonymous_52)","decl":{"start":{"line":822,"column":2},"end":{"line":822,"column":8}},"loc":{"start":{"line":822,"column":18},"end":{"line":825,"column":3}}},"46":{"name":"(anonymous_53)","decl":{"start":{"line":837,"column":2},"end":{"line":837,"column":10}},"loc":{"start":{"line":837,"column":28},"end":{"line":840,"column":3}}},"47":{"name":"(anonymous_54)","decl":{"start":{"line":856,"column":2},"end":{"line":856,"column":7}},"loc":{"start":{"line":856,"column":28},"end":{"line":860,"column":3}}},"48":{"name":"(anonymous_55)","decl":{"start":{"line":876,"column":2},"end":{"line":876,"column":9}},"loc":{"start":{"line":876,"column":46},"end":{"line":881,"column":3}}},"49":{"name":"(anonymous_56)","decl":{"start":{"line":900,"column":2},"end":{"line":900,"column":7}},"loc":{"start":{"line":900,"column":7},"end":{"line":913,"column":3}}},"50":{"name":"(anonymous_57)","decl":{"start":{"line":928,"column":2},"end":{"line":928,"column":7}},"loc":{"start":{"line":928,"column":7},"end":{"line":941,"column":3}}},"51":{"name":"(anonymous_58)","decl":{"start":{"line":944,"column":16},"end":{"line":944,"column":30}},"loc":{"start":{"line":944,"column":30},"end":{"line":956,"column":null}}},"52":{"name":"(anonymous_60)","decl":{"start":{"line":952,"column":28},"end":{"line":952,"column":29}},"loc":{"start":{"line":952,"column":48},"end":{"line":955,"column":5}}},"53":{"name":"(anonymous_61)","decl":{"start":{"line":953,"column":26},"end":{"line":953,"column":29}},"loc":{"start":{"line":953,"column":31},"end":{"line":953,"column":71}}},"54":{"name":"(anonymous_62)","decl":{"start":{"line":954,"column":24},"end":{"line":954,"column":27}},"loc":{"start":{"line":954,"column":30},"end":{"line":954,"column":51}}},"55":{"name":"(anonymous_63)","decl":{"start":{"line":959,"column":10},"end":{"line":959,"column":27}},"loc":{"start":{"line":959,"column":49},"end":{"line":990,"column":3}}},"56":{"name":"(anonymous_64)","decl":{"start":{"line":993,"column":10},"end":{"line":993,"column":23}},"loc":{"start":{"line":993,"column":52},"end":{"line":1056,"column":3}}},"57":{"name":"(anonymous_65)","decl":{"start":{"line":1047,"column":28},"end":{"line":1047,"column":29}},"loc":{"start":{"line":1047,"column":44},"end":{"line":1047,"column":65}}},"58":{"name":"(anonymous_66)","decl":{"start":{"line":1053,"column":29},"end":{"line":1053,"column":30}},"loc":{"start":{"line":1053,"column":45},"end":{"line":1053,"column":66}}},"59":{"name":"(anonymous_67)","decl":{"start":{"line":1059,"column":10},"end":{"line":1059,"column":25}},"loc":{"start":{"line":1059,"column":57},"end":{"line":1074,"column":3}}},"60":{"name":"(anonymous_68)","decl":{"start":{"line":1077,"column":16},"end":{"line":1077,"column":30}},"loc":{"start":{"line":1077,"column":30},"end":{"line":1082,"column":null}}},"61":{"name":"(anonymous_70)","decl":{"start":{"line":1079,"column":29},"end":{"line":1079,"column":30}},"loc":{"start":{"line":1080,"column":6},"end":{"line":1080,"column":46}}},"62":{"name":"(anonymous_71)","decl":{"start":{"line":1085,"column":10},"end":{"line":1085,"column":21}},"loc":{"start":{"line":1085,"column":34},"end":{"line":1097,"column":3}}},"63":{"name":"(anonymous_72)","decl":{"start":{"line":1090,"column":29},"end":{"line":1090,"column":30}},"loc":{"start":{"line":1090,"column":45},"end":{"line":1096,"column":5}}},"64":{"name":"(anonymous_73)","decl":{"start":{"line":1100,"column":10},"end":{"line":1100,"column":25}},"loc":{"start":{"line":1100,"column":38},"end":{"line":1109,"column":3}}},"65":{"name":"(anonymous_74)","decl":{"start":{"line":1112,"column":16},"end":{"line":1112,"column":31}},"loc":{"start":{"line":1114,"column":38},"end":{"line":1121,"column":null}}},"66":{"name":"(anonymous_76)","decl":{"start":{"line":1118,"column":20},"end":{"line":1118,"column":21}},"loc":{"start":{"line":1118,"column":31},"end":{"line":1118,"column":50}}},"67":{"name":"(anonymous_77)","decl":{"start":{"line":1124,"column":16},"end":{"line":1124,"column":37}},"loc":{"start":{"line":1125,"column":12},"end":{"line":1145,"column":null}}},"68":{"name":"(anonymous_79)","decl":{"start":{"line":1136,"column":12},"end":{"line":1136,"column":13}},"loc":{"start":{"line":1136,"column":32},"end":{"line":1140,"column":7}}},"69":{"name":"(anonymous_80)","decl":{"start":{"line":1142,"column":8},"end":{"line":1142,"column":9}},"loc":{"start":{"line":1143,"column":11},"end":{"line":1143,"column":34}}},"70":{"name":"(anonymous_81)","decl":{"start":{"line":1162,"column":8},"end":{"line":1162,"column":15}},"loc":{"start":{"line":1162,"column":15},"end":{"line":1165,"column":null}}},"71":{"name":"(anonymous_83)","decl":{"start":{"line":1176,"column":8},"end":{"line":1176,"column":13}},"loc":{"start":{"line":1176,"column":13},"end":{"line":1185,"column":null}}},"72":{"name":"(anonymous_85)","decl":{"start":{"line":1194,"column":8},"end":{"line":1194,"column":11}},"loc":{"start":{"line":1194,"column":37},"end":{"line":1202,"column":null}}},"73":{"name":"(anonymous_87)","decl":{"start":{"line":1195,"column":52},"end":{"line":1195,"column":53}},"loc":{"start":{"line":1196,"column":6},"end":{"line":1198,"column":null}}},"74":{"name":"(anonymous_88)","decl":{"start":{"line":1197,"column":8},"end":{"line":1197,"column":9}},"loc":{"start":{"line":1197,"column":32},"end":{"line":1197,"column":66}}},"75":{"name":"(anonymous_89)","decl":{"start":{"line":1211,"column":8},"end":{"line":1211,"column":11}},"loc":{"start":{"line":1211,"column":37},"end":{"line":1222,"column":null}}},"76":{"name":"(anonymous_91)","decl":{"start":{"line":1212,"column":53},"end":{"line":1212,"column":54}},"loc":{"start":{"line":1212,"column":64},"end":{"line":1212,"column":69}}},"77":{"name":"(anonymous_92)","decl":{"start":{"line":1218,"column":6},"end":{"line":1218,"column":7}},"loc":{"start":{"line":1218,"column":30},"end":{"line":1218,"column":64}}},"78":{"name":"(anonymous_93)","decl":{"start":{"line":1231,"column":8},"end":{"line":1231,"column":11}},"loc":{"start":{"line":1231,"column":40},"end":{"line":1240,"column":null}}},"79":{"name":"(anonymous_95)","decl":{"start":{"line":1232,"column":53},"end":{"line":1232,"column":54}},"loc":{"start":{"line":1232,"column":64},"end":{"line":1232,"column":69}}},"80":{"name":"(anonymous_96)","decl":{"start":{"line":1237,"column":25},"end":{"line":1237,"column":26}},"loc":{"start":{"line":1238,"column":6},"end":{"line":1238,"column":45}}},"81":{"name":"(anonymous_97)","decl":{"start":{"line":1249,"column":8},"end":{"line":1249,"column":11}},"loc":{"start":{"line":1249,"column":40},"end":{"line":1258,"column":null}}},"82":{"name":"(anonymous_99)","decl":{"start":{"line":1250,"column":53},"end":{"line":1250,"column":54}},"loc":{"start":{"line":1250,"column":64},"end":{"line":1250,"column":69}}},"83":{"name":"(anonymous_100)","decl":{"start":{"line":1255,"column":25},"end":{"line":1255,"column":26}},"loc":{"start":{"line":1256,"column":6},"end":{"line":1256,"column":45}}},"84":{"name":"(anonymous_101)","decl":{"start":{"line":1405,"column":10},"end":{"line":1405,"column":16}},"loc":{"start":{"line":1405,"column":50},"end":{"line":1420,"column":3}}},"85":{"name":"(anonymous_102)","decl":{"start":{"line":1429,"column":2},"end":{"line":1429,"column":8}},"loc":{"start":{"line":1429,"column":15},"end":{"line":1453,"column":3}}},"86":{"name":"(anonymous_103)","decl":{"start":{"line":1451,"column":34},"end":{"line":1451,"column":35}},"loc":{"start":{"line":1451,"column":41},"end":{"line":1451,"column":72}}},"87":{"name":"(anonymous_104)","decl":{"start":{"line":1461,"column":2},"end":{"line":1461,"column":8}},"loc":{"start":{"line":1461,"column":15},"end":{"line":1481,"column":3}}},"88":{"name":"(anonymous_105)","decl":{"start":{"line":1479,"column":34},"end":{"line":1479,"column":35}},"loc":{"start":{"line":1479,"column":41},"end":{"line":1479,"column":72}}},"89":{"name":"(anonymous_106)","decl":{"start":{"line":1489,"column":2},"end":{"line":1489,"column":8}},"loc":{"start":{"line":1489,"column":13},"end":{"line":1491,"column":3}}},"90":{"name":"(anonymous_107)","decl":{"start":{"line":1498,"column":2},"end":{"line":1498,"column":8}},"loc":{"start":{"line":1498,"column":18},"end":{"line":1500,"column":3}}},"91":{"name":"(anonymous_108)","decl":{"start":{"line":1508,"column":2},"end":{"line":1508,"column":8}},"loc":{"start":{"line":1508,"column":15},"end":{"line":1510,"column":3}}},"92":{"name":"KeyPath","decl":{"start":{"line":1548,"column":9},"end":{"line":1548,"column":16}},"loc":{"start":{"line":1548,"column":41},"end":{"line":1568,"column":1}}},"93":{"name":"(anonymous_110)","decl":{"start":{"line":1549,"column":9},"end":{"line":1549,"column":10}},"loc":{"start":{"line":1549,"column":55},"end":{"line":1567,"column":3}}},"94":{"name":"CompositeKeyPath","decl":{"start":{"line":1602,"column":9},"end":{"line":1602,"column":25}},"loc":{"start":{"line":1604,"column":26},"end":{"line":1625,"column":1}}},"95":{"name":"(anonymous_112)","decl":{"start":{"line":1606,"column":9},"end":{"line":1606,"column":10}},"loc":{"start":{"line":1606,"column":30},"end":{"line":1624,"column":3}}},"96":{"name":"Index","decl":{"start":{"line":1649,"column":9},"end":{"line":1649,"column":14}},"loc":{"start":{"line":1649,"column":43},"end":{"line":1659,"column":1}}},"97":{"name":"(anonymous_114)","decl":{"start":{"line":1650,"column":9},"end":{"line":1650,"column":10}},"loc":{"start":{"line":1650,"column":58},"end":{"line":1658,"column":3}}},"98":{"name":"Validate","decl":{"start":{"line":1691,"column":9},"end":{"line":1691,"column":17}},"loc":{"start":{"line":1693,"column":17},"end":{"line":1704,"column":1}}},"99":{"name":"(anonymous_116)","decl":{"start":{"line":1695,"column":9},"end":{"line":1695,"column":10}},"loc":{"start":{"line":1695,"column":58},"end":{"line":1703,"column":3}}},"100":{"name":"RetentionPolicy","decl":{"start":{"line":1733,"column":9},"end":{"line":1733,"column":24}},"loc":{"start":{"line":1733,"column":56},"end":{"line":1747,"column":1}}},"101":{"name":"(anonymous_118)","decl":{"start":{"line":1734,"column":9},"end":{"line":1734,"column":10}},"loc":{"start":{"line":1734,"column":30},"end":{"line":1746,"column":3}}},"102":{"name":"DataClass","decl":{"start":{"line":1796,"column":9},"end":{"line":1796,"column":18}},"loc":{"start":{"line":1796,"column":49},"end":{"line":1820,"column":1}}},"103":{"name":"(anonymous_120)","decl":{"start":{"line":1797,"column":9},"end":{"line":
[...]
ne":2872,"column":7}},"type":"if","locations":[{"start":{"line":2870,"column":6},"end":{"line":2872,"column":7}},{"start":{},"end":{}}]},"165":{"loc":{"start":{"line":2878,"column":8},"end":{"line":2878,"column":67}},"type":"if","locations":[{"start":{"line":2878,"column":8},"end":{"line":2878,"column":67}},{"start":{},"end":{}}]},"166":{"loc":{"start":{"line":2889,"column":8},"end":{"line":2904,"column":9}},"type":"if","locations":[{"start":{"line":2889,"column":8},"end":{"line":2904,"column":9}},{"start":{},"end":{}}]},"167":{"loc":{"start":{"line":2890,"column":10},"end":{"line":2891,"column":48}},"type":"binary-expr","locations":[{"start":{"line":2890,"column":10},"end":{"line":2890,"column":45}},{"start":{"line":2891,"column":10},"end":{"line":2891,"column":48}}]},"168":{"loc":{"start":{"line":2890,"column":10},"end":{"line":2890,"column":45}},"type":"cond-expr","locations":[{"start":{"line":2890,"column":34},"end":{"line":2890,"column":36}},{"start":{"line":2890,"column":34},"end":{"line":2890,"column":45}}]},"169":{"loc":{"start":{"line":2890,"column":10},"end":{"line":2890,"column":36}},"type":"binary-expr","locations":[{"start":{"line":2890,"column":10},"end":{"line":2890,"column":36}},{"start":{"line":2890,"column":34},"end":{"line":2890,"column":36}}]},"170":{"loc":{"start":{"line":2890,"column":10},"end":{"line":2890,"column":34}},"type":"cond-expr","locations":[{"start":{"line":2890,"column":25},"end":{"line":2890,"column":27}},{"start":{"line":2890,"column":10},"end":{"line":2890,"column":34}}]},"171":{"loc":{"start":{"line":2890,"column":10},"end":{"line":2890,"column":27}},"type":"binary-expr","locations":[{"start":{"line":2890,"column":10},"end":{"line":2890,"column":27}},{"start":{"line":2890,"column":10},"end":{"line":2890,"column":27}}]},"172":{"loc":{"start":{"line":2894,"column":10},"end":{"line":2903,"column":11}},"type":"if","locations":[{"start":{"line":2894,"column":10},"end":{"line":2903,"column":11}},{"start":{},"end":{}}]},"173":{"loc":{"start":{"line":2895,"column":12},"end":{"line":2897,"column":29}},"type":"binary-expr","locations":[{"start":{"line":2895,"column":12},"end":{"line":2895,"column":36}},{"start":{"line":2896,"column":12},"end":{"line":2896,"column":31}},{"start":{"line":2897,"column":12},"end":{"line":2897,"column":29}}]},"174":{"loc":{"start":{"line":2900,"column":12},"end":{"line":2902,"column":13}},"type":"if","locations":[{"start":{"line":2900,"column":12},"end":{"line":2902,"column":13}},{"start":{},"end":{}}]},"175":{"loc":{"start":{"line":2995,"column":30},"end":{"line":2995,"column":55}},"type":"cond-expr","locations":[{"start":{"line":2995,"column":46},"end":{"line":2995,"column":50}},{"start":{"line":2995,"column":50},"end":{"line":2995,"column":55}}]},"176":{"loc":{"start":{"line":2995,"column":30},"end":{"line":2995,"column":50}},"type":"binary-expr","locations":[{"start":{"line":2995,"column":30},"end":{"line":2995,"column":50}},{"start":{"line":2995,"column":46},"end":{"line":2995,"column":50}}]},"177":{"loc":{"start":{"line":3001,"column":14},"end":{"line":3001,"column":47}},"type":"binary-expr","locations":[{"start":{"line":3001,"column":14},"end":{"line":3001,"column":31}},{"start":{"line":3001,"column":35},"end":{"line":3001,"column":47}}]},"178":{"loc":{"start":{"line":3056,"column":12},"end":{"line":3060,"column":13}},"type":"if","locations":[{"start":{"line":3056,"column":12},"end":{"line":3060,"column":13}},{"start":{},"end":{}}]},"179":{"loc":{"start":{"line":3087,"column":12},"end":{"line":3091,"column":13}},"type":"if","locations":[{"start":{"line":3087,"column":12},"end":{"line":3091,"column":13}},{"start":{},"end":{}}]},"180":{"loc":{"start":{"line":3177,"column":4},"end":{"line":3179,"column":5}},"type":"if","locations":[{"start":{"line":3177,"column":4},"end":{"line":3179,"column":5}},{"start":{},"end":{}}]},"181":{"loc":{"start":{"line":3177,"column":8},"end":{"line":3177,"column":32}},"type":"binary-expr","locations":[{"start":{"line":3177,"column":8},"end":{"line":3177,"column":16}},{"start":{"line":3177,"column":20},"end":{"line":3177,"column":32}}]},"182":{"loc":{"start":{"line":3183,"column":6},"end":{"line":3183,"column":58}},"type":"cond-expr","locations":[{"start":{"line":3183,"column":6},"end":{"line":3183,"column":17}},{"start":{"line":3183,"column":21},"end":{"line":3183,"column":58}}]},"183":{"loc":{"start":{"line":3183,"column":6},"end":{"line":3183,"column":21}},"type":"binary-expr","locations":[{"start":{"line":3183,"column":6},"end":{"line":3183,"column":21}},{"start":{"line":3183,"column":6},"end":{"line":3183,"column":21}}]},"184":{"loc":{"start":{"line":3194,"column":4},"end":{"line":3196,"column":5}},"type":"if","locations":[{"start":{"line":3194,"column":4},"end":{"line":3196,"column":5}},{"start":{},"end":{}}]},"185":{"loc":{"start":{"line":3201,"column":6},"end":{"line":3205,"column":7}},"type":"if","locations":[{"start":{"line":3201,"column":6},"end":{"line":3205,"column":7}},{"start":{},"end":{}}]},"186":{"loc":{"start":{"line":3216,"column":8},"end":{"line":3219,"column":9}},"type":"if","locations":[{"start":{"line":3216,"column":8},"end":{"line":3219,"column":9}},{"start":{},"end":{}}]},"187":{"loc":{"start":{"line":3221,"column":15},"end":{"line":3221,"column":75}},"type":"cond-expr","locations":[{"start":{"line":3221,"column":38},"end":{"line":3221,"column":42}},{"start":{"line":3221,"column":42},"end":{"line":3221,"column":75}}]},"188":{"loc":{"start":{"line":3221,"column":15},"end":{"line":3221,"column":42}},"type":"binary-expr","locations":[{"start":{"line":3221,"column":15},"end":{"line":3221,"column":42}},{"start":{"line":3221,"column":38},"end":{"line":3221,"column":42}}]},"189":{"loc":{"start":{"line":3224,"column":8},"end":{"line":3227,"column":9}},"type":"if","locations":[{"start":{"line":3224,"column":8},"end":{"line":3227,"column":9}},{"start":{},"end":{}}]},"190":{"loc":{"start":{"line":3229,"column":15},"end":{"line":3229,"column":74}},"type":"cond-expr","locations":[{"start":{"line":3229,"column":38},"end":{"line":3229,"column":42}},{"start":{"line":3229,"column":42},"end":{"line":3229,"column":74}}]},"191":{"loc":{"start":{"line":3229,"column":15},"end":{"line":3229,"column":42}},"type":"binary-expr","locations":[{"start":{"line":3229,"column":15},"end":{"line":3229,"column":42}},{"start":{"line":3229,"column":38},"end":{"line":3229,"column":42}}]},"192":{"loc":{"start":{"line":3238,"column":6},"end":{"line":3243,"column":7}},"type":"if","locations":[{"start":{"line":3238,"column":6},"end":{"line":3243,"column":7}},{"start":{},"end":{}}]},"193":{"loc":{"start":{"line":3247,"column":6},"end":{"line":3249,"column":7}},"type":"if","locations":[{"start":{"line":3247,"column":6},"end":{"line":3249,"column":7}},{"start":{},"end":{}}]},"194":{"loc":{"start":{"line":3300,"column":4},"end":{"line":3300,"column":42}},"type":"default-arg","locations":[{"start":{"line":3300,"column":31},"end":{"line":3300,"column":42}}]},"195":{"loc":{"start":{"line":3358,"column":4},"end":{"line":3361,"column":5}},"type":"if","locations":[{"start":{"line":3358,"column":4},"end":{"line":3361,"column":5}},{"start":{},"end":{}}]},"196":{"loc":{"start":{"line":3363,"column":4},"end":{"line":3366,"column":5}},"type":"if","locations":[{"start":{"line":3363,"column":4},"end":{"line":3366,"column":5}},{"start":{},"end":{}}]},"197":{"loc":{"start":{"line":3402,"column":22},"end":{"line":3402,"column":62}},"type":"binary-expr","locations":[{"start":{"line":3402,"column":22},"end":{"line":3402,"column":57}},{"start":{"line":3402,"column":61},"end":{"line":3402,"column":62}}]},"198":{"loc":{"start":{"line":3416,"column":11},"end":{"line":3416,"column":69}},"type":"cond-expr","locations":[{"start":{"line":3416,"column":17},"end":{"line":3416,"column":57}},{"start":{"line":3416,"column":60},"end":{"line":3416,"column":69}}]},"199":{"loc":{"start":{"line":3416,"column":17},"end":{"line":3416,"column":57}},"type":"binary-expr","locations":[{"start":{"line":3416,"column":17},"end":{"line":3416,"column":52}},{"start":{"line":3416,"column":56},"end":{"line":3416,"column":57}}]}},"s":{"0":18,"1":18,"2":18,"3":18,"4":18,"5":18,"6":18,"7":59,"8":59,"9":27,"10":27,"11":27,"12":3,"13":3,"14":3,"15":10,"16":10,"17":10,"18":2,"19":2,"20":2,"21":6,"22":6,"23":6,"24":1,"25":1,"26":1,"27":1,"28":1,"29":1,"30":2,"31":2,"32":2,"33":1,"34":1,"35":1,"36":1,"37":1,"38":1,"39":1,"40":1,"41":1,"42":1,"43":1,"44":1,"45":1,"46":1,"47":1,"48":1,"49":1,"50":1,"51":1,"52":1,"53":1,"54":0,"55":0,"56":0,"57":0,"58":69,"59":69,"60":69,"61":69,"62":69,"63":69,"64":60,"65":1,"66":1,"67":59,"68":59,"69":8,"70":2,"71":2,"72":1,"73":1,"74":1,"75":1,"76":1,"77":60,"78":59,"79":60,"80":60,"81":60,"82":0,"83":0,"84":0,"85":0,"86":0,"87":0,"88":0,"89":0,"90":0,"91":0,"92":0,"93":0,"94":0,"95":0,"96":0,"97":0,"98":0,"99":0,"100":0,"101":0,"102":0,"103":0,"104":0,"105":11,"106":11,"107":11,"108":8,"109":8,"110":5,"111":5,"112":8,"113":8,"114":8,"115":8,"116":8,"117":1,"118":1,"119":2,"120":2,"121":2,"122":2,"123":2,"124":2,"125":2,"126":2,"127":2,"128":2,"129":2,"130":2,"131":2,"132":2,"133":2,"134":2,"135":2,"136":2,"137":2,"138":2,"139":2,"140":2,"141":2,"142":2,"143":70,"144":70,"145":66,"146":66,"147":66,"148":66,"149":0,"150":70,"151":62,"152":2,"153":60,"154":8,"155":2,"156":6,"157":6,"158":6,"159":0,"160":0,"161":0,"162":0,"163":6,"164":259,"165":4,"166":255,"167":255,"168":113,"169":15,"170":47,"171":10,"172":26,"173":4,"174":4,"175":8,"176":4,"177":4,"178":4,"179":4,"180":4,"181":4,"182":4,"183":4,"184":4,"185":4,"186":4,"187":7,"188":4,"189":5,"190":270,"191":70,"192":200,"193":200,"194":200,"195":59,"196":59,"197":59,"198":200,"199":70,"200":66,"201":266,"202":61,"203":50,"204":11,"205":42,"206":42,"207":42,"208":9,"209":33,"210":33,"211":0,"212":61,"213":61,"214":5,"215":61,"216":8,"217":61,"218":4,"219":4,"220":16,"221":4,"222":1,"223":1,"224":1,"225":4,"226":4,"227":1,"228":4,"229":2,"230":2,"231":2,"232":0,"233":3,"234":65,"235":61,"236":1,"237":1,"238":0,"239":0,"240":1,"241":1,"242":4,"243":1,"244":1,"245":1,"246":1,"247":0,"248":1,"249":4,"250":1,"251":1,"252":1,"253":1,"254":0,"255":1,"256":3,"257":1,"258":1,"259":1,"260":0,"261":1,"262":3,"263":18,"264":18,"265":0,"266":0,"267":0,"268":0,"269":0,"270":0,"271":0,"272":0,"273":0,"274":0,"275":0,"276":4,"277":4,"278":4,"279":0,"280":0,"281":0,"282":0,"283":0,"284":0,"285":0,"286":0,"287":0,"288":0,"289":0,"290":0,"291":0,"292":0,"293":0,"294":0,"295":0,"296":0,"297":0,"298":0,"299":0,"300":0,"301":0,"302":0,"303":0,"304":0,"305":1,"306":2,"307":5,"308":18,"309":48,"310":48,"311":48,"312":48,"313":48,"314":48,"315":48,"316":6,"317":6,"318":2,"319":4,"320":1,"321":3,"322":3,"323":25,"324":25,"325":25,"326":25,"327":25,"328":3,"329":3,"330":3,"331":3,"332":3,"333":2,"334":2,"335":0,"336":2,"337":2,"338":49,"339":49,"340":49,"341":1,"342":48,"343":48,"344":1,"345":47,"346":47,"347":47,"348":74,"349":74,"350":74,"351":74,"352":74,"353":74,"354":74,"355":74,"356":74,"357":87,"358":74,"359":86,"360":149,"361":55,"362":55,"363":55,"364":55,"365":74,"366":50,"367":68,"368":66,"369":2,"370":2,"371":50,"372":54,"373":54,"374":73,"375":54,"376":73,"377":0,"378":54,"379":54,"380":73,"381":54,"382":73,"383":73,"384":84,"385":1,"386":73,"387":84,"388":1,"389":54,"390":66,"391":66,"392":66,"393":66,"394":1,"395":66,"396":66,"397":82,"398":66,"399":2,"400":0,"401":2,"402":1,"403":1,"404":1,"405":2,"406":2,"407":1,"408":1,"409":2,"410":4,"411":2,"412":50,"413":68,"414":50,"415":68,"416":0,"417":57,"418":57,"419":57,"420":57,"421":57,"422":520,"423":520,"424":0,"425":57,"426":0,"427":0,"428":0,"429":57,"430":57,"431":57,"432":77,"433":2,"434":55,"435":55,"436":74,"437":55,"438":55,"439":55,"440":74,"441":74,"442":72,"443":2,"444":74,"445":54,"446":54,"447":54,"448":54,"449":54,"450":267,"451":54,"452":0,"453":0,"454":0,"455":0,"456":0,"457":0,"458":0,"459":0,"460":0,"461":0,"462":0,"463":56,"464":56,"465":56,"466":50,"467":50,"468":56,"469":0,"470":56,"471":56,"472":56,"473":0,"474":0,"475":56,"476":54,"477":54,"478":54,"479":54,"480":54,"481":1,"482":54,"483":54,"484":54,"485":2,"486":2,"487":2,"488":2,"489":54,"490":54,"491":54,"492":73,"493":54,"494":54,"495":73,"496":73,"497":73,"498":73,"499":54,"500":53,"501":1,"502":1,"503":1,"504":1,"505":3,"506":3,"507":3,"508":1,"509":1,"510":2,"511":1,"512":1,"513":54,"514":54,"515":53,"516":1,"517":1,"518":1,"519":6,"520":7,"521":0,"522":7,"523":7,"524":7,"525":7,"526":14,"527":7,"528":7,"529":14,"530":0,"531":14,"532":14,"533":14,"534":14,"535":14,"536":14,"537":14,"538":27,"539":27,"540":14,"541":13,"542":13,"543":13,"544":13,"545":3,"546":3,"547":3,"548":3,"549":3,"550":0,"551":3,"552":10,"553":14,"554":14,"555":14,"556":0,"557":14,"558":0,"559":0,"560":92,"561":92,"562":92,"563":92,"564":182,"565":182,"566":12,"567":12,"568":12,"569":12,"570":0,"571":12,"572":4,"573":182,"574":2,"575":92,"576":9,"577":9,"578":0,"579":9,"580":9,"581":1,"582":8,"583":3,"584":0,"585":1,"586":4,"587":0,"588":92,"589":180,"590":180,"591":180,"592":180,"593":92,"594":7,"595":7,"596":7,"597":7,"598":7,"599":0,"600":92,"601":173,"602":173,"603":173,"604":173,"605":173,"606":0,"607":92,"608":7,"609":7,"610":7,"611":7,"612":7,"613":7,"614":7,"615":7,"616":7,"617":7,"618":0,"619":92,"620":32,"621":32,"622":32,"623":32,"624":32,"625":0,"626":92,"627":17,"628":17,"629":0,"630":17,"631":17,"632":1,"633":2,"634":16,"635":92,"636":9,"637":9,"638":0,"639":9,"640":9,"641":9,"642":92,"643":66,"644":0,"645":66,"646":66,"647":174,"648":174,"649":174,"650":9,"651":9,"652":9,"653":9,"654":9,"655":174,"656":173,"657":173,"658":173,"659":173,"660":4,"661":4,"662":4,"663":12,"664":42,"665":42,"666":42,"667":42,"668":42,"669":42,"670":42,"671":42,"672":0,"673":8,"674":8,"675":7,"676":7,"677":7,"678":2,"679":2,"680":2,"681":4,"682":32,"683":32,"684":32,"685":32,"686":2,"687":2,"688":2,"689":2,"690":1,"691":1,"692":1,"693":1,"694":1,"695":1,"696":1,"697":1,"698":1,"699":18,"700":18,"701":18,"702":18,"703":18,"704":18,"705":18,"706":18,"707":0,"708":2,"709":2,"710":2,"711":2,"712":2,"713":2,"714":2,"715":2,"716":2,"717":2,"718":0,"719":14,"720":14,"721":14,"722":3,"723":11,"724":11,"725":11,"726":11,"727":11,"728":11,"729":11,"730":0,"731":4,"732":4,"733":4,"734":1,"735":3,"736":3,"737":3,"738":3,"739":3,"740":3,"741":3,"742":0,"743":4,"744":4,"745":4,"746":4,"747":4,"748":4,"749":4,"750":4,"751":0,"752":2,"753":2,"754":2,"755":2,"756":2,"757":2,"758":2,"759":2,"760":2,"761":0,"762":20,"763":20,"764":20,"765":20,"766":20,"767":20,"768":20,"769":20,"770":0,"771":319,"772":1,"773":318,"774":318,"775":318,"776":318,"777":4,"778":0,"779":4,"780":4,"781":10,"782":18,"783":10,"784":0,"785":10,"786":4,"787":4,"788":4,"789":4,"790":2,"791":4,"792":2,"793":2,"794":2,"795":0,"796":4,"797":0,"798":0,"799":0,"800":0,"801":4,"802":4,"803":10,"804":18,"805":10,"806":10,"807":4,"808":2,"809":2,"810":2,"811":2,"812":4,"813":2,"814":2,"815":2,"816":2,"817":2,"818":0,"819":4,"820":2,"821":2,"822":2,"823":6,"824":2,"825":2,"826":1,"827":1,"828":1,"829":1,"830":22,"831":1,"832":1,"833":22,"834":22,"835":22,"836":2,"837":5,"838":1,"839":1,"840":4,"841":4,"842":1,"843":5,"844":14,"845":5,"846":18},"f":{"0":59,"1":27,"2":3,"3":10,"4":2,"5":6,"6":1,"7":1,"8":2,"9":1,"10":1,"11":1,"12":1,"13":1,"14":1,"15":1,"16":0,"17":0,"18":69,"19":60,"20":8,"21":2,"22":1,"23":60,"24":59,"25":60,"26":0,"27":0,"28":0,"29":0,"30":0,"31":0,"32":0,"33":0,"34":0,"35":0,"36":0,"37":0,"38":0,"39":0,"40":0,"41":0,"42":0,"43":11,"44":8,"45":5,"46":8,"47":8,"48":1,"49":2,"50":2,"51":70,"52":66,"53":66,"54":0,"55":70,"56":259,"57":7,"58":5,"59":270,"60":70,"61":266,"62":61,"63":42,"64":61,"65":4,"66":16,"67":1,"68":4,"69":3,"70":65,"71":1,"72":1,"73":1,"74":4,"75":1,"76":1,"77":4,"78":1,"79":1,"80":3,"81":1,"82":1,"83":3,"84":0,"85":4,"86":0,"87":0,"88":0,"89":1,"90":2,"91":5,"92":48,"93":48,"94":6,"95":6,"96":25,"97":25,"98":3,"99":3,"100":2,"101":2,"102":49,"103":49,"104":74,"105":74,"106":87,"107":86,"108":149,"109":55,"110":55,"111":74,"112":50,"113":68,"114":54,"115":73,"116":73,"117":73,"118":73,"119":84,"120":84,"121":66,"122":82,"123":2,"124":1,"125":2,"126":2,"127":4,"128":50,"129":68,"130":68,"131":57,"132":520,"133":0,"134":77,"135":74,"136":74,"137":74,"138":54,"139":267,"140":0,"141":0,"142":0,"143":0,"144":56,"145":56,"146":50,"147":0,"148":56,"149":0,"150":56,"151":54,"152":73,"153":54,"154":73,"155":54,"156":1,"157":2,"158":1,"159":54,"160":6,"161":7,"162":14,"163":14,"164":27,"165":3,"166":0,"167":14,"168":0,"169":0,"170":92,"171":182,"172":12,"173":9,"174":180,"175":7,"176":7,"177":7,"178":0,"179":173,"180":173,"181":173,"182":0,"183":7,"184":7,"185":7,"186":7,"187":0,"188":32,"189":32,"190":32,"191":0,"192":17,"193":2,"194":9,"195":66,"196":174,"197":174,"198":173,"199":173,"200":4,"201":4,"202":42,"203":42,"204":42,"205":42,"206":42,"207":0,"208":8,"209":8,"210":7,"211":7,"212":2,"213":2,"214":32,"215":32,"216":32,"217":32,"218":2,"219":2,"220":1,"221":1,"222":1,"223":1,"224":18,"225":18,"226":18,"227":18,"228":18,"229":0,"230":2,"231":2,"232":2,"233":2,"234":2,"235":0,"236":14,"237":14,"238":14,"239":11,"240":11,"241":0,"242":4,"243":4,"244":4,"245":3,"246":3,"247":0,"248":4,"249":4,"250":4,"251":4,"252":4,"253":0,"254":2,"255":2,"256":2,"257":2,"258":2,"259":0,"260":20,"261":20,"262":20,"263":20,"264":20,"265":0,"266":319,"267":4,"268":10,"269":18,"270":4,"271":2,"272":2,"273":0,"274":10,"275":18,"276":2,"277":2,"278":2,"279":2,"280":0,"281":2,"282":2,"283":2,"284":6,"285":22,"286":2,"287":5,"288":1,"289":4,"290":5,"291":14},"b":{"0":[1,59],"1":[1,0],"2":[1,1],"3":[1,0],"4":[47,13],"5":[0,0],"6":[0],"7":[0,70],"8":[66,0],"9":[66,66],"10":[62,8],"11":[2,60],"12":[62,60],"13":[2,6],"14":[6,0],"15":[6,6],"16":[0,0],"17":[0,0],"18":[6,0],"19":[4,255],"20":[113,15,47,10,26,4,4,8,4,4,4,4,4,4,4],"21":[4,4],"22":[4,4],"23":[4,4],"24":[4,4],"25":[4,0],"26":[4,4],"27":[4,3],"28":[4,4],"29":[4,4],"30":[4,4],"31":[4,4,4],"32":[4,4,4],"33":[70,200],"34":[8,51],"35":[8,3],"36":[51,31],"37":[50,11],"38":[9,33],"39":[6,3],"40":[33,0],"41":[13,20],"42":[5,56],"43":[8,53],"44":[4,0],"45":[1,3],"46":[4,4],"47":[2,2],"48":[2,0],"49":[1,0],"50":[4,0],"51":[0,1],"52":[4,0],"53":[0,1],"54":[1,2],"55":[0,1],"56":[2,1],"57":[0,0],"58":[0,0],"59":[0,0],"60":[0,0],"61":[4,0],"62":[4,4],"63":[0,4],"64":[4,4],"65":[48,47],"66":[2,4],"67":[3,3],"68":[6,6],"69":[1,3],"70":[3,1],"71":[4,4],"72":[25,18],"73":[3,1],"74":[0,2],"75":[2,2],"76":[0,2],"77":[2,2],"78":[0,2],"79":[2,2],"80":[24],"81":[1,48],"82":[48,3],"83":[1,47],"84":[47,22],"85":[74,34],"86":[0,87],"87":[3,84],"88":[87,87],"89":[74,0],"90":[0,74],"91":[74,74],"92":[68,6],"93":[74,74],"94":[0,74],"95":[74,74],"96":[66,2],"97":[2,0],"98":[0,73],"99":[54,0],"100":[1,83],"101":[1,83],"102":[66,0],"103":[1,65],"104":[0,2],"105":[1,0],"106":[1,1],"107":[0,4],"108":[4,0],"109":[4,4],"110":[2,2],"111":[0,68],"112":[57],"113":[520,0],"114":[0,0],"115":[2,55],"116":[72,2],"117":[72,2],"118":[74,74],"119":[54,0],"120":[6,48],"121":[54,54],"122":[48,6],"123":[54,54],"124":[0,0],"125":[0,0],"126":[50,0],"127":[50,50],"128":[1,53],"129":[2,52],"130":[53,1],"131":[53,1],"132":[54,1,1],"133":[0,7],"134":[7,7,7],"135":[0,14],"136":[14,13],"137":[0,13],"138":[13,13],"139":[3,10],"140":[13,13],"141":[0,0],"142":[0,0],"143":[0,0],"144":[0,0],"145":[0,0],"146":[0,0],"147":[92,89],"148":[4,8],"149":[2,180],"150":[0,9],"151":[0,9],"152":[9,9],"153":[0,9],"154":[9,9],"155":[1,8],"156":[3,3,0,1,4,0],"157":[7,173],"158":[7,173],"159":[7,0],"160":[7,7],"161":[0,17],"162":[1,16],"163":[0,9],"164":[9,0],"165":[0,66],"166":[9,165],"167":[174,9],"168":[163,11],"169":[174,174],"170":[0,174],"171":[174,174],"172":[9,0],"173":[9,0,0],"174":[9,0],"175":[1,0],"176":[1,1],"177":[1,1],"178":[3,11],"179":[1,3],"180":[1,318],"181":[319,1],"182":[9,309],"183":[318,318],"184":[0,4],"185":[0,10],"186":[2,0],"187":[0,0],"188":[0,0],"189":[0,0],"190":[0,0],"191":[0,0],"192":[10,0],"193":[2,0],"194":[0],"195":[1,21],"196":[22,0],"197":[4,0],"198":[4,1],"199":[4,0]}}
}
