TN:
SF:index.ts
FN:24,(anonymous_7)
FN:29,(anonymous_8)
FN:33,(anonymous_9)
FN:37,(anonymous_10)
FN:43,(anonymous_11)
FN:49,(anonymous_12)
FN:55,(anonymous_13)
FN:61,(anonymous_14)
FN:67,(anonymous_15)
FN:72,(anonymous_16)
FN:76,(anonymous_17)
FN:80,(anonymous_18)
FN:84,(anonymous_19)
FN:90,(anonymous_20)
FN:91,(anonymous_22)
FN:117,(anonymous_23)
FN:137,(anonymous_24)
FN:151,(anonymous_25)
FN:156,KeyPath
FN:157,(anonymous_27)
FN:164,Index
FN:165,(anonymous_29)
FN:172,DataClass
FN:173,(anonymous_31)
FN:203,(anonymous_32)
FN:213,(anonymous_33)
FN:215,(anonymous_34)
FN:221,(anonymous_35)
FN:231,(anonymous_37)
FN:232,(anonymous_39)
FN:235,(anonymous_40)
FN:238,(anonymous_41)
FN:247,(anonymous_42)
FN:256,(anonymous_43)
FN:258,(anonymous_44)
FN:262,(anonymous_45)
FN:269,(anonymous_46)
FN:270,(anonymous_47)
FN:287,(anonymous_48)
FN:290,(anonymous_49)
FN:295,(anonymous_50)
FN:295,(anonymous_51)
FN:296,(anonymous_52)
FN:298,(anonymous_53)
FN:299,(anonymous_54)
FN:303,(anonymous_55)
FN:308,(anonymous_56)
FN:308,(anonymous_57)
FN:309,(anonymous_58)
FN:311,(anonymous_59)
FN:312,(anonymous_60)
FN:316,(anonymous_61)
FN:321,(anonymous_62)
FN:321,(anonymous_63)
FN:322,(anonymous_64)
FN:324,(anonymous_65)
FN:325,(anonymous_66)
FN:329,(anonymous_67)
FN:334,(anonymous_68)
FN:334,(anonymous_69)
FN:335,(anonymous_70)
FN:337,(anonymous_71)
FN:338,(anonymous_72)
FN:342,(anonymous_73)
FN:347,(anonymous_74)
FN:347,(anonymous_75)
FN:348,(anonymous_76)
FN:350,(anonymous_77)
FN:351,(anonymous_78)
FN:355,(anonymous_79)
FN:360,(anonymous_80)
FN:360,(anonymous_81)
FN:361,(anonymous_82)
FN:363,(anonymous_83)
FN:364,(anonymous_84)
FN:370,(anonymous_85)
FN:375,(anonymous_86)
FN:375,(anonymous_87)
FN:376,(anonymous_88)
FN:383,(anonymous_89)
FN:384,(anonymous_90)
FN:388,(anonymous_91)
FN:393,(anonymous_92)
FN:393,(anonymous_93)
FN:394,(anonymous_94)
FN:401,(anonymous_95)
FN:402,(anonymous_96)
FN:406,(anonymous_97)
FN:411,(anonymous_98)
FN:411,(anonymous_99)
FN:412,(anonymous_100)
FN:414,(anonymous_101)
FN:415,(anonymous_102)
FN:419,(anonymous_103)
FN:424,(anonymous_104)
FN:424,(anonymous_105)
FN:425,(anonymous_106)
FN:427,(anonymous_107)
FN:428,(anonymous_108)
FN:433,(anonymous_109)
FN:438,(anonymous_110)
FN:438,(anonymous_111)
FN:439,(anonymous_112)
FN:441,(anonymous_113)
FN:442,(anonymous_114)
FN:446,(anonymous_115)
FN:453,(anonymous_116)
FN:471,(anonymous_118)
FN:477,(anonymous_120)
FN:483,(anonymous_122)
FN:489,(anonymous_124)
FN:495,(anonymous_126)
FN:502,(anonymous_128)
FNF:113
FNH:84
FNDA:14,(anonymous_7)
FNDA:8,(anonymous_8)
FNDA:5,(anonymous_9)
FNDA:8,(anonymous_10)
FNDA:3,(anonymous_11)
FNDA:1,(anonymous_12)
FNDA:1,(anonymous_13)
FNDA:0,(anonymous_14)
FNDA:4,(anonymous_15)
FNDA:4,(anonymous_16)
FNDA:3,(anonymous_17)
FNDA:4,(anonymous_18)
FNDA:3,(anonymous_19)
FNDA:14,(anonymous_20)
FNDA:14,(anonymous_22)
FNDA:73,(anonymous_23)
FNDA:12,(anonymous_24)
FNDA:0,(anonymous_25)
FNDA:12,KeyPath
FNDA:12,(anonymous_27)
FNDA:8,Index
FNDA:8,(anonymous_29)
FNDA:10,DataClass
FNDA:10,(anonymous_31)
FNDA:12,(anonymous_32)
FNDA:8,(anonymous_33)
FNDA:10,(anonymous_34)
FNDA:8,(anonymous_35)
FNDA:6,(anonymous_37)
FNDA:6,(anonymous_39)
FNDA:6,(anonymous_40)
FNDA:7,(anonymous_41)
FNDA:8,(anonymous_42)
FNDA:6,(anonymous_43)
FNDA:7,(anonymous_44)
FNDA:0,(anonymous_45)
FNDA:6,(anonymous_46)
FNDA:7,(anonymous_47)
FNDA:7,(anonymous_48)
FNDA:2,(anonymous_49)
FNDA:47,(anonymous_50)
FNDA:47,(anonymous_51)
FNDA:47,(anonymous_52)
FNDA:47,(anonymous_53)
FNDA:47,(anonymous_54)
FNDA:0,(anonymous_55)
FNDA:3,(anonymous_56)
FNDA:3,(anonymous_57)
FNDA:3,(anonymous_58)
FNDA:3,(anonymous_59)
FNDA:3,(anonymous_60)
FNDA:0,(anonymous_61)
FNDA:1,(anonymous_62)
FNDA:1,(anonymous_63)
FNDA:1,(anonymous_64)
FNDA:1,(anonymous_65)
FNDA:1,(anonymous_66)
FNDA:0,(anonymous_67)
FNDA:29,(anonymous_68)
FNDA:29,(anonymous_69)
FNDA:29,(anonymous_70)
FNDA:29,(anonymous_71)
FNDA:29,(anonymous_72)
FNDA:0,(anonymous_73)
FNDA:9,(anonymous_74)
FNDA:9,(anonymous_75)
FNDA:9,(anonymous_76)
FNDA:9,(anonymous_77)
FNDA:9,(anonymous_78)
FNDA:0,(anonymous_79)
FNDA:2,(anonymous_80)
FNDA:2,(anonymous_81)
FNDA:2,(anonymous_82)
FNDA:2,(anonymous_83)
FNDA:2,(anonymous_84)
FNDA:0,(anonymous_85)
FNDA:6,(anonymous_86)
FNDA:6,(anonymous_87)
FNDA:6,(anonymous_88)
FNDA:4,(anonymous_89)
FNDA:4,(anonymous_90)
FNDA:0,(anonymous_91)
FNDA:4,(anonymous_92)
FNDA:4,(anonymous_93)
FNDA:4,(anonymous_94)
FNDA:3,(anonymous_95)
FNDA:3,(anonymous_96)
FNDA:0,(anonymous_97)
FNDA:0,(anonymous_98)
FNDA:0,(anonymous_99)
FNDA:0,(anonymous_100)
FNDA:0,(anonymous_101)
FNDA:0,(anonymous_102)
FNDA:0,(anonymous_103)
FNDA:0,(anonymous_104)
FNDA:0,(anonymous_105)
FNDA:0,(anonymous_106)
FNDA:0,(anonymous_107)
FNDA:0,(anonymous_108)
FNDA:0,(anonymous_109)
FNDA:2,(anonymous_110)
FNDA:2,(anonymous_111)
FNDA:2,(anonymous_112)
FNDA:2,(anonymous_113)
FNDA:2,(anonymous_114)
FNDA:0,(anonymous_115)
FNDA:103,(anonymous_116)
FNDA:0,(anonymous_118)
FNDA:0,(anonymous_120)
FNDA:0,(anonymous_122)
FNDA:0,(anonymous_124)
FNDA:0,(anonymous_126)
FNDA:1,(anonymous_128)
DA:1,5
DA:14,14
DA:16,14
DA:25,14
DA:26,14
DA:30,8
DA:31,8
DA:34,5
DA:35,5
DA:38,8
DA:39,8
DA:40,8
DA:41,8
DA:44,3
DA:45,3
DA:46,3
DA:47,3
DA:50,1
DA:51,1
DA:52,1
DA:53,1
DA:56,1
DA:57,1
DA:58,1
DA:59,1
DA:62,0
DA:63,0
DA:64,0
DA:65,0
DA:68,4
DA:69,4
DA:70,4
DA:73,4
DA:74,4
DA:77,3
DA:78,3
DA:81,4
DA:82,4
DA:85,3
DA:86,3
DA:87,3
DA:91,14
DA:92,14
DA:93,14
DA:95,14
DA:98,14
DA:99,4
DA:100,1
DA:101,1
DA:103,3
DA:105,3
DA:106,3
DA:107,0
DA:108,0
DA:109,0
DA:110,0
DA:112,3
DA:114,10
DA:117,13
DA:118,73
DA:119,73
DA:120,60
DA:121,60
DA:122,60
DA:123,65
DA:124,65
DA:125,40
DA:126,15
DA:127,5
DA:128,5
DA:129,0
DA:132,60
DA:133,60
DA:136,13
DA:137,4
DA:138,12
DA:139,12
DA:140,12
DA:141,12
DA:142,0
DA:146,13
DA:147,13
DA:148,13
DA:151,13
DA:157,12
DA:158,12
DA:159,12
DA:160,12
DA:165,8
DA:166,8
DA:167,8
DA:168,8
DA:173,10
DA:174,10
DA:175,1
DA:177,9
DA:178,9
DA:179,1
DA:181,8
DA:204,12
DA:205,12
DA:206,12
DA:210,8
DA:211,8
DA:214,8
DA:215,10
DA:216,2
DA:218,6
DA:225,8
DA:226,6
DA:227,6
DA:228,6
DA:232,6
DA:233,6
DA:235,6
DA:236,6
DA:238,6
DA:239,7
DA:240,7
DA:242,7
DA:244,7
DA:245,7
DA:247,7
DA:248,8
DA:249,8
DA:256,6
DA:257,6
DA:258,7
DA:259,6
DA:262,6
DA:263,0
DA:264,0
DA:270,6
DA:271,7
DA:272,7
DA:275,7
DA:278,7
DA:288,7
DA:289,7
DA:291,2
DA:292,2
DA:293,2
DA:295,47
DA:296,47
DA:297,47
DA:298,47
DA:299,47
DA:300,47
DA:301,47
DA:303,47
DA:308,3
DA:309,3
DA:310,3
DA:311,3
DA:312,3
DA:313,3
DA:314,3
DA:316,3
DA:321,1
DA:322,1
DA:323,1
DA:324,1
DA:325,1
DA:326,1
DA:327,1
DA:329,1
DA:334,29
DA:335,29
DA:336,29
DA:337,29
DA:338,29
DA:339,29
DA:340,29
DA:342,29
DA:347,9
DA:348,9
DA:349,9
DA:350,9
DA:351,9
DA:352,9
DA:353,9
DA:355,9
DA:360,2
DA:361,2
DA:362,2
DA:363,2
DA:364,2
DA:365,2
DA:366,2
DA:367,2
DA:368,2
DA:370,2
DA:375,6
DA:376,6
DA:377,6
DA:378,2
DA:381,4
DA:382,4
DA:383,4
DA:384,4
DA:385,4
DA:386,4
DA:388,4
DA:393,4
DA:394,4
DA:395,4
DA:396,1
DA:399,3
DA:400,3
DA:401,3
DA:402,3
DA:403,3
DA:404,3
DA:406,3
DA:411,0
DA:412,0
DA:413,0
DA:414,0
DA:415,0
DA:416,0
DA:417,0
DA:419,0
DA:424,0
DA:425,0
DA:426,0
DA:427,0
DA:428,0
DA:429,0
DA:430,0
DA:431,0
DA:433,0
DA:438,2
DA:439,2
DA:440,2
DA:441,2
DA:442,2
DA:443,2
DA:444,2
DA:446,2
DA:458,103
DA:459,0
DA:462,103
DA:463,103
DA:464,103
DA:466,103
DA:472,0
DA:473,0
DA:474,0
DA:478,0
DA:479,0
DA:480,0
DA:484,0
DA:485,0
DA:486,0
DA:490,0
DA:491,0
DA:492,0
DA:496,0
DA:497,0
DA:498,0
DA:503,1
DA:507,5
LF:262
LH:217
BRDA:38,0,0,0
BRDA:38,0,1,8
BRDA:44,1,0,0
BRDA:44,1,1,3
BRDA:50,2,0,0
BRDA:50,2,1,1
BRDA:56,3,0,0
BRDA:56,3,1,1
BRDA:62,4,0,0
BRDA:62,4,1,0
BRDA:67,5,0,0
BRDA:98,6,0,4
BRDA:98,6,1,10
BRDA:99,7,0,1
BRDA:99,7,1,3
BRDA:105,8,0,3
BRDA:105,8,1,0
BRDA:105,9,0,3
BRDA:105,9,1,3
BRDA:107,10,0,0
BRDA:107,10,1,0
BRDA:109,11,0,0
BRDA:109,11,1,0
BRDA:119,12,0,60
BRDA:119,12,1,13
BRDA:124,13,0,40
BRDA:124,13,1,15
BRDA:124,13,2,5
BRDA:124,13,3,5
BRDA:124,13,4,0
BRDA:125,14,0,40
BRDA:125,14,1,31
BRDA:126,15,0,15
BRDA:126,15,1,15
BRDA:127,16,0,5
BRDA:127,16,1,5
BRDA:128,17,0,5
BRDA:128,17,1,5
BRDA:129,18,0,0
BRDA:129,18,1,0
BRDA:132,19,0,38
BRDA:132,19,1,22
BRDA:136,20,0,4
BRDA:136,20,1,9
BRDA:140,21,0,0
BRDA:140,21,1,12
BRDA:140,22,0,0
BRDA:140,22,1,0
BRDA:141,23,0,12
BRDA:141,23,1,0
BRDA:141,24,0,4
BRDA:141,24,1,8
BRDA:146,25,0,3
BRDA:146,25,1,10
BRDA:147,26,0,4
BRDA:147,26,1,9
BRDA:159,27,0,12
BRDA:159,27,1,11
BRDA:167,28,0,8
BRDA:167,28,1,5
BRDA:174,29,0,1
BRDA:174,29,1,9
BRDA:177,30,0,9
BRDA:177,30,1,0
BRDA:178,31,0,1
BRDA:178,31,1,8
BRDA:204,32,0,0
BRDA:204,32,1,12
BRDA:215,33,0,2
BRDA:215,33,1,6
BRDA:239,34,0,7
BRDA:239,34,1,0
BRDA:240,35,0,7
BRDA:240,35,1,2
BRDA:244,36,0,7
BRDA:244,36,1,0
BRDA:248,37,0,8
BRDA:248,37,1,0
BRDA:291,38,0,0
BRDA:291,38,1,2
BRDA:377,39,0,2
BRDA:377,39,1,4
BRDA:395,40,0,1
BRDA:395,40,1,3
BRDA:458,41,0,0
BRDA:458,41,1,103
BRDA:474,42,0,0
BRDA:474,42,1,0
BRDA:474,43,0,0
BRDA:474,43,1,0
BRDA:480,44,0,0
BRDA:480,44,1,0
BRDA:480,45,0,0
BRDA:480,45,1,0
BRDA:486,46,0,0
BRDA:486,46,1,0
BRDA:486,47,0,0
BRDA:486,47,1,0
BRDA:492,48,0,0
BRDA:492,48,1,0
BRDA:492,49,0,0
BRDA:492,49,1,0
BRDA:498,50,0,0
BRDA:498,50,1,0
BRDA:498,51,0,0
BRDA:498,51,1,0
BRDA:498,52,0,0
BRDA:498,52,1,0
BRF:108
BRH:60
end_of_record
