TN:
SF:index.ts
FN:210,(anonymous_7)
FN:221,(anonymous_8)
FN:234,(anonymous_9)
FN:247,(anonymous_10)
FN:260,(anonymous_11)
FN:273,(anonymous_12)
FN:286,(anonymous_13)
FN:302,(anonymous_14)
FN:322,(anonymous_15)
FN:341,(anonymous_16)
FN:358,(anonymous_17)
FN:376,(anonymous_18)
FN:391,(anonymous_19)
FN:403,(anonymous_20)
FN:416,(anonymous_21)
FN:432,(anonymous_22)
FN:449,(anonymous_23)
FN:460,(anonymous_24)
FN:515,(anonymous_25)
FN:556,(anonymous_26)
FN:579,(anonymous_27)
FN:597,(anonymous_28)
FN:603,(anonymous_29)
FN:624,(anonymous_30)
FN:638,(anonymous_31)
FN:643,(anonymous_32)
FN:652,(anonymous_33)
FN:663,(anonymous_34)
FN:673,(anonymous_35)
FN:681,(anonymous_36)
FN:689,(anonymous_37)
FN:697,(anonymous_38)
FN:705,(anonymous_39)
FN:713,(anonymous_40)
FN:721,(anonymous_41)
FN:729,(anonymous_42)
FN:737,(anonymous_43)
FN:746,(anonymous_44)
FN:755,(anonymous_45)
FN:763,(anonymous_46)
FN:771,(anonymous_47)
FN:779,(anonymous_48)
FN:787,(anonymous_49)
FN:798,(anonymous_50)
FN:810,(anonymous_51)
FN:822,(anonymous_52)
FN:837,(anonymous_53)
FN:850,(anonymous_54)
FN:870,(anonymous_55)
FN:878,(anonymous_56)
FN:886,(anonymous_58)
FN:887,(anonymous_59)
FN:888,(anonymous_60)
FN:893,(anonymous_61)
FN:918,(anonymous_62)
FN:972,(anonymous_63)
FN:978,(anonymous_64)
FN:984,(anonymous_65)
FN:1002,(anonymous_66)
FN:1004,(anonymous_68)
FN:1010,(anonymous_69)
FN:1015,(anonymous_70)
FN:1025,(anonymous_71)
FN:1037,(anonymous_72)
FN:1043,(anonymous_74)
FN:1049,(anonymous_75)
FN:1061,(anonymous_77)
FN:1067,(anonymous_78)
FN:1087,(anonymous_79)
FN:1101,(anonymous_81)
FN:1119,(anonymous_83)
FN:1120,(anonymous_85)
FN:1122,(anonymous_86)
FN:1136,(anonymous_87)
FN:1137,(anonymous_89)
FN:1143,(anonymous_90)
FN:1156,(anonymous_91)
FN:1157,(anonymous_93)
FN:1162,(anonymous_94)
FN:1174,(anonymous_95)
FN:1175,(anonymous_97)
FN:1180,(anonymous_98)
FN:1330,(anonymous_99)
FN:1354,(anonymous_100)
FN:1376,(anonymous_101)
FN:1386,(anonymous_102)
FN:1404,(anonymous_103)
FN:1414,(anonymous_104)
FN:1423,(anonymous_105)
FN:1433,(anonymous_106)
FN:1473,KeyPath
FN:1474,(anonymous_108)
FN:1522,CompositeKeyPath
FN:1526,(anonymous_110)
FN:1557,Index
FN:1558,(anonymous_112)
FN:1599,Validate
FN:1603,(anonymous_114)
FN:1641,RetentionPolicy
FN:1642,(anonymous_116)
FN:1704,DataClass
FN:1705,(anonymous_118)
FN:2020,(anonymous_119)
FN:2001,(anonymous_120)
FN:2013,(anonymous_121)
FN:2023,(anonymous_122)
FN:2029,(anonymous_123)
FN:2044,(anonymous_124)
FN:2061,(anonymous_125)
FN:2064,(anonymous_126)
FN:2094,(anonymous_127)
FN:2105,(anonymous_129)
FN:2106,(anonymous_131)
FN:2109,(anonymous_132)
FN:2119,(anonymous_133)
FN:2150,(anonymous_134)
FN:2173,(anonymous_135)
FN:2194,(anonymous_136)
FN:2197,(anonymous_137)
FN:2203,(anonymous_138)
FN:2211,(anonymous_139)
FN:2212,(anonymous_140)
FN:2237,(anonymous_141)
FN:2242,(anonymous_142)
FN:2253,(anonymous_143)
FN:2255,(anonymous_144)
FN:2260,(anonymous_145)
FN:2270,(anonymous_146)
FN:2276,(anonymous_147)
FN:2298,(anonymous_149)
FN:2307,(anonymous_150)
FN:2314,(anonymous_151)
FN:2330,(anonymous_152)
FN:2336,(anonymous_153)
FN:2347,(anonymous_154)
FN:2348,(anonymous_155)
FN:2353,(anonymous_156)
FN:2365,(anonymous_157)
FN:2375,(anonymous_158)
FN:2378,(anonymous_159)
FN:2400,(anonymous_160)
FN:2428,(anonymous_161)
FN:2439,(anonymous_162)
FN:2443,(anonymous_163)
FN:2445,(anonymous_164)
FN:2446,(anonymous_165)
FN:2450,(anonymous_166)
FN:2454,(anonymous_167)
FN:2456,(anonymous_168)
FN:2457,(anonymous_169)
FN:2461,(anonymous_170)
FN:2464,(anonymous_171)
FN:2474,(anonymous_172)
FN:2476,(anonymous_173)
FN:2477,(anonymous_174)
FN:2481,(anonymous_175)
FN:2485,(anonymous_176)
FN:2487,(anonymous_177)
FN:2488,(anonymous_178)
FN:2493,(anonymous_179)
FN:2504,(anonymous_180)
FN:2512,(anonymous_181)
FN:2528,(anonymous_182)
FN:2534,(anonymous_183)
FN:2534,(anonymous_184)
FN:2563,(anonymous_185)
FN:2564,(anonymous_186)
FN:2572,(anonymous_187)
FN:2572,(anonymous_188)
FN:2579,(anonymous_189)
FN:2579,(anonymous_190)
FN:2583,(anonymous_191)
FN:2585,(anonymous_192)
FN:2586,(anonymous_193)
FN:2590,(anonymous_194)
FN:2597,(anonymous_195)
FN:2597,(anonymous_196)
FN:2603,(anonymous_197)
FN:2604,(anonymous_198)
FN:2612,(anonymous_199)
FN:2612,(anonymous_200)
FN:2619,(anonymous_201)
FN:2619,(anonymous_202)
FN:2623,(anonymous_203)
FN:2624,(anonymous_204)
FN:2632,(anonymous_205)
FN:2634,(anonymous_206)
FN:2641,(anonymous_207)
FN:2643,(anonymous_208)
FN:2649,(anonymous_209)
FN:2651,(anonymous_210)
FN:2658,(anonymous_211)
FN:2658,(anonymous_212)
FN:2662,(anonymous_213)
FN:2664,(anonymous_214)
FN:2665,(anonymous_215)
FN:2669,(anonymous_216)
FN:2676,(anonymous_217)
FN:2676,(anonymous_218)
FN:2680,(anonymous_219)
FN:2682,(anonymous_220)
FN:2683,(anonymous_221)
FN:2695,(anonymous_222)
FN:2702,(anonymous_223)
FN:2702,(anonymous_224)
FN:2706,(anonymous_225)
FN:2715,(anonymous_226)
FN:2716,(anonymous_227)
FN:2723,(anonymous_228)
FN:2730,(anonymous_229)
FN:2733,(anonymous_230)
FN:2737,(anonymous_231)
FN:2746,(anonymous_232)
FN:2747,(anonymous_233)
FN:2754,(anonymous_234)
FN:2761,(anonymous_235)
FN:2761,(anonymous_236)
FN:2765,(anonymous_237)
FN:2767,(anonymous_238)
FN:2768,(anonymous_239)
FN:2772,(anonymous_240)
FN:2779,(anonymous_241)
FN:2779,(anonymous_242)
FN:2783,(anonymous_243)
FN:2785,(anonymous_244)
FN:2786,(anonymous_245)
FN:2794,(anonymous_246)
FN:2801,(anonymous_247)
FN:2801,(anonymous_248)
FN:2805,(anonymous_249)
FN:2807,(anonymous_250)
FN:2808,(anonymous_251)
FN:2812,(anonymous_252)
FN:2822,(anonymous_253)
FN:2841,(anonymous_255)
FN:2850,(anonymous_256)
FN:2851,(anonymous_257)
FN:2864,(anonymous_258)
FN:2865,(anonymous_259)
FN:2866,(anonymous_260)
FN:2874,(anonymous_261)
FN:2887,(anonymous_262)
FN:2888,(anonymous_263)
FN:2897,(anonymous_264)
FN:2897,(anonymous_265)
FN:2905,(anonymous_266)
FN:2905,(anonymous_267)
FN:2913,(anonymous_268)
FN:2949,(anonymous_269)
FN:2950,(anonymous_270)
FN:2979,(anonymous_271)
FN:2985,(anonymous_273)
FN:3008,(anonymous_274)
FN:3025,(anonymous_275)
FN:3035,(anonymous_276)
FN:3046,(anonymous_277)
FN:3048,(anonymous_278)
FN:3061,(anonymous_279)
FN:3062,(anonymous_280)
FNF:259
FNH:215
FNDA:51,(anonymous_7)
FNDA:22,(anonymous_8)
FNDA:3,(anonymous_9)
FNDA:7,(anonymous_10)
FNDA:2,(anonymous_11)
FNDA:6,(anonymous_12)
FNDA:1,(anonymous_13)
FNDA:1,(anonymous_14)
FNDA:2,(anonymous_15)
FNDA:1,(anonymous_16)
FNDA:1,(anonymous_17)
FNDA:1,(anonymous_18)
FNDA:1,(anonymous_19)
FNDA:1,(anonymous_20)
FNDA:1,(anonymous_21)
FNDA:1,(anonymous_22)
FNDA:0,(anonymous_23)
FNDA:0,(anonymous_24)
FNDA:57,(anonymous_25)
FNDA:52,(anonymous_26)
FNDA:8,(anonymous_27)
FNDA:2,(anonymous_28)
FNDA:1,(anonymous_29)
FNDA:52,(anonymous_30)
FNDA:51,(anonymous_31)
FNDA:52,(anonymous_32)
FNDA:0,(anonymous_33)
FNDA:0,(anonymous_34)
FNDA:0,(anonymous_35)
FNDA:0,(anonymous_36)
FNDA:0,(anonymous_37)
FNDA:0,(anonymous_38)
FNDA:0,(anonymous_39)
FNDA:0,(anonymous_40)
FNDA:0,(anonymous_41)
FNDA:0,(anonymous_42)
FNDA:0,(anonymous_43)
FNDA:0,(anonymous_44)
FNDA:0,(anonymous_45)
FNDA:0,(anonymous_46)
FNDA:0,(anonymous_47)
FNDA:0,(anonymous_48)
FNDA:0,(anonymous_49)
FNDA:10,(anonymous_50)
FNDA:7,(anonymous_51)
FNDA:5,(anonymous_52)
FNDA:6,(anonymous_53)
FNDA:4,(anonymous_54)
FNDA:1,(anonymous_55)
FNDA:56,(anonymous_56)
FNDA:54,(anonymous_58)
FNDA:54,(anonymous_59)
FNDA:0,(anonymous_60)
FNDA:56,(anonymous_61)
FNDA:233,(anonymous_62)
FNDA:7,(anonymous_63)
FNDA:5,(anonymous_64)
FNDA:239,(anonymous_65)
FNDA:56,(anonymous_66)
FNDA:235,(anonymous_68)
FNDA:49,(anonymous_69)
FNDA:40,(anonymous_70)
FNDA:49,(anonymous_71)
FNDA:4,(anonymous_72)
FNDA:16,(anonymous_74)
FNDA:1,(anonymous_75)
FNDA:4,(anonymous_77)
FNDA:3,(anonymous_78)
FNDA:51,(anonymous_79)
FNDA:1,(anonymous_81)
FNDA:1,(anonymous_83)
FNDA:1,(anonymous_85)
FNDA:4,(anonymous_86)
FNDA:1,(anonymous_87)
FNDA:1,(anonymous_89)
FNDA:4,(anonymous_90)
FNDA:1,(anonymous_91)
FNDA:1,(anonymous_93)
FNDA:3,(anonymous_94)
FNDA:1,(anonymous_95)
FNDA:1,(anonymous_97)
FNDA:3,(anonymous_98)
FNDA:0,(anonymous_99)
FNDA:4,(anonymous_100)
FNDA:0,(anonymous_101)
FNDA:0,(anonymous_102)
FNDA:0,(anonymous_103)
FNDA:1,(anonymous_104)
FNDA:2,(anonymous_105)
FNDA:5,(anonymous_106)
FNDA:32,KeyPath
FNDA:32,(anonymous_108)
FNDA:2,CompositeKeyPath
FNDA:2,(anonymous_110)
FNDA:20,Index
FNDA:20,(anonymous_112)
FNDA:3,Validate
FNDA:3,(anonymous_114)
FNDA:2,RetentionPolicy
FNDA:2,(anonymous_116)
FNDA:32,DataClass
FNDA:32,(anonymous_118)
FNDA:42,(anonymous_119)
FNDA:457,(anonymous_120)
FNDA:0,(anonymous_121)
FNDA:60,(anonymous_122)
FNDA:57,(anonymous_123)
FNDA:57,(anonymous_124)
FNDA:40,(anonymous_125)
FNDA:57,(anonymous_126)
FNDA:41,(anonymous_127)
FNDA:39,(anonymous_129)
FNDA:39,(anonymous_131)
FNDA:39,(anonymous_132)
FNDA:56,(anonymous_133)
FNDA:79,(anonymous_134)
FNDA:0,(anonymous_135)
FNDA:39,(anonymous_136)
FNDA:56,(anonymous_137)
FNDA:0,(anonymous_138)
FNDA:39,(anonymous_139)
FNDA:56,(anonymous_140)
FNDA:39,(anonymous_141)
FNDA:1,(anonymous_142)
FNDA:2,(anonymous_143)
FNDA:1,(anonymous_144)
FNDA:39,(anonymous_145)
FNDA:6,(anonymous_146)
FNDA:7,(anonymous_147)
FNDA:14,(anonymous_149)
FNDA:14,(anonymous_150)
FNDA:27,(anonymous_151)
FNDA:3,(anonymous_152)
FNDA:0,(anonymous_153)
FNDA:14,(anonymous_154)
FNDA:0,(anonymous_155)
FNDA:0,(anonymous_156)
FNDA:73,(anonymous_157)
FNDA:169,(anonymous_158)
FNDA:12,(anonymous_159)
FNDA:9,(anonymous_160)
FNDA:167,(anonymous_161)
FNDA:7,(anonymous_162)
FNDA:7,(anonymous_163)
FNDA:7,(anonymous_164)
FNDA:0,(anonymous_165)
FNDA:160,(anonymous_166)
FNDA:160,(anonymous_167)
FNDA:160,(anonymous_168)
FNDA:0,(anonymous_169)
FNDA:7,(anonymous_170)
FNDA:7,(anonymous_171)
FNDA:7,(anonymous_172)
FNDA:7,(anonymous_173)
FNDA:0,(anonymous_174)
FNDA:32,(anonymous_175)
FNDA:32,(anonymous_176)
FNDA:32,(anonymous_177)
FNDA:0,(anonymous_178)
FNDA:17,(anonymous_179)
FNDA:2,(anonymous_180)
FNDA:9,(anonymous_181)
FNDA:56,(anonymous_182)
FNDA:161,(anonymous_183)
FNDA:161,(anonymous_184)
FNDA:160,(anonymous_185)
FNDA:160,(anonymous_186)
FNDA:2,(anonymous_187)
FNDA:2,(anonymous_188)
FNDA:37,(anonymous_189)
FNDA:37,(anonymous_190)
FNDA:37,(anonymous_191)
FNDA:37,(anonymous_192)
FNDA:37,(anonymous_193)
FNDA:0,(anonymous_194)
FNDA:8,(anonymous_195)
FNDA:8,(anonymous_196)
FNDA:7,(anonymous_197)
FNDA:7,(anonymous_198)
FNDA:2,(anonymous_199)
FNDA:2,(anonymous_200)
FNDA:32,(anonymous_201)
FNDA:32,(anonymous_202)
FNDA:32,(anonymous_203)
FNDA:32,(anonymous_204)
FNDA:2,(anonymous_205)
FNDA:2,(anonymous_206)
FNDA:1,(anonymous_207)
FNDA:1,(anonymous_208)
FNDA:1,(anonymous_209)
FNDA:1,(anonymous_210)
FNDA:17,(anonymous_211)
FNDA:17,(anonymous_212)
FNDA:17,(anonymous_213)
FNDA:17,(anonymous_214)
FNDA:17,(anonymous_215)
FNDA:0,(anonymous_216)
FNDA:2,(anonymous_217)
FNDA:2,(anonymous_218)
FNDA:2,(anonymous_219)
FNDA:2,(anonymous_220)
FNDA:2,(anonymous_221)
FNDA:0,(anonymous_222)
FNDA:11,(anonymous_223)
FNDA:11,(anonymous_224)
FNDA:11,(anonymous_225)
FNDA:9,(anonymous_226)
FNDA:9,(anonymous_227)
FNDA:0,(anonymous_228)
FNDA:4,(anonymous_229)
FNDA:4,(anonymous_230)
FNDA:4,(anonymous_231)
FNDA:3,(anonymous_232)
FNDA:3,(anonymous_233)
FNDA:0,(anonymous_234)
FNDA:3,(anonymous_235)
FNDA:3,(anonymous_236)
FNDA:3,(anonymous_237)
FNDA:3,(anonymous_238)
FNDA:3,(anonymous_239)
FNDA:0,(anonymous_240)
FNDA:2,(anonymous_241)
FNDA:2,(anonymous_242)
FNDA:2,(anonymous_243)
FNDA:2,(anonymous_244)
FNDA:2,(anonymous_245)
FNDA:0,(anonymous_246)
FNDA:20,(anonymous_247)
FNDA:20,(anonymous_248)
FNDA:20,(anonymous_249)
FNDA:20,(anonymous_250)
FNDA:20,(anonymous_251)
FNDA:0,(anonymous_252)
FNDA:296,(anonymous_253)
FNDA:4,(anonymous_255)
FNDA:10,(anonymous_256)
FNDA:18,(anonymous_257)
FNDA:4,(anonymous_258)
FNDA:2,(anonymous_259)
FNDA:2,(anonymous_260)
FNDA:0,(anonymous_261)
FNDA:10,(anonymous_262)
FNDA:18,(anonymous_263)
FNDA:2,(anonymous_264)
FNDA:2,(anonymous_265)
FNDA:2,(anonymous_266)
FNDA:2,(anonymous_267)
FNDA:0,(anonymous_268)
FNDA:2,(anonymous_269)
FNDA:2,(anonymous_270)
FNDA:2,(anonymous_271)
FNDA:6,(anonymous_273)
FNDA:7,(anonymous_274)
FNDA:1,(anonymous_275)
FNDA:1,(anonymous_276)
FNDA:1,(anonymous_277)
FNDA:4,(anonymous_278)
FNDA:5,(anonymous_279)
FNDA:14,(anonymous_280)
DA:1,13
DA:211,51
DA:212,51
DA:222,22
DA:223,22
DA:224,22
DA:235,3
DA:236,3
DA:237,3
DA:248,7
DA:249,7
DA:250,7
DA:261,2
DA:262,2
DA:263,2
DA:274,6
DA:275,6
DA:276,6
DA:290,1
DA:291,1
DA:292,1
DA:306,1
DA:307,1
DA:308,1
DA:328,2
DA:329,2
DA:330,2
DA:345,1
DA:346,1
DA:347,1
DA:362,1
DA:363,1
DA:364,1
DA:380,1
DA:381,1
DA:382,1
DA:392,1
DA:393,1
DA:394,1
DA:404,1
DA:405,1
DA:406,1
DA:420,1
DA:421,1
DA:422,1
DA:436,1
DA:437,1
DA:438,1
DA:450,0
DA:451,0
DA:461,0
DA:462,0
DA:502,57
DA:504,57
DA:512,57
DA:520,57
DA:521,57
DA:522,57
DA:561,52
DA:562,1
DA:563,1
DA:566,51
DA:567,51
DA:584,8
DA:598,2
DA:599,2
DA:606,1
DA:611,1
DA:613,1
DA:614,1
DA:615,1
DA:625,52
DA:639,51
DA:646,52
DA:647,52
DA:648,52
DA:653,0
DA:654,0
DA:657,0
DA:658,0
DA:659,0
DA:664,0
DA:665,0
DA:666,0
DA:674,0
DA:682,0
DA:690,0
DA:698,0
DA:706,0
DA:714,0
DA:722,0
DA:730,0
DA:738,0
DA:747,0
DA:756,0
DA:764,0
DA:772,0
DA:780,0
DA:788,0
DA:799,10
DA:800,10
DA:801,10
DA:811,7
DA:812,7
DA:823,5
DA:824,5
DA:838,6
DA:839,6
DA:851,4
DA:852,4
DA:853,4
DA:871,1
DA:872,1
DA:879,56
DA:885,56
DA:886,54
DA:887,54
DA:888,54
DA:894,56
DA:895,50
DA:898,6
DA:899,2
DA:904,4
DA:906,4
DA:907,4
DA:908,0
DA:909,0
DA:910,0
DA:911,0
DA:914,4
DA:919,233
DA:920,4
DA:923,229
DA:924,229
DA:926,102
DA:928,15
DA:930,32
DA:932,10
DA:934,26
DA:936,4
DA:940,4
DA:944,8
DA:945,4
DA:948,4
DA:951,4
DA:954,4
DA:957,4
DA:958,4
DA:961,4
DA:962,4
DA:965,4
DA:967,4
DA:969,4
DA:972,7
DA:975,4
DA:978,5
DA:985,239
DA:986,62
DA:989,177
DA:991,177
DA:992,56
DA:993,56
DA:994,56
DA:998,177
DA:1003,56
DA:1004,54
DA:1005,235
DA:1011,49
DA:1012,39
DA:1015,10
DA:1016,40
DA:1017,40
DA:1018,40
DA:1019,31
DA:1020,0
DA:1026,49
DA:1027,49
DA:1028,5
DA:1030,49
DA:1031,7
DA:1033,49
DA:1041,4
DA:1042,4
DA:1043,16
DA:1045,4
DA:1052,1
DA:1053,1
DA:1055,1
DA:1056,4
DA:1057,4
DA:1060,1
DA:1062,4
DA:1063,2
DA:1064,0
DA:1068,3
DA:1088,51
DA:1089,49
DA:1104,1
DA:1105,1
DA:1108,0
DA:1109,0
DA:1120,1
DA:1121,1
DA:1122,4
DA:1126,1
DA:1137,1
DA:1138,1
DA:1139,0
DA:1142,1
DA:1143,4
DA:1146,1
DA:1157,1
DA:1158,1
DA:1159,0
DA:1162,1
DA:1163,3
DA:1175,1
DA:1176,1
DA:1177,0
DA:1180,1
DA:1181,3
DA:1296,13
DA:1298,13
DA:1331,0
DA:1332,0
DA:1333,0
DA:1335,0
DA:1336,0
DA:1337,0
DA:1338,0
DA:1340,0
DA:1341,0
DA:1343,0
DA:1355,4
DA:1356,4
DA:1357,4
DA:1363,0
DA:1364,0
DA:1365,0
DA:1370,0
DA:1371,0
DA:1373,0
DA:1374,0
DA:1376,0
DA:1377,0
DA:1387,0
DA:1388,0
DA:1390,0
DA:1391,0
DA:1392,0
DA:1394,0
DA:1395,0
DA:1396,0
DA:1397,0
DA:1398,0
DA:1399,0
DA:1401,0
DA:1402,0
DA:1404,0
DA:1405,0
DA:1415,1
DA:1424,2
DA:1434,5
DA:1474,32
DA:1475,32
DA:1479,32
DA:1480,32
DA:1481,32
DA:1487,32
DA:1491,32
DA:1526,2
DA:1527,2
DA:1531,2
DA:1558,20
DA:1559,20
DA:1560,20
DA:1561,20
DA:1565,20
DA:1603,3
DA:1604,3
DA:1605,3
DA:1606,3
DA:1610,3
DA:1642,2
DA:1643,2
DA:1644,0
DA:1647,2
DA:1653,2
DA:1705,32
DA:1706,32
DA:1710,32
DA:1711,1
DA:1717,31
DA:1718,31
DA:1719,1
DA:1724,30
DA:1725,30
DA:1726,30
DA:1983,42
DA:1984,42
DA:1986,42
DA:1987,42
DA:2001,42
DA:2002,457
DA:2003,457
DA:2004,0
DA:2013,42
DA:2014,0
DA:2015,0
DA:2016,0
DA:2021,42
DA:2022,42
DA:2023,60
DA:2024,2
DA:2026,40
DA:2027,40
DA:2028,40
DA:2030,57
DA:2033,57
DA:2034,55
DA:2037,2
DA:2050,57
DA:2063,40
DA:2064,57
DA:2066,40
DA:2098,41
DA:2099,39
DA:2100,39
DA:2101,39
DA:2106,39
DA:2107,39
DA:2109,39
DA:2110,39
DA:2111,39
DA:2112,39
DA:2114,39
DA:2119,39
DA:2120,56
DA:2124,56
DA:2125,56
DA:2127,56
DA:2130,56
DA:2131,56
DA:2132,56
DA:2137,56
DA:2139,56
DA:2140,56
DA:2143,56
DA:2144,1
DA:2148,56
DA:2150,56
DA:2152,79
DA:2156,79
DA:2160,79
DA:2161,79
DA:2166,0
DA:2169,0
DA:2170,0
DA:2171,0
DA:2173,0
DA:2175,0
DA:2179,0
DA:2183,0
DA:2184,0
DA:2185,0
DA:2194,39
DA:2195,39
DA:2196,39
DA:2197,56
DA:2199,39
DA:2200,39
DA:2203,39
DA:2204,0
DA:2205,0
DA:2212,39
DA:2213,56
DA:2214,56
DA:2217,56
DA:2220,56
DA:2238,39
DA:2239,38
DA:2242,1
DA:2243,1
DA:2244,1
DA:2245,1
DA:2246,3
DA:2247,3
DA:2248,3
DA:2250,1
DA:2253,2
DA:2254,1
DA:2255,1
DA:2261,39
DA:2262,39
DA:2263,38
DA:2266,1
DA:2269,1
DA:2270,1
DA:2271,6
DA:2277,7
DA:2282,0
DA:2285,7
DA:2286,7
DA:2287,7
DA:2288,7
DA:2289,14
DA:2291,7
DA:2293,7
DA:2303,14
DA:2304,0
DA:2307,14
DA:2308,14
DA:2309,14
DA:2310,14
DA:2311,14
DA:2312,14
DA:2314,14
DA:2315,27
DA:2316,27
DA:2317,14
DA:2320,13
DA:2321,13
DA:2322,13
DA:2328,13
DA:2329,3
DA:2330,3
DA:2331,3
DA:2334,3
DA:2336,3
DA:2337,0
DA:2341,3
DA:2344,10
DA:2347,14
DA:2348,14
DA:2349,0
DA:2353,14
DA:2354,0
DA:2359,0
DA:2369,73
DA:2370,73
DA:2371,73
DA:2372,73
DA:2375,73
DA:2376,169
DA:2378,169
DA:2379,12
DA:2380,12
DA:2382,12
DA:2383,12
DA:2385,0
DA:2388,12
DA:2389,4
DA:2393,169
DA:2394,2
DA:2400,73
DA:2401,9
DA:2405,9
DA:2407,9
DA:2409,9
DA:2410,1
DA:2413,8
DA:2416,3
DA:2418,0
DA:2420,1
DA:2422,4
DA:2424,0
DA:2428,73
DA:2429,167
DA:2430,167
DA:2434,167
DA:2436,167
DA:2439,73
DA:2443,7
DA:2444,7
DA:2445,7
DA:2446,7
DA:2450,73
DA:2454,160
DA:2455,160
DA:2456,160
DA:2457,160
DA:2461,73
DA:2464,7
DA:2465,7
DA:2468,7
DA:2469,7
DA:2472,7
DA:2474,7
DA:2475,7
DA:2476,7
DA:2477,7
DA:2481,73
DA:2485,32
DA:2486,32
DA:2487,32
DA:2488,32
DA:2493,73
DA:2494,17
DA:2498,17
DA:2500,17
DA:2502,17
DA:2504,2
DA:2507,16
DA:2512,73
DA:2513,9
DA:2517,9
DA:2519,9
DA:2521,9
DA:2522,9
DA:2527,73
DA:2529,56
DA:2530,56
DA:2531,56
DA:2534,161
DA:2536,161
DA:2540,161
DA:2544,9
DA:2545,9
DA:2550,9
DA:2551,9
DA:2552,9
DA:2557,161
DA:2558,160
DA:2560,160
DA:2564,160
DA:2565,160
DA:2572,2
DA:2573,2
DA:2574,2
DA:2575,5
DA:2579,37
DA:2580,37
DA:2584,37
DA:2585,37
DA:2586,37
DA:2587,37
DA:2588,37
DA:2590,37
DA:2597,8
DA:2598,8
DA:2600,7
DA:2604,7
DA:2605,7
DA:2612,2
DA:2613,2
DA:2614,2
DA:2615,4
DA:2619,32
DA:2620,32
DA:2624,32
DA:2625,32
DA:2634,2
DA:2635,2
DA:2636,2
DA:2637,2
DA:2643,1
DA:2644,1
DA:2645,1
DA:2646,1
DA:2647,1
DA:2648,1
DA:2649,1
DA:2652,1
DA:2655,1
DA:2658,17
DA:2659,17
DA:2663,17
DA:2664,17
DA:2665,17
DA:2666,17
DA:2667,17
DA:2669,17
DA:2676,2
DA:2677,2
DA:2681,2
DA:2682,2
DA:2683,2
DA:2684,2
DA:2685,2
DA:2689,2
DA:2693,2
DA:2695,2
DA:2702,11
DA:2703,11
DA:2707,11
DA:2708,2
DA:2713,9
DA:2714,9
DA:2715,9
DA:2716,9
DA:2717,9
DA:2721,9
DA:2723,9
DA:2733,4
DA:2734,4
DA:2738,4
DA:2739,1
DA:2744,3
DA:2745,3
DA:2746,3
DA:2747,3
DA:2748,3
DA:2752,3
DA:2754,3
DA:2761,3
DA:2762,3
DA:2766,3
DA:2767,3
DA:2768,3
DA:2769,3
DA:2770,3
DA:2772,3
DA:2779,2
DA:2780,2
DA:2784,2
DA:2785,2
DA:2786,2
DA:2787,2
DA:2788,2
DA:2792,2
DA:2794,2
DA:2801,20
DA:2802,20
DA:2806,20
DA:2807,20
DA:2808,20
DA:2809,20
DA:2810,20
DA:2812,20
DA:2828,296
DA:2829,1
DA:2832,295
DA:2834,295
DA:2835,295
DA:2837,295
DA:2845,4
DA:2846,0
DA:2849,4
DA:2850,4
DA:2851,18
DA:2852,10
DA:2853,0
DA:2858,10
DA:2861,4
DA:2862,4
DA:2864,4
DA:2865,4
DA:2866,4
DA:2867,2
DA:2868,2
DA:2869,2
DA:2872,0
DA:2874,4
DA:2875,0
DA:2876,0
DA:2877,0
DA:2880,0
DA:2884,4
DA:2887,4
DA:2888,18
DA:2889,10
DA:2890,10
DA:2897,4
DA:2898,2
DA:2899,2
DA:2902,2
DA:2905,4
DA:2906,2
DA:2907,2
DA:2908,2
DA:2913,2
DA:2916,4
DA:2950,2
DA:2953,2
DA:2984,2
DA:2985,6
DA:2989,2
DA:2990,2
DA:2991,1
DA:2992,1
DA:2994,1
DA:2995,1
DA:3009,7
DA:3010,1
DA:3011,1
DA:3014,7
DA:3015,7
DA:3016,7
DA:3026,1
DA:3036,1
DA:3047,1
DA:3048,1
DA:3049,4
DA:3050,4
DA:3052,1
DA:3062,14
DA:3063,5
DA:3068,13
DA:3069,13
DA:3070,13
DA:3071,13
DA:3072,13
DA:3073,13
DA:3074,13
DA:3076,13
LF:705
LH:600
BRDA:561,0,0,1
BRDA:561,0,1,51
BRDA:611,1,0,1
BRDA:611,1,1,0
BRDA:611,2,0,1
BRDA:611,2,1,1
BRDA:613,3,0,1
BRDA:613,3,1,0
BRDA:646,4,0,40
BRDA:646,4,1,12
BRDA:653,5,0,0
BRDA:653,5,1,0
BRDA:798,6,0,0
BRDA:879,7,0,0
BRDA:879,7,1,56
BRDA:887,8,0,54
BRDA:887,8,1,0
BRDA:887,9,0,54
BRDA:887,9,1,54
BRDA:894,10,0,50
BRDA:894,10,1,6
BRDA:898,11,0,2
BRDA:898,11,1,4
BRDA:906,12,0,4
BRDA:906,12,1,0
BRDA:906,13,0,4
BRDA:906,13,1,4
BRDA:908,14,0,0
BRDA:908,14,1,0
BRDA:910,15,0,0
BRDA:910,15,1,0
BRDA:914,16,0,4
BRDA:914,16,1,0
BRDA:919,17,0,4
BRDA:919,17,1,229
BRDA:924,18,0,102
BRDA:924,18,1,15
BRDA:924,18,2,32
BRDA:924,18,3,10
BRDA:924,18,4,26
BRDA:924,18,5,4
BRDA:924,18,6,4
BRDA:924,18,7,8
BRDA:924,18,8,4
BRDA:924,18,9,4
BRDA:924,18,10,4
BRDA:924,18,11,4
BRDA:924,18,12,4
BRDA:924,18,13,4
BRDA:924,18,14,4
BRDA:937,19,0,4
BRDA:937,19,1,4
BRDA:941,20,0,4
BRDA:941,20,1,4
BRDA:944,21,0,4
BRDA:944,21,1,4
BRDA:948,22,0,4
BRDA:948,22,1,4
BRDA:951,23,0,4
BRDA:951,23,1,0
BRDA:954,24,0,4
BRDA:954,24,1,4
BRDA:958,25,0,4
BRDA:958,25,1,3
BRDA:962,26,0,4
BRDA:962,26,1,4
BRDA:965,27,0,4
BRDA:965,27,1,4
BRDA:967,28,0,4
BRDA:967,28,1,4
BRDA:970,29,0,4
BRDA:970,29,1,4
BRDA:970,29,2,4
BRDA:976,30,0,4
BRDA:976,30,1,4
BRDA:976,30,2,4
BRDA:985,31,0,62
BRDA:985,31,1,177
BRDA:995,32,0,8
BRDA:995,32,1,48
BRDA:995,33,0,8
BRDA:995,33,1,3
BRDA:995,34,0,48
BRDA:995,34,1,29
BRDA:1011,35,0,39
BRDA:1011,35,1,10
BRDA:1018,36,0,9
BRDA:1018,36,1,31
BRDA:1018,37,0,6
BRDA:1018,37,1,3
BRDA:1019,38,0,31
BRDA:1019,38,1,0
BRDA:1019,39,0,13
BRDA:1019,39,1,18
BRDA:1027,40,0,5
BRDA:1027,40,1,44
BRDA:1030,41,0,7
BRDA:1030,41,1,42
BRDA:1042,42,0,4
BRDA:1042,42,1,0
BRDA:1057,43,0,1
BRDA:1057,43,1,3
BRDA:1057,44,0,4
BRDA:1057,44,1,4
BRDA:1062,45,0,2
BRDA:1062,45,1,2
BRDA:1063,46,0,2
BRDA:1063,46,1,0
BRDA:1104,47,0,1
BRDA:1104,47,1,0
BRDA:1122,48,0,4
BRDA:1122,48,1,0
BRDA:1138,49,0,0
BRDA:1138,49,1,1
BRDA:1143,50,0,4
BRDA:1143,50,1,0
BRDA:1158,51,0,0
BRDA:1158,51,1,1
BRDA:1163,52,0,1
BRDA:1163,52,1,2
BRDA:1176,53,0,0
BRDA:1176,53,1,1
BRDA:1181,54,0,2
BRDA:1181,54,1,1
BRDA:1331,55,0,0
BRDA:1331,55,1,0
BRDA:1331,56,0,0
BRDA:1331,56,1,0
BRDA:1331,57,0,0
BRDA:1331,57,1,0
BRDA:1331,58,0,0
BRDA:1331,58,1,0
BRDA:1356,59,0,4
BRDA:1356,59,1,0
BRDA:1356,60,0,4
BRDA:1356,60,1,4
BRDA:1356,61,0,0
BRDA:1356,61,1,4
BRDA:1356,62,0,4
BRDA:1356,62,1,4
BRDA:1479,63,0,32
BRDA:1479,63,1,31
BRDA:1560,64,0,20
BRDA:1560,64,1,13
BRDA:1605,65,0,3
BRDA:1605,65,1,1
BRDA:1643,66,0,0
BRDA:1643,66,1,2
BRDA:1643,67,0,2
BRDA:1643,67,1,2
BRDA:1649,68,0,0
BRDA:1649,68,1,2
BRDA:1649,69,0,2
BRDA:1649,69,1,2
BRDA:1650,70,0,0
BRDA:1650,70,1,2
BRDA:1650,71,0,2
BRDA:1650,71,1,2
BRDA:1704,72,0,20
BRDA:1710,73,0,1
BRDA:1710,73,1,31
BRDA:1717,74,0,31
BRDA:1717,74,1,2
BRDA:1718,75,0,1
BRDA:1718,75,1,30
BRDA:1724,76,0,30
BRDA:1724,76,1,18
BRDA:2020,77,0,42
BRDA:2002,78,0,457
BRDA:2002,78,1,0
BRDA:2014,79,0,0
BRDA:2014,79,1,0
BRDA:2023,80,0,2
BRDA:2023,80,1,40
BRDA:2033,81,0,55
BRDA:2033,81,1,2
BRDA:2033,82,0,55
BRDA:2033,82,1,2
BRDA:2033,83,0,57
BRDA:2033,83,1,57
BRDA:2064,84,0,57
BRDA:2064,84,1,0
BRDA:2112,85,0,39
BRDA:2112,85,1,0
BRDA:2124,86,0,56
BRDA:2124,86,1,22
BRDA:2125,87,0,56
BRDA:2125,87,1,0
BRDA:2130,88,0,56
BRDA:2130,88,1,0
BRDA:2131,89,0,56
BRDA:2131,89,1,0
BRDA:2139,90,0,56
BRDA:2139,90,1,0
BRDA:2143,91,0,1
BRDA:2143,91,1,55
BRDA:2143,92,0,50
BRDA:2143,92,1,6
BRDA:2143,93,0,56
BRDA:2143,93,1,56
BRDA:2152,94,0,0
BRDA:2152,94,1,79
BRDA:2156,95,0,0
BRDA:2156,95,1,79
BRDA:2158,96,0,3
BRDA:2158,96,1,76
BRDA:2158,97,0,79
BRDA:2158,97,1,79
BRDA:2160,98,0,79
BRDA:2160,98,1,0
BRDA:2170,99,0,0
BRDA:2170,99,1,0
BRDA:2175,100,0,0
BRDA:2175,100,1,0
BRDA:2179,101,0,0
BRDA:2179,101,1,0
BRDA:2181,102,0,0
BRDA:2181,102,1,0
BRDA:2181,103,0,0
BRDA:2181,103,1,0
BRDA:2183,104,0,0
BRDA:2183,104,1,0
BRDA:2197,105,0,56
BRDA:2197,105,1,0
BRDA:2238,106,0,38
BRDA:2238,106,1,1
BRDA:2262,107,0,38
BRDA:2262,107,1,1
BRDA:2262,108,0,39
BRDA:2262,108,1,1
BRDA:2262,108,2,1
BRDA:2277,109,0,0
BRDA:2277,109,1,7
BRDA:2278,110,0,7
BRDA:2278,110,1,7
BRDA:2278,110,2,7
BRDA:2303,111,0,0
BRDA:2303,111,1,14
BRDA:2316,112,0,14
BRDA:2316,112,1,13
BRDA:2321,113,0,0
BRDA:2321,113,1,13
BRDA:2321,114,0,13
BRDA:2321,114,1,13
BRDA:2328,115,0,3
BRDA:2328,115,1,10
BRDA:2328,116,0,13
BRDA:2328,116,1,13
BRDA:2338,117,0,0
BRDA:2338,117,1,0
BRDA:2338,118,0,0
BRDA:2338,118,1,0
BRDA:2350,119,0,0
BRDA:2350,119,1,0
BRDA:2350,120,0,0
BRDA:2350,120,1,0
BRDA:2355,121,0,0
BRDA:2355,121,1,0
BRDA:2355,122,0,0
BRDA:2355,122,1,0
BRDA:2372,123,0,73
BRDA:2372,123,1,70
BRDA:2388,124,0,4
BRDA:2388,124,1,8
BRDA:2393,125,0,2
BRDA:2393,125,1,167
BRDA:2405,126,0,0
BRDA:2405,126,1,9
BRDA:2405,127,0,0
BRDA:2405,127,1,9
BRDA:2405,128,0,9
BRDA:2405,128,1,9
BRDA:2405,129,0,0
BRDA:2405,129,1,9
BRDA:2405,130,0,9
BRDA:2405,130,1,9
BRDA:2409,131,0,1
BRDA:2409,131,1,8
BRDA:2413,132,0,3
BRDA:2413,132,1,3
BRDA:2413,132,2,0
BRDA:2413,132,3,1
BRDA:2413,132,4,4
BRDA:2413,132,5,0
BRDA:2430,133,0,7
BRDA:2430,133,1,160
BRDA:2435,134,0,7
BRDA:2435,134,1,160
BRDA:2468,135,0,7
BRDA:2468,135,1,0
BRDA:2468,136,0,7
BRDA:2468,136,1,7
BRDA:2498,137,0,0
BRDA:2498,137,1,17
BRDA:2502,138,0,1
BRDA:2502,138,1,16
BRDA:2517,139,0,0
BRDA:2517,139,1,9
BRDA:2521,140,0,9
BRDA:2521,140,1,0
BRDA:2529,141,0,0
BRDA:2529,141,1,56
BRDA:2540,142,0,9
BRDA:2540,142,1,152
BRDA:2541,143,0,161
BRDA:2541,143,1,9
BRDA:2541,144,0,150
BRDA:2541,144,1,11
BRDA:2541,145,0,161
BRDA:2541,145,1,161
BRDA:2541,146,0,0
BRDA:2541,146,1,161
BRDA:2541,147,0,161
BRDA:2541,147,1,161
BRDA:2545,148,0,9
BRDA:2545,148,1,0
BRDA:2546,149,0,9
BRDA:2546,149,1,0
BRDA:2546,149,2,0
BRDA:2551,150,0,9
BRDA:2551,150,1,0
BRDA:2646,151,0,1
BRDA:2646,151,1,0
BRDA:2646,152,0,1
BRDA:2646,152,1,1
BRDA:2652,153,0,1
BRDA:2652,153,1,1
BRDA:2707,154,0,2
BRDA:2707,154,1,9
BRDA:2738,155,0,1
BRDA:2738,155,1,3
BRDA:2828,156,0,1
BRDA:2828,156,1,295
BRDA:2828,157,0,296
BRDA:2828,157,1,1
BRDA:2834,158,0,9
BRDA:2834,158,1,286
BRDA:2834,159,0,295
BRDA:2834,159,1,295
BRDA:2845,160,0,0
BRDA:2845,160,1,4
BRDA:2852,161,0,0
BRDA:2852,161,1,10
BRDA:2867,162,0,2
BRDA:2867,162,1,0
BRDA:2872,163,0,0
BRDA:2872,163,1,0
BRDA:2872,164,0,0
BRDA:2872,164,1,0
BRDA:2875,165,0,0
BRDA:2875,165,1,0
BRDA:2880,166,0,0
BRDA:2880,166,1,0
BRDA:2880,167,0,0
BRDA:2880,167,1,0
BRDA:2889,168,0,10
BRDA:2889,168,1,0
BRDA:2898,169,0,2
BRDA:2898,169,1,0
BRDA:2951,170,0,0
BRDA:3009,171,0,1
BRDA:3009,171,1,6
BRDA:3014,172,0,7
BRDA:3014,172,1,0
BRDA:3049,173,0,4
BRDA:3049,173,1,0
BRDA:3063,174,0,4
BRDA:3063,174,1,1
BRDA:3063,175,0,4
BRDA:3063,175,1,0
BRF:370
BRH:259
end_of_record
